TB is not running on a GPU.
start training
create_train_state is not running on a GPU.
decoder mask depends on  (3392, 81)
inside singleheadselfatt: inputs are dimension  (3392, 81, 80)
shape of attention is  (3392, 81, 80)
residual connection is adding inputs of shape  (3392, 81, 80)  to x of shape  (3392, 81, 80)
decoder mask depends on  (3392, 81)
inside singleheadselfatt: inputs are dimension  (3392, 81, 80)
shape of attention is  (3392, 81, 80)
residual connection is adding inputs of shape  (3392, 81, 80)  to x of shape  (3392, 81, 80)
decoder mask depends on  (33920, 81)
inside singleheadselfatt: inputs are dimension  (33920, 81, 80)
shape of attention is  (33920, 81, 80)
residual connection is adding inputs of shape  (33920, 81, 80)  to x of shape  (33920, 81, 80)
decoder mask depends on  (3392, 81)
inside singleheadselfatt: inputs are dimension  (3392, 81, 80)
shape of attention is  (3392, 81, 80)
residual connection is adding inputs of shape  (3392, 81, 80)  to x of shape  (3392, 81, 80)
decoder mask depends on  (33920, 81)
inside singleheadselfatt: inputs are dimension  (33920, 81, 80)
shape of attention is  (33920, 81, 80)
residual connection is adding inputs of shape  (33920, 81, 80)  to x of shape  (33920, 81, 80)
ITER 1000:  loss=1.0228   l1_loss=0.0000  acc=0.0000
ITER 2000:  loss=1.0605   l1_loss=0.0000  acc=0.0000
ITER 3000:  loss=1.1177   l1_loss=0.0000  acc=0.0000
ITER 4000:  loss=1.1916   l1_loss=0.0000  acc=0.0000
ITER 5000:  loss=1.2611   l1_loss=0.0000  acc=0.0000
ITER 6000:  loss=1.3302   l1_loss=0.0000  acc=0.0000
ITER 7000:  loss=1.3875   l1_loss=0.0000  acc=0.0000
ITER 8000:  loss=1.4384   l1_loss=0.0000  acc=0.0000
ITER 9000:  loss=1.4753   l1_loss=0.0000  acc=0.0000
ITER 10000:  loss=1.5101   l1_loss=0.0000  acc=0.0000
ITER 11000:  loss=1.5268   l1_loss=0.0000  acc=0.0000
ITER 12000:  loss=1.5505   l1_loss=0.0000  acc=0.0000
ITER 13000:  loss=1.5762   l1_loss=0.0000  acc=0.0000
ITER 14000:  loss=1.5822   l1_loss=0.0000  acc=0.0000
ITER 15000:  loss=1.5978   l1_loss=0.0000  acc=0.0000
ITER 16000:  loss=1.6058   l1_loss=0.0000  acc=0.0000
ITER 17000:  loss=1.6253   l1_loss=0.0000  acc=0.0000
ITER 18000:  loss=1.6289   l1_loss=0.0000  acc=0.0000
ITER 19000:  loss=1.6450   l1_loss=0.0000  acc=0.0000
ITER 20000:  loss=1.6514   l1_loss=0.0000  acc=0.0000
decoder mask depends on  (33920, 81)
inside singleheadselfatt: inputs are dimension  (33920, 81, 80)
