TB is not running on a GPU.
start training
create_train_state is not running on a GPU.
decoder mask depends on  (3904, 81)
inside singleheadselfatt: inputs are dimension  (3904, 81, 80)
shape of attention is  (3904, 81, 80)
residual connection is adding inputs of shape  (3904, 81, 80)  to x of shape  (3904, 81, 80)
decoder mask depends on  (3904, 81)
inside singleheadselfatt: inputs are dimension  (3904, 81, 80)
shape of attention is  (3904, 81, 80)
residual connection is adding inputs of shape  (3904, 81, 80)  to x of shape  (3904, 81, 80)
decoder mask depends on  (39040, 81)
inside singleheadselfatt: inputs are dimension  (39040, 81, 80)
shape of attention is  (39040, 81, 80)
residual connection is adding inputs of shape  (39040, 81, 80)  to x of shape  (39040, 81, 80)
decoder mask depends on  (3904, 81)
inside singleheadselfatt: inputs are dimension  (3904, 81, 80)
shape of attention is  (3904, 81, 80)
residual connection is adding inputs of shape  (3904, 81, 80)  to x of shape  (3904, 81, 80)
decoder mask depends on  (39040, 81)
inside singleheadselfatt: inputs are dimension  (39040, 81, 80)
shape of attention is  (39040, 81, 80)
residual connection is adding inputs of shape  (39040, 81, 80)  to x of shape  (39040, 81, 80)
ITER 1000:  loss=1.0195   l1_loss=0.0000  acc=0.0000
ITER 2000:  loss=1.0488   l1_loss=0.0000  acc=0.0000
ITER 3000:  loss=1.0986   l1_loss=0.0000  acc=0.0000
ITER 4000:  loss=1.1678   l1_loss=0.0000  acc=0.0000
ITER 5000:  loss=1.2343   l1_loss=0.0000  acc=0.0000
ITER 6000:  loss=1.2668   l1_loss=0.0000  acc=0.0000
ITER 7000:  loss=1.2913   l1_loss=0.0000  acc=0.0000
ITER 8000:  loss=1.3062   l1_loss=0.0000  acc=0.0000
ITER 9000:  loss=1.3180   l1_loss=0.0000  acc=0.0000
ITER 10000:  loss=1.3244   l1_loss=0.0000  acc=0.0000
ITER 11000:  loss=1.3379   l1_loss=0.0000  acc=0.0000
ITER 12000:  loss=1.3474   l1_loss=0.0000  acc=0.0000
ITER 13000:  loss=1.3554   l1_loss=0.0000  acc=0.0000
ITER 14000:  loss=1.3614   l1_loss=0.0000  acc=0.0000
ITER 15000:  loss=1.3683   l1_loss=0.0000  acc=0.0000
ITER 16000:  loss=1.3755   l1_loss=0.0000  acc=0.0000
ITER 17000:  loss=1.3771   l1_loss=0.0000  acc=0.0000
ITER 18000:  loss=1.3699   l1_loss=0.0000  acc=0.0000
ITER 19000:  loss=1.3853   l1_loss=0.0000  acc=0.0000
ITER 20000:  loss=1.3904   l1_loss=0.0000  acc=0.0000
decoder mask depends on  (39040, 81)
inside singleheadselfatt: inputs are dimension  (39040, 81, 80)
