TB is not running on a GPU.
start training
create_train_state is not running on a GPU.
decoder mask depends on  (3648, 81)
inside singleheadselfatt: inputs are dimension  (3648, 81, 80)
shape of attention is  (3648, 81, 80)
residual connection is adding inputs of shape  (3648, 81, 80)  to x of shape  (3648, 81, 80)
decoder mask depends on  (3648, 81)
inside singleheadselfatt: inputs are dimension  (3648, 81, 80)
shape of attention is  (3648, 81, 80)
residual connection is adding inputs of shape  (3648, 81, 80)  to x of shape  (3648, 81, 80)
decoder mask depends on  (36480, 81)
inside singleheadselfatt: inputs are dimension  (36480, 81, 80)
shape of attention is  (36480, 81, 80)
residual connection is adding inputs of shape  (36480, 81, 80)  to x of shape  (36480, 81, 80)
decoder mask depends on  (3648, 81)
inside singleheadselfatt: inputs are dimension  (3648, 81, 80)
shape of attention is  (3648, 81, 80)
residual connection is adding inputs of shape  (3648, 81, 80)  to x of shape  (3648, 81, 80)
decoder mask depends on  (36480, 81)
inside singleheadselfatt: inputs are dimension  (36480, 81, 80)
shape of attention is  (36480, 81, 80)
residual connection is adding inputs of shape  (36480, 81, 80)  to x of shape  (36480, 81, 80)
ITER 1000:  loss=1.0239   l1_loss=0.0000  acc=0.0000
ITER 2000:  loss=1.0556   l1_loss=0.0000  acc=0.0000
ITER 3000:  loss=1.1162   l1_loss=0.0000  acc=0.0000
ITER 4000:  loss=1.1557   l1_loss=0.0000  acc=0.0000
ITER 5000:  loss=1.1665   l1_loss=0.0000  acc=0.0000
ITER 6000:  loss=1.1716   l1_loss=0.0000  acc=0.0000
ITER 7000:  loss=1.1793   l1_loss=0.0000  acc=0.0000
ITER 8000:  loss=1.1833   l1_loss=0.0000  acc=0.0000
ITER 9000:  loss=1.1836   l1_loss=0.0000  acc=0.0000
ITER 10000:  loss=1.1858   l1_loss=0.0000  acc=0.0000
ITER 11000:  loss=1.1864   l1_loss=0.0000  acc=0.0000
ITER 12000:  loss=1.1899   l1_loss=0.0000  acc=0.0000
ITER 13000:  loss=1.1900   l1_loss=0.0000  acc=0.0000
ITER 14000:  loss=1.1922   l1_loss=0.0000  acc=0.0000
ITER 15000:  loss=1.1965   l1_loss=0.0000  acc=0.0000
ITER 16000:  loss=1.1985   l1_loss=0.0000  acc=0.0000
ITER 17000:  loss=1.2009   l1_loss=0.0000  acc=0.0000
ITER 18000:  loss=1.2046   l1_loss=0.0000  acc=0.0000
ITER 19000:  loss=1.2079   l1_loss=0.0000  acc=0.0000
ITER 20000:  loss=1.2056   l1_loss=0.0000  acc=0.0000
decoder mask depends on  (36480, 81)
inside singleheadselfatt: inputs are dimension  (36480, 81, 80)
