mkdir: cannot create directory ‘resultsdump/job_80finish’: File exists
mkdir: cannot create directory ‘resultsdump/job_80finish/pickles’: File exists
2024-07-12 18:51:54.620118: W external/tsl/tsl/framework/bfc_allocator.cc:296] Allocator (GPU_0_bfc) ran out of memory trying to allocate 838.66MiB with freed_by_count=0. The caller indicates that this is not a failure, but this may mean that there could be performance gains if more memory were available.
Traceback (most recent call last):
  File "/n/holyscratch01/pehlevan_lab/Lab/mletey/icl-asymptotic/Nonlinear/experiment/remote/softmax_error_curves/run.py", line 38, in <module>
    logits = state.apply_fn({'params': state.params}, xs); # runs xs through transformer and makes predictions
             ^^^^^^^^^^^^^^^^^^^^^^^^^^^^^^^^^^^^^^^^^^^^
  File "/n/holyscratch01/pehlevan_lab/Lab/mletey/icl-asymptotic/Nonlinear/experiment/remote/softmax_error_curves/../../../model/transformer.py", line 302, in __call__
    y = TransformerBlock(
        ^^^^^^^^^^^^^^^^^
  File "/n/holyscratch01/pehlevan_lab/Lab/mletey/icl-asymptotic/Nonlinear/experiment/remote/softmax_error_curves/../../../model/transformer.py", line 188, in __call__
    x = SingleHeadSelfAttention(self.config)(inputs, decoder_mask, idxs=idxs)
        ^^^^^^^^^^^^^^^^^^^^^^^^^^^^^^^^^^^^^^^^^^^^^^^^^^^^^^^^^^^^^^^^^^^^^
  File "/n/holyscratch01/pehlevan_lab/Lab/mletey/icl-asymptotic/Nonlinear/experiment/remote/softmax_error_curves/../../../model/transformer.py", line 123, in __call__
    attn_out = attn_weights @ value
               ~~~~~~~~~~~~~^~~~~~~
  File "/n/home05/mletey/.conda/envs/try4/lib/python3.12/site-packages/jax/_src/numpy/array_methods.py", line 271, in deferring_binary_op
    return binary_op(*args)
           ^^^^^^^^^^^^^^^^
jaxlib.xla_extension.XlaRuntimeError: RESOURCE_EXHAUSTED: Out of memory while trying to allocate 879394816 bytes.
--------------------
For simplicity, JAX has removed its internal frames from the traceback of the following exception. Set JAX_TRACEBACK_FILTERING=off to include these.
