TB is not running on a GPU.
start training
create_train_state is not running on a GPU.
decoder mask depends on  (3776, 81)
inside singleheadselfatt: inputs are dimension  (3776, 81, 80)
shape of attention is  (3776, 81, 80)
residual connection is adding inputs of shape  (3776, 81, 80)  to x of shape  (3776, 81, 80)
decoder mask depends on  (3776, 81)
inside singleheadselfatt: inputs are dimension  (3776, 81, 80)
shape of attention is  (3776, 81, 80)
residual connection is adding inputs of shape  (3776, 81, 80)  to x of shape  (3776, 81, 80)
decoder mask depends on  (37760, 81)
inside singleheadselfatt: inputs are dimension  (37760, 81, 80)
shape of attention is  (37760, 81, 80)
residual connection is adding inputs of shape  (37760, 81, 80)  to x of shape  (37760, 81, 80)
decoder mask depends on  (3776, 81)
inside singleheadselfatt: inputs are dimension  (3776, 81, 80)
shape of attention is  (3776, 81, 80)
residual connection is adding inputs of shape  (3776, 81, 80)  to x of shape  (3776, 81, 80)
decoder mask depends on  (37760, 81)
inside singleheadselfatt: inputs are dimension  (37760, 81, 80)
shape of attention is  (37760, 81, 80)
residual connection is adding inputs of shape  (37760, 81, 80)  to x of shape  (37760, 81, 80)
ITER 1000:  loss=1.0212   l1_loss=0.0000  acc=0.0000
ITER 2000:  loss=1.0508   l1_loss=0.0000  acc=0.0000
ITER 3000:  loss=1.0810   l1_loss=0.0000  acc=0.0000
ITER 4000:  loss=1.1377   l1_loss=0.0000  acc=0.0000
ITER 5000:  loss=1.2014   l1_loss=0.0000  acc=0.0000
ITER 6000:  loss=1.2557   l1_loss=0.0000  acc=0.0000
ITER 7000:  loss=1.3161   l1_loss=0.0000  acc=0.0000
ITER 8000:  loss=1.3713   l1_loss=0.0000  acc=0.0000
ITER 9000:  loss=1.4188   l1_loss=0.0000  acc=0.0000
ITER 10000:  loss=1.4673   l1_loss=0.0000  acc=0.0000
ITER 11000:  loss=1.5068   l1_loss=0.0000  acc=0.0000
ITER 12000:  loss=1.5356   l1_loss=0.0000  acc=0.0000
ITER 13000:  loss=1.5725   l1_loss=0.0000  acc=0.0000
ITER 14000:  loss=1.5978   l1_loss=0.0000  acc=0.0000
ITER 15000:  loss=1.6169   l1_loss=0.0000  acc=0.0000
ITER 16000:  loss=1.6290   l1_loss=0.0000  acc=0.0000
ITER 17000:  loss=1.6474   l1_loss=0.0000  acc=0.0000
ITER 18000:  loss=1.6681   l1_loss=0.0000  acc=0.0000
ITER 19000:  loss=1.6812   l1_loss=0.0000  acc=0.0000
ITER 20000:  loss=1.6854   l1_loss=0.0000  acc=0.0000
decoder mask depends on  (37760, 81)
inside singleheadselfatt: inputs are dimension  (37760, 81, 80)
