TB is not running on a GPU.
start training
create_train_state is not running on a GPU.
decoder mask depends on  (3712, 81)
inside singleheadselfatt: inputs are dimension  (3712, 81, 80)
shape of attention is  (3712, 81, 80)
residual connection is adding inputs of shape  (3712, 81, 80)  to x of shape  (3712, 81, 80)
decoder mask depends on  (3712, 81)
inside singleheadselfatt: inputs are dimension  (3712, 81, 80)
shape of attention is  (3712, 81, 80)
residual connection is adding inputs of shape  (3712, 81, 80)  to x of shape  (3712, 81, 80)
decoder mask depends on  (37120, 81)
inside singleheadselfatt: inputs are dimension  (37120, 81, 80)
shape of attention is  (37120, 81, 80)
residual connection is adding inputs of shape  (37120, 81, 80)  to x of shape  (37120, 81, 80)
decoder mask depends on  (3712, 81)
inside singleheadselfatt: inputs are dimension  (3712, 81, 80)
shape of attention is  (3712, 81, 80)
residual connection is adding inputs of shape  (3712, 81, 80)  to x of shape  (3712, 81, 80)
decoder mask depends on  (37120, 81)
inside singleheadselfatt: inputs are dimension  (37120, 81, 80)
shape of attention is  (37120, 81, 80)
residual connection is adding inputs of shape  (37120, 81, 80)  to x of shape  (37120, 81, 80)
ITER 1000:  loss=1.0242   l1_loss=0.0000  acc=0.0000
ITER 2000:  loss=1.0472   l1_loss=0.0000  acc=0.0000
ITER 3000:  loss=1.0759   l1_loss=0.0000  acc=0.0000
ITER 4000:  loss=1.0994   l1_loss=0.0000  acc=0.0000
ITER 5000:  loss=1.1127   l1_loss=0.0000  acc=0.0000
ITER 6000:  loss=1.1234   l1_loss=0.0000  acc=0.0000
ITER 7000:  loss=1.1299   l1_loss=0.0000  acc=0.0000
ITER 8000:  loss=1.1355   l1_loss=0.0000  acc=0.0000
ITER 9000:  loss=1.1421   l1_loss=0.0000  acc=0.0000
ITER 10000:  loss=1.1449   l1_loss=0.0000  acc=0.0000
ITER 11000:  loss=1.1495   l1_loss=0.0000  acc=0.0000
ITER 12000:  loss=1.1526   l1_loss=0.0000  acc=0.0000
ITER 13000:  loss=1.1534   l1_loss=0.0000  acc=0.0000
ITER 14000:  loss=1.1573   l1_loss=0.0000  acc=0.0000
ITER 15000:  loss=1.1625   l1_loss=0.0000  acc=0.0000
ITER 16000:  loss=1.1667   l1_loss=0.0000  acc=0.0000
ITER 17000:  loss=1.1706   l1_loss=0.0000  acc=0.0000
ITER 18000:  loss=1.1714   l1_loss=0.0000  acc=0.0000
ITER 19000:  loss=1.1794   l1_loss=0.0000  acc=0.0000
ITER 20000:  loss=1.1883   l1_loss=0.0000  acc=0.0000
decoder mask depends on  (37120, 81)
inside singleheadselfatt: inputs are dimension  (37120, 81, 80)
