d  100
alpha 0.2
kappa 0.5
lambda 1e-08
iteration  0
iteration  0  icl  [1.233599682460194]
iteration  0  idg  [1.1198152923021008]
iteration  1
iteration  1  icl  [1.233599682460194, 1.2244460805302324]
iteration  1  idg  [1.1198152923021008, 1.116636250600073]
iteration  2
iteration  2  icl  [1.233599682460194, 1.2244460805302324, 1.2107394822856996]
iteration  2  idg  [1.1198152923021008, 1.116636250600073, 1.1118197233591247]
iteration  3
iteration  3  icl  [1.233599682460194, 1.2244460805302324, 1.2107394822856996, 1.226510384005734]
iteration  3  idg  [1.1198152923021008, 1.116636250600073, 1.1118197233591247, 1.111339211567192]
iteration  4
iteration  4  icl  [1.233599682460194, 1.2244460805302324, 1.2107394822856996, 1.226510384005734, 1.2299054924373274]
iteration  4  idg  [1.1198152923021008, 1.116636250600073, 1.1118197233591247, 1.111339211567192, 1.1163397094764456]
iteration  5
iteration  5  icl  [1.233599682460194, 1.2244460805302324, 1.2107394822856996, 1.226510384005734, 1.2299054924373274, 1.2124595505905071]
iteration  5  idg  [1.1198152923021008, 1.116636250600073, 1.1118197233591247, 1.111339211567192, 1.1163397094764456, 1.1004389505522547]
iteration  6
iteration  6  icl  [1.233599682460194, 1.2244460805302324, 1.2107394822856996, 1.226510384005734, 1.2299054924373274, 1.2124595505905071, 1.246581447791858]
iteration  6  idg  [1.1198152923021008, 1.116636250600073, 1.1118197233591247, 1.111339211567192, 1.1163397094764456, 1.1004389505522547, 1.1309637238680499]
iteration  7
iteration  7  icl  [1.233599682460194, 1.2244460805302324, 1.2107394822856996, 1.226510384005734, 1.2299054924373274, 1.2124595505905071, 1.246581447791858, 1.217811692015791]
iteration  7  idg  [1.1198152923021008, 1.116636250600073, 1.1118197233591247, 1.111339211567192, 1.1163397094764456, 1.1004389505522547, 1.1309637238680499, 1.105740632094408]
iteration  8
iteration  8  icl  [1.233599682460194, 1.2244460805302324, 1.2107394822856996, 1.226510384005734, 1.2299054924373274, 1.2124595505905071, 1.246581447791858, 1.217811692015791, 1.2226723607543935]
iteration  8  idg  [1.1198152923021008, 1.116636250600073, 1.1118197233591247, 1.111339211567192, 1.1163397094764456, 1.1004389505522547, 1.1309637238680499, 1.105740632094408, 1.116846352612779]
iteration  9
iteration  9  icl  [1.233599682460194, 1.2244460805302324, 1.2107394822856996, 1.226510384005734, 1.2299054924373274, 1.2124595505905071, 1.246581447791858, 1.217811692015791, 1.2226723607543935, 1.217423001479056]
iteration  9  idg  [1.1198152923021008, 1.116636250600073, 1.1118197233591247, 1.111339211567192, 1.1163397094764456, 1.1004389505522547, 1.1309637238680499, 1.105740632094408, 1.116846352612779, 1.1017020400494304]
iteration  0
iteration  0  icl  [1.7976905261050942]
iteration  0  idg  [1.5769411231463693]
iteration  1
iteration  1  icl  [1.7976905261050942, 1.814449714246049]
iteration  1  idg  [1.5769411231463693, 1.5813494803204868]
iteration  2
iteration  2  icl  [1.7976905261050942, 1.814449714246049, 1.8179931945300816]
iteration  2  idg  [1.5769411231463693, 1.5813494803204868, 1.5745067423306112]
iteration  3
iteration  3  icl  [1.7976905261050942, 1.814449714246049, 1.8179931945300816, 1.856962251093051]
iteration  3  idg  [1.5769411231463693, 1.5813494803204868, 1.5745067423306112, 1.6132924910850421]
iteration  4
iteration  4  icl  [1.7976905261050942, 1.814449714246049, 1.8179931945300816, 1.856962251093051, 1.8420016292803791]
iteration  4  idg  [1.5769411231463693, 1.5813494803204868, 1.5745067423306112, 1.6132924910850421, 1.6010078521226634]
iteration  5
iteration  5  icl  [1.7976905261050942, 1.814449714246049, 1.8179931945300816, 1.856962251093051, 1.8420016292803791, 1.8307433575204837]
iteration  5  idg  [1.5769411231463693, 1.5813494803204868, 1.5745067423306112, 1.6132924910850421, 1.6010078521226634, 1.5850896587792707]
iteration  6
iteration  6  icl  [1.7976905261050942, 1.814449714246049, 1.8179931945300816, 1.856962251093051, 1.8420016292803791, 1.8307433575204837, 1.821871176402615]
iteration  6  idg  [1.5769411231463693, 1.5813494803204868, 1.5745067423306112, 1.6132924910850421, 1.6010078521226634, 1.5850896587792707, 1.5778325968063112]
iteration  7
iteration  7  icl  [1.7976905261050942, 1.814449714246049, 1.8179931945300816, 1.856962251093051, 1.8420016292803791, 1.8307433575204837, 1.821871176402615, 1.8397561445799175]
iteration  7  idg  [1.5769411231463693, 1.5813494803204868, 1.5745067423306112, 1.6132924910850421, 1.6010078521226634, 1.5850896587792707, 1.5778325968063112, 1.60285534756123]
iteration  8
iteration  8  icl  [1.7976905261050942, 1.814449714246049, 1.8179931945300816, 1.856962251093051, 1.8420016292803791, 1.8307433575204837, 1.821871176402615, 1.8397561445799175, 1.8298776140474304]
iteration  8  idg  [1.5769411231463693, 1.5813494803204868, 1.5745067423306112, 1.6132924910850421, 1.6010078521226634, 1.5850896587792707, 1.5778325968063112, 1.60285534756123, 1.5818752427641687]
iteration  9
iteration  9  icl  [1.7976905261050942, 1.814449714246049, 1.8179931945300816, 1.856962251093051, 1.8420016292803791, 1.8307433575204837, 1.821871176402615, 1.8397561445799175, 1.8298776140474304, 1.812408320096619]
iteration  9  idg  [1.5769411231463693, 1.5813494803204868, 1.5745067423306112, 1.6132924910850421, 1.6010078521226634, 1.5850896587792707, 1.5778325968063112, 1.60285534756123, 1.5818752427641687, 1.5671830993904465]
iteration  0
iteration  0  icl  [5.469692995100797]
iteration  0  idg  [5.003851812085721]
iteration  1
iteration  1  icl  [5.469692995100797, 5.37944859491801]
iteration  1  idg  [5.003851812085721, 4.897479390059914]
iteration  2
iteration  2  icl  [5.469692995100797, 5.37944859491801, 5.390527685530306]
iteration  2  idg  [5.003851812085721, 4.897479390059914, 4.905581928105555]
iteration  3
iteration  3  icl  [5.469692995100797, 5.37944859491801, 5.390527685530306, 5.700446792412041]
iteration  3  idg  [5.003851812085721, 4.897479390059914, 4.905581928105555, 5.187859510923435]
iteration  4
iteration  4  icl  [5.469692995100797, 5.37944859491801, 5.390527685530306, 5.700446792412041, 5.4452097980606755]
iteration  4  idg  [5.003851812085721, 4.897479390059914, 4.905581928105555, 5.187859510923435, 4.957388844887712]
iteration  5
iteration  5  icl  [5.469692995100797, 5.37944859491801, 5.390527685530306, 5.700446792412041, 5.4452097980606755, 5.266945285454225]
iteration  5  idg  [5.003851812085721, 4.897479390059914, 4.905581928105555, 5.187859510923435, 4.957388844887712, 4.795836885486272]
iteration  6
iteration  6  icl  [5.469692995100797, 5.37944859491801, 5.390527685530306, 5.700446792412041, 5.4452097980606755, 5.266945285454225, 5.250290869865187]
iteration  6  idg  [5.003851812085721, 4.897479390059914, 4.905581928105555, 5.187859510923435, 4.957388844887712, 4.795836885486272, 4.746205795055421]
iteration  7
iteration  7  icl  [5.469692995100797, 5.37944859491801, 5.390527685530306, 5.700446792412041, 5.4452097980606755, 5.266945285454225, 5.250290869865187, 5.567417230465813]
iteration  7  idg  [5.003851812085721, 4.897479390059914, 4.905581928105555, 5.187859510923435, 4.957388844887712, 4.795836885486272, 4.746205795055421, 5.106364344893681]
iteration  8
iteration  8  icl  [5.469692995100797, 5.37944859491801, 5.390527685530306, 5.700446792412041, 5.4452097980606755, 5.266945285454225, 5.250290869865187, 5.567417230465813, 5.687201832558473]
iteration  8  idg  [5.003851812085721, 4.897479390059914, 4.905581928105555, 5.187859510923435, 4.957388844887712, 4.795836885486272, 4.746205795055421, 5.106364344893681, 5.184736864331071]
iteration  9
iteration  9  icl  [5.469692995100797, 5.37944859491801, 5.390527685530306, 5.700446792412041, 5.4452097980606755, 5.266945285454225, 5.250290869865187, 5.567417230465813, 5.687201832558473, 5.470262401524959]
iteration  9  idg  [5.003851812085721, 4.897479390059914, 4.905581928105555, 5.187859510923435, 4.957388844887712, 4.795836885486272, 4.746205795055421, 5.106364344893681, 5.184736864331071, 4.978891941910827]
iclmean [1.22421492 1.82637539 5.46274435]
iclstd [0.01017511 0.01625053 0.14624619]
idgmean [1.11316419 1.58619336 4.97641973]
idgstd [0.00866209 0.01388616 0.14246663]
