d  100
alpha 0.2
kappa 0.5
lambda 1e-08
iteration  0
iteration  0  icl  [5.452247746282195]
iteration  0  idg  [4.854709542685809]
iteration  1
iteration  1  icl  [5.452247746282195, 5.500498609880917]
iteration  1  idg  [4.854709542685809, 4.861377372522745]
iteration  2
iteration  2  icl  [5.452247746282195, 5.500498609880917, 5.583011821557556]
iteration  2  idg  [4.854709542685809, 4.861377372522745, 4.911323147595656]
iteration  3
iteration  3  icl  [5.452247746282195, 5.500498609880917, 5.583011821557556, 5.38516683612031]
iteration  3  idg  [4.854709542685809, 4.861377372522745, 4.911323147595656, 4.8222923438989325]
iteration  4
iteration  4  icl  [5.452247746282195, 5.500498609880917, 5.583011821557556, 5.38516683612031, 5.1673645630992695]
iteration  4  idg  [4.854709542685809, 4.861377372522745, 4.911323147595656, 4.8222923438989325, 4.604569085475697]
iteration  5
iteration  5  icl  [5.452247746282195, 5.500498609880917, 5.583011821557556, 5.38516683612031, 5.1673645630992695, 5.31948838116642]
iteration  5  idg  [4.854709542685809, 4.861377372522745, 4.911323147595656, 4.8222923438989325, 4.604569085475697, 4.7305846236743925]
iteration  6
iteration  6  icl  [5.452247746282195, 5.500498609880917, 5.583011821557556, 5.38516683612031, 5.1673645630992695, 5.31948838116642, 5.290967504193548]
iteration  6  idg  [4.854709542685809, 4.861377372522745, 4.911323147595656, 4.8222923438989325, 4.604569085475697, 4.7305846236743925, 4.735475652551048]
iteration  7
iteration  7  icl  [5.452247746282195, 5.500498609880917, 5.583011821557556, 5.38516683612031, 5.1673645630992695, 5.31948838116642, 5.290967504193548, 5.105050274819755]
iteration  7  idg  [4.854709542685809, 4.861377372522745, 4.911323147595656, 4.8222923438989325, 4.604569085475697, 4.7305846236743925, 4.735475652551048, 4.518463805239818]
iteration  8
iteration  8  icl  [5.452247746282195, 5.500498609880917, 5.583011821557556, 5.38516683612031, 5.1673645630992695, 5.31948838116642, 5.290967504193548, 5.105050274819755, 5.1748537495605476]
iteration  8  idg  [4.854709542685809, 4.861377372522745, 4.911323147595656, 4.8222923438989325, 4.604569085475697, 4.7305846236743925, 4.735475652551048, 4.518463805239818, 4.64866302500053]
iteration  9
iteration  9  icl  [5.452247746282195, 5.500498609880917, 5.583011821557556, 5.38516683612031, 5.1673645630992695, 5.31948838116642, 5.290967504193548, 5.105050274819755, 5.1748537495605476, 5.266301318132387]
iteration  9  idg  [4.854709542685809, 4.861377372522745, 4.911323147595656, 4.8222923438989325, 4.604569085475697, 4.7305846236743925, 4.735475652551048, 4.518463805239818, 4.64866302500053, 4.693255616760238]
iteration  0
iteration  0  icl  [2.574505619602759]
iteration  0  idg  [2.1090295499396463]
iteration  1
iteration  1  icl  [2.574505619602759, 2.510451084300966]
iteration  1  idg  [2.1090295499396463, 2.068243743341927]
iteration  2
iteration  2  icl  [2.574505619602759, 2.510451084300966, 2.6354447418811433]
iteration  2  idg  [2.1090295499396463, 2.068243743341927, 2.176916991795528]
iteration  3
iteration  3  icl  [2.574505619602759, 2.510451084300966, 2.6354447418811433, 2.602877777636111]
iteration  3  idg  [2.1090295499396463, 2.068243743341927, 2.176916991795528, 2.151198315902077]
iteration  4
iteration  4  icl  [2.574505619602759, 2.510451084300966, 2.6354447418811433, 2.602877777636111, 2.5965555338788877]
iteration  4  idg  [2.1090295499396463, 2.068243743341927, 2.176916991795528, 2.151198315902077, 2.1514950915885382]
iteration  5
iteration  5  icl  [2.574505619602759, 2.510451084300966, 2.6354447418811433, 2.602877777636111, 2.5965555338788877, 2.563906777937544]
iteration  5  idg  [2.1090295499396463, 2.068243743341927, 2.176916991795528, 2.151198315902077, 2.1514950915885382, 2.1149097293616324]
iteration  6
iteration  6  icl  [2.574505619602759, 2.510451084300966, 2.6354447418811433, 2.602877777636111, 2.5965555338788877, 2.563906777937544, 2.6751816051375243]
iteration  6  idg  [2.1090295499396463, 2.068243743341927, 2.176916991795528, 2.151198315902077, 2.1514950915885382, 2.1149097293616324, 2.2206714164479147]
iteration  7
iteration  7  icl  [2.574505619602759, 2.510451084300966, 2.6354447418811433, 2.602877777636111, 2.5965555338788877, 2.563906777937544, 2.6751816051375243, 2.623077839906463]
iteration  7  idg  [2.1090295499396463, 2.068243743341927, 2.176916991795528, 2.151198315902077, 2.1514950915885382, 2.1149097293616324, 2.2206714164479147, 2.1815150003302377]
iteration  8
iteration  8  icl  [2.574505619602759, 2.510451084300966, 2.6354447418811433, 2.602877777636111, 2.5965555338788877, 2.563906777937544, 2.6751816051375243, 2.623077839906463, 2.5742704606217157]
iteration  8  idg  [2.1090295499396463, 2.068243743341927, 2.176916991795528, 2.151198315902077, 2.1514950915885382, 2.1149097293616324, 2.2206714164479147, 2.1815150003302377, 2.1364542653734766]
iteration  9
iteration  9  icl  [2.574505619602759, 2.510451084300966, 2.6354447418811433, 2.602877777636111, 2.5965555338788877, 2.563906777937544, 2.6751816051375243, 2.623077839906463, 2.5742704606217157, 2.5814316076695762]
iteration  9  idg  [2.1090295499396463, 2.068243743341927, 2.176916991795528, 2.151198315902077, 2.1514950915885382, 2.1149097293616324, 2.2206714164479147, 2.1815150003302377, 2.1364542653734766, 2.1330199178000715]
iteration  0
iteration  0  icl  [1.849577099269759]
iteration  0  idg  [1.4187079683917494]
iteration  1
iteration  1  icl  [1.849577099269759, 1.8040075503742994]
iteration  1  idg  [1.4187079683917494, 1.3751105902718601]
iteration  2
iteration  2  icl  [1.849577099269759, 1.8040075503742994, 1.778324696059795]
iteration  2  idg  [1.4187079683917494, 1.3751105902718601, 1.37598405955393]
iteration  3
iteration  3  icl  [1.849577099269759, 1.8040075503742994, 1.778324696059795, 1.7686276237334908]
iteration  3  idg  [1.4187079683917494, 1.3751105902718601, 1.37598405955393, 1.3723754139465283]
iteration  4
iteration  4  icl  [1.849577099269759, 1.8040075503742994, 1.778324696059795, 1.7686276237334908, 1.7677479955457254]
iteration  4  idg  [1.4187079683917494, 1.3751105902718601, 1.37598405955393, 1.3723754139465283, 1.364028332370312]
iteration  5
iteration  5  icl  [1.849577099269759, 1.8040075503742994, 1.778324696059795, 1.7686276237334908, 1.7677479955457254, 1.7727326953032914]
iteration  5  idg  [1.4187079683917494, 1.3751105902718601, 1.37598405955393, 1.3723754139465283, 1.364028332370312, 1.36590987925522]
iteration  6
iteration  6  icl  [1.849577099269759, 1.8040075503742994, 1.778324696059795, 1.7686276237334908, 1.7677479955457254, 1.7727326953032914, 1.7979946652074221]
iteration  6  idg  [1.4187079683917494, 1.3751105902718601, 1.37598405955393, 1.3723754139465283, 1.364028332370312, 1.36590987925522, 1.3851433528628436]
iteration  7
iteration  7  icl  [1.849577099269759, 1.8040075503742994, 1.778324696059795, 1.7686276237334908, 1.7677479955457254, 1.7727326953032914, 1.7979946652074221, 1.801715589153364]
iteration  7  idg  [1.4187079683917494, 1.3751105902718601, 1.37598405955393, 1.3723754139465283, 1.364028332370312, 1.36590987925522, 1.3851433528628436, 1.3857277881943264]
iteration  8
iteration  8  icl  [1.849577099269759, 1.8040075503742994, 1.778324696059795, 1.7686276237334908, 1.7677479955457254, 1.7727326953032914, 1.7979946652074221, 1.801715589153364, 1.7824616197569068]
iteration  8  idg  [1.4187079683917494, 1.3751105902718601, 1.37598405955393, 1.3723754139465283, 1.364028332370312, 1.36590987925522, 1.3851433528628436, 1.3857277881943264, 1.383710127157417]
iteration  9
iteration  9  icl  [1.849577099269759, 1.8040075503742994, 1.778324696059795, 1.7686276237334908, 1.7677479955457254, 1.7727326953032914, 1.7979946652074221, 1.801715589153364, 1.7824616197569068, 1.7651458897596966]
iteration  9  idg  [1.4187079683917494, 1.3751105902718601, 1.37598405955393, 1.3723754139465283, 1.364028332370312, 1.36590987925522, 1.3851433528628436, 1.3857277881943264, 1.383710127157417, 1.3559873954809103]
iclmean [5.32449508 2.5937703  1.78883354]
iclstd [0.14750735 0.04248733 0.02448298]
idgmean [4.73807142 2.1443454  1.37826849]
idgstd [0.11917786 0.04057326 0.01633937]
