d  100
alpha 1.0
kappa 0.5
lambda 1e-08
iteration  0
iteration  0  icl  [3.2915744810181935]
iteration  0  idg  [2.0060989739378687]
iteration  1
iteration  1  icl  [3.2915744810181935, 3.3137060013770676]
iteration  1  idg  [2.0060989739378687, 2.027803200714817]
iteration  2
iteration  2  icl  [3.2915744810181935, 3.3137060013770676, 3.246494705398267]
iteration  2  idg  [2.0060989739378687, 2.027803200714817, 2.0011265075463074]
iteration  3
iteration  3  icl  [3.2915744810181935, 3.3137060013770676, 3.246494705398267, 3.281839264801153]
iteration  3  idg  [2.0060989739378687, 2.027803200714817, 2.0011265075463074, 2.01980670024889]
iteration  4
iteration  4  icl  [3.2915744810181935, 3.3137060013770676, 3.246494705398267, 3.281839264801153, 3.401696818860605]
iteration  4  idg  [2.0060989739378687, 2.027803200714817, 2.0011265075463074, 2.01980670024889, 2.0981286848302845]
iteration  5
iteration  5  icl  [3.2915744810181935, 3.3137060013770676, 3.246494705398267, 3.281839264801153, 3.401696818860605, 3.4103578500406018]
iteration  5  idg  [2.0060989739378687, 2.027803200714817, 2.0011265075463074, 2.01980670024889, 2.0981286848302845, 2.135530531774192]
iteration  6
iteration  6  icl  [3.2915744810181935, 3.3137060013770676, 3.246494705398267, 3.281839264801153, 3.401696818860605, 3.4103578500406018, 3.289233274617326]
iteration  6  idg  [2.0060989739378687, 2.027803200714817, 2.0011265075463074, 2.01980670024889, 2.0981286848302845, 2.135530531774192, 2.0258262256700283]
iteration  7
iteration  7  icl  [3.2915744810181935, 3.3137060013770676, 3.246494705398267, 3.281839264801153, 3.401696818860605, 3.4103578500406018, 3.289233274617326, 3.467110807257983]
iteration  7  idg  [2.0060989739378687, 2.027803200714817, 2.0011265075463074, 2.01980670024889, 2.0981286848302845, 2.135530531774192, 2.0258262256700283, 2.1198110820495932]
iteration  8
iteration  8  icl  [3.2915744810181935, 3.3137060013770676, 3.246494705398267, 3.281839264801153, 3.401696818860605, 3.4103578500406018, 3.289233274617326, 3.467110807257983, 3.3823203626167517]
iteration  8  idg  [2.0060989739378687, 2.027803200714817, 2.0011265075463074, 2.01980670024889, 2.0981286848302845, 2.135530531774192, 2.0258262256700283, 2.1198110820495932, 2.060513544222598]
iteration  9
iteration  9  icl  [3.2915744810181935, 3.3137060013770676, 3.246494705398267, 3.281839264801153, 3.401696818860605, 3.4103578500406018, 3.289233274617326, 3.467110807257983, 3.3823203626167517, 3.2323696568007545]
iteration  9  idg  [2.0060989739378687, 2.027803200714817, 2.0011265075463074, 2.01980670024889, 2.0981286848302845, 2.135530531774192, 2.0258262256700283, 2.1198110820495932, 2.060513544222598, 1.95894848975457]
iteration  0
iteration  0  icl  [1.7926413919733721]
iteration  0  idg  [0.9851307248615746]
iteration  1
iteration  1  icl  [1.7926413919733721, 1.7835769006493447]
iteration  1  idg  [0.9851307248615746, 0.9664853560202931]
iteration  2
iteration  2  icl  [1.7926413919733721, 1.7835769006493447, 1.796617365485671]
iteration  2  idg  [0.9851307248615746, 0.9664853560202931, 0.9765186603106264]
iteration  3
iteration  3  icl  [1.7926413919733721, 1.7835769006493447, 1.796617365485671, 1.7445893756079678]
iteration  3  idg  [0.9851307248615746, 0.9664853560202931, 0.9765186603106264, 0.9539829555819255]
iteration  4
iteration  4  icl  [1.7926413919733721, 1.7835769006493447, 1.796617365485671, 1.7445893756079678, 1.7750304507653225]
iteration  4  idg  [0.9851307248615746, 0.9664853560202931, 0.9765186603106264, 0.9539829555819255, 0.9737243798593922]
iteration  5
iteration  5  icl  [1.7926413919733721, 1.7835769006493447, 1.796617365485671, 1.7445893756079678, 1.7750304507653225, 1.772446536037119]
iteration  5  idg  [0.9851307248615746, 0.9664853560202931, 0.9765186603106264, 0.9539829555819255, 0.9737243798593922, 0.9822940165098777]
iteration  6
iteration  6  icl  [1.7926413919733721, 1.7835769006493447, 1.796617365485671, 1.7445893756079678, 1.7750304507653225, 1.772446536037119, 1.7666010796329839]
iteration  6  idg  [0.9851307248615746, 0.9664853560202931, 0.9765186603106264, 0.9539829555819255, 0.9737243798593922, 0.9822940165098777, 0.9798665700186973]
iteration  7
iteration  7  icl  [1.7926413919733721, 1.7835769006493447, 1.796617365485671, 1.7445893756079678, 1.7750304507653225, 1.772446536037119, 1.7666010796329839, 1.7508346013297942]
iteration  7  idg  [0.9851307248615746, 0.9664853560202931, 0.9765186603106264, 0.9539829555819255, 0.9737243798593922, 0.9822940165098777, 0.9798665700186973, 0.9471776040323738]
iteration  8
iteration  8  icl  [1.7926413919733721, 1.7835769006493447, 1.796617365485671, 1.7445893756079678, 1.7750304507653225, 1.772446536037119, 1.7666010796329839, 1.7508346013297942, 1.8122493717787378]
iteration  8  idg  [0.9851307248615746, 0.9664853560202931, 0.9765186603106264, 0.9539829555819255, 0.9737243798593922, 0.9822940165098777, 0.9798665700186973, 0.9471776040323738, 0.9732570337676587]
iteration  9
iteration  9  icl  [1.7926413919733721, 1.7835769006493447, 1.796617365485671, 1.7445893756079678, 1.7750304507653225, 1.772446536037119, 1.7666010796329839, 1.7508346013297942, 1.8122493717787378, 1.7725607223506614]
iteration  9  idg  [0.9851307248615746, 0.9664853560202931, 0.9765186603106264, 0.9539829555819255, 0.9737243798593922, 0.9822940165098777, 0.9798665700186973, 0.9471776040323738, 0.9732570337676587, 0.9667083701605881]
iteration  0
iteration  0  icl  [1.2790702207725577]
iteration  0  idg  [0.6246992460980754]
iteration  1
iteration  1  icl  [1.2790702207725577, 1.2718109220794442]
iteration  1  idg  [0.6246992460980754, 0.6282377440671674]
iteration  2
iteration  2  icl  [1.2790702207725577, 1.2718109220794442, 1.2792811180454984]
iteration  2  idg  [0.6246992460980754, 0.6282377440671674, 0.6248292127469017]
iteration  3
iteration  3  icl  [1.2790702207725577, 1.2718109220794442, 1.2792811180454984, 1.2952933858562865]
iteration  3  idg  [0.6246992460980754, 0.6282377440671674, 0.6248292127469017, 0.6370184344150751]
iteration  4
iteration  4  icl  [1.2790702207725577, 1.2718109220794442, 1.2792811180454984, 1.2952933858562865, 1.2724402424764516]
iteration  4  idg  [0.6246992460980754, 0.6282377440671674, 0.6248292127469017, 0.6370184344150751, 0.6237482372580816]
iteration  5
iteration  5  icl  [1.2790702207725577, 1.2718109220794442, 1.2792811180454984, 1.2952933858562865, 1.2724402424764516, 1.2750759957319555]
iteration  5  idg  [0.6246992460980754, 0.6282377440671674, 0.6248292127469017, 0.6370184344150751, 0.6237482372580816, 0.6204257451172173]
iteration  6
iteration  6  icl  [1.2790702207725577, 1.2718109220794442, 1.2792811180454984, 1.2952933858562865, 1.2724402424764516, 1.2750759957319555, 1.273730743806666]
iteration  6  idg  [0.6246992460980754, 0.6282377440671674, 0.6248292127469017, 0.6370184344150751, 0.6237482372580816, 0.6204257451172173, 0.6243997515335935]
iteration  7
iteration  7  icl  [1.2790702207725577, 1.2718109220794442, 1.2792811180454984, 1.2952933858562865, 1.2724402424764516, 1.2750759957319555, 1.273730743806666, 1.2834417242605585]
iteration  7  idg  [0.6246992460980754, 0.6282377440671674, 0.6248292127469017, 0.6370184344150751, 0.6237482372580816, 0.6204257451172173, 0.6243997515335935, 0.6302500316242128]
iteration  8
iteration  8  icl  [1.2790702207725577, 1.2718109220794442, 1.2792811180454984, 1.2952933858562865, 1.2724402424764516, 1.2750759957319555, 1.273730743806666, 1.2834417242605585, 1.2840128647452707]
iteration  8  idg  [0.6246992460980754, 0.6282377440671674, 0.6248292127469017, 0.6370184344150751, 0.6237482372580816, 0.6204257451172173, 0.6243997515335935, 0.6302500316242128, 0.6309722259577824]
iteration  9
iteration  9  icl  [1.2790702207725577, 1.2718109220794442, 1.2792811180454984, 1.2952933858562865, 1.2724402424764516, 1.2750759957319555, 1.273730743806666, 1.2834417242605585, 1.2840128647452707, 1.2755629211983712]
iteration  9  idg  [0.6246992460980754, 0.6282377440671674, 0.6248292127469017, 0.6370184344150751, 0.6237482372580816, 0.6204257451172173, 0.6243997515335935, 0.6302500316242128, 0.6309722259577824, 0.6130825078284334]
iclmean [3.33167032 1.77671478 1.27897201]
iclstd [0.07438745 0.01949869 0.00678305]
idgmean [2.04535939 0.97051457 0.62576631]
idgstd [0.05384757 0.01158598 0.00614232]
