d  100
alpha 50.0
kappa 0.5
lambda 1e-08
iteration  0
iteration  0  icl  [3.3780768390163436]
iteration  0  idg  [0.1265154430516351]
iteration  1
iteration  1  icl  [3.3780768390163436, 3.4930862944495553]
iteration  1  idg  [0.1265154430516351, 0.1292801601679936]
iteration  2
iteration  2  icl  [3.3780768390163436, 3.4930862944495553, 3.2669085478455937]
iteration  2  idg  [0.1265154430516351, 0.1292801601679936, 0.11958119337610573]
iteration  3
iteration  3  icl  [3.3780768390163436, 3.4930862944495553, 3.2669085478455937, 3.687337750345201]
iteration  3  idg  [0.1265154430516351, 0.1292801601679936, 0.11958119337610573, 0.13713620390302683]
iteration  4
iteration  4  icl  [3.3780768390163436, 3.4930862944495553, 3.2669085478455937, 3.687337750345201, 3.448847108462692]
iteration  4  idg  [0.1265154430516351, 0.1292801601679936, 0.11958119337610573, 0.13713620390302683, 0.12699390311961656]
iteration  5
iteration  5  icl  [3.3780768390163436, 3.4930862944495553, 3.2669085478455937, 3.687337750345201, 3.448847108462692, 3.489407042509673]
iteration  5  idg  [0.1265154430516351, 0.1292801601679936, 0.11958119337610573, 0.13713620390302683, 0.12699390311961656, 0.13116400532594263]
iteration  6
iteration  6  icl  [3.3780768390163436, 3.4930862944495553, 3.2669085478455937, 3.687337750345201, 3.448847108462692, 3.489407042509673, 3.5210741849547786]
iteration  6  idg  [0.1265154430516351, 0.1292801601679936, 0.11958119337610573, 0.13713620390302683, 0.12699390311961656, 0.13116400532594263, 0.13277848378654533]
iteration  7
iteration  7  icl  [3.3780768390163436, 3.4930862944495553, 3.2669085478455937, 3.687337750345201, 3.448847108462692, 3.489407042509673, 3.5210741849547786, 3.3369650330337874]
iteration  7  idg  [0.1265154430516351, 0.1292801601679936, 0.11958119337610573, 0.13713620390302683, 0.12699390311961656, 0.13116400532594263, 0.13277848378654533, 0.1284697596981237]
iteration  8
iteration  8  icl  [3.3780768390163436, 3.4930862944495553, 3.2669085478455937, 3.687337750345201, 3.448847108462692, 3.489407042509673, 3.5210741849547786, 3.3369650330337874, 3.458457223053036]
iteration  8  idg  [0.1265154430516351, 0.1292801601679936, 0.11958119337610573, 0.13713620390302683, 0.12699390311961656, 0.13116400532594263, 0.13277848378654533, 0.1284697596981237, 0.13116689297112716]
iteration  9
iteration  9  icl  [3.3780768390163436, 3.4930862944495553, 3.2669085478455937, 3.687337750345201, 3.448847108462692, 3.489407042509673, 3.5210741849547786, 3.3369650330337874, 3.458457223053036, 3.3542033431277734]
iteration  9  idg  [0.1265154430516351, 0.1292801601679936, 0.11958119337610573, 0.13713620390302683, 0.12699390311961656, 0.13116400532594263, 0.13277848378654533, 0.1284697596981237, 0.13116689297112716, 0.12632665466394188]
iteration  0
iteration  0  icl  [1.6867002339838748]
iteration  0  idg  [0.06184789381894351]
iteration  1
iteration  1  icl  [1.6867002339838748, 1.7267908362722582]
iteration  1  idg  [0.06184789381894351, 0.062285933035331364]
iteration  2
iteration  2  icl  [1.6867002339838748, 1.7267908362722582, 1.6619058876529227]
iteration  2  idg  [0.06184789381894351, 0.062285933035331364, 0.061833691648095046]
iteration  3
iteration  3  icl  [1.6867002339838748, 1.7267908362722582, 1.6619058876529227, 1.5757877522481005]
iteration  3  idg  [0.06184789381894351, 0.062285933035331364, 0.061833691648095046, 0.06226702421108654]
iteration  4
iteration  4  icl  [1.6867002339838748, 1.7267908362722582, 1.6619058876529227, 1.5757877522481005, 1.6461258375166645]
iteration  4  idg  [0.06184789381894351, 0.062285933035331364, 0.061833691648095046, 0.06226702421108654, 0.061047906536646046]
iteration  5
iteration  5  icl  [1.6867002339838748, 1.7267908362722582, 1.6619058876529227, 1.5757877522481005, 1.6461258375166645, 1.5905821771703719]
iteration  5  idg  [0.06184789381894351, 0.062285933035331364, 0.061833691648095046, 0.06226702421108654, 0.061047906536646046, 0.06030543835372493]
iteration  6
iteration  6  icl  [1.6867002339838748, 1.7267908362722582, 1.6619058876529227, 1.5757877522481005, 1.6461258375166645, 1.5905821771703719, 1.6727293924679314]
iteration  6  idg  [0.06184789381894351, 0.062285933035331364, 0.061833691648095046, 0.06226702421108654, 0.061047906536646046, 0.06030543835372493, 0.06239524199769697]
iteration  7
iteration  7  icl  [1.6867002339838748, 1.7267908362722582, 1.6619058876529227, 1.5757877522481005, 1.6461258375166645, 1.5905821771703719, 1.6727293924679314, 1.6983499412343646]
iteration  7  idg  [0.06184789381894351, 0.062285933035331364, 0.061833691648095046, 0.06226702421108654, 0.061047906536646046, 0.06030543835372493, 0.06239524199769697, 0.06273582766947428]
iteration  8
iteration  8  icl  [1.6867002339838748, 1.7267908362722582, 1.6619058876529227, 1.5757877522481005, 1.6461258375166645, 1.5905821771703719, 1.6727293924679314, 1.6983499412343646, 1.6933307673344333]
iteration  8  idg  [0.06184789381894351, 0.062285933035331364, 0.061833691648095046, 0.06226702421108654, 0.061047906536646046, 0.06030543835372493, 0.06239524199769697, 0.06273582766947428, 0.06233317249230219]
iteration  9
iteration  9  icl  [1.6867002339838748, 1.7267908362722582, 1.6619058876529227, 1.5757877522481005, 1.6461258375166645, 1.5905821771703719, 1.6727293924679314, 1.6983499412343646, 1.6933307673344333, 1.6383029259537856]
iteration  9  idg  [0.06184789381894351, 0.062285933035331364, 0.061833691648095046, 0.06226702421108654, 0.061047906536646046, 0.06030543835372493, 0.06239524199769697, 0.06273582766947428, 0.06233317249230219, 0.061864455028741494]
iteration  0
iteration  0  icl  [1.098021307118061]
iteration  0  idg  [0.040657722490764714]
iteration  1
iteration  1  icl  [1.098021307118061, 1.1104730974062824]
iteration  1  idg  [0.040657722490764714, 0.0403665038826162]
iteration  2
iteration  2  icl  [1.098021307118061, 1.1104730974062824, 1.0643075249204965]
iteration  2  idg  [0.040657722490764714, 0.0403665038826162, 0.040311402023082143]
iteration  3
iteration  3  icl  [1.098021307118061, 1.1104730974062824, 1.0643075249204965, 1.0608506222867224]
iteration  3  idg  [0.040657722490764714, 0.0403665038826162, 0.040311402023082143, 0.040622121344122686]
iteration  4
iteration  4  icl  [1.098021307118061, 1.1104730974062824, 1.0643075249204965, 1.0608506222867224, 1.0766533997934746]
iteration  4  idg  [0.040657722490764714, 0.0403665038826162, 0.040311402023082143, 0.040622121344122686, 0.04100823236455908]
iteration  5
iteration  5  icl  [1.098021307118061, 1.1104730974062824, 1.0643075249204965, 1.0608506222867224, 1.0766533997934746, 1.1003294972156632]
iteration  5  idg  [0.040657722490764714, 0.0403665038826162, 0.040311402023082143, 0.040622121344122686, 0.04100823236455908, 0.04023226834738147]
iteration  6
iteration  6  icl  [1.098021307118061, 1.1104730974062824, 1.0643075249204965, 1.0608506222867224, 1.0766533997934746, 1.1003294972156632, 1.0907710664230152]
iteration  6  idg  [0.040657722490764714, 0.0403665038826162, 0.040311402023082143, 0.040622121344122686, 0.04100823236455908, 0.04023226834738147, 0.04034222524045039]
iteration  7
iteration  7  icl  [1.098021307118061, 1.1104730974062824, 1.0643075249204965, 1.0608506222867224, 1.0766533997934746, 1.1003294972156632, 1.0907710664230152, 1.0920979702367961]
iteration  7  idg  [0.040657722490764714, 0.0403665038826162, 0.040311402023082143, 0.040622121344122686, 0.04100823236455908, 0.04023226834738147, 0.04034222524045039, 0.04104307788151207]
iteration  8
iteration  8  icl  [1.098021307118061, 1.1104730974062824, 1.0643075249204965, 1.0608506222867224, 1.0766533997934746, 1.1003294972156632, 1.0907710664230152, 1.0920979702367961, 1.0903107466043642]
iteration  8  idg  [0.040657722490764714, 0.0403665038826162, 0.040311402023082143, 0.040622121344122686, 0.04100823236455908, 0.04023226834738147, 0.04034222524045039, 0.04104307788151207, 0.04032556430084666]
iteration  9
iteration  9  icl  [1.098021307118061, 1.1104730974062824, 1.0643075249204965, 1.0608506222867224, 1.0766533997934746, 1.1003294972156632, 1.0907710664230152, 1.0920979702367961, 1.0903107466043642, 1.07306893513078]
iteration  9  idg  [0.040657722490764714, 0.0403665038826162, 0.040311402023082143, 0.040622121344122686, 0.04100823236455908, 0.04023226834738147, 0.04034222524045039, 0.04104307788151207, 0.04032556430084666, 0.04023953349076548]
iclmean [3.44343634 1.65906058 1.08568842]
iclstd [0.11183982 0.0452617  0.01544009]
idgmean [0.12894127 0.06189166 0.04051487]
idgstd [0.00442986 0.00068495 0.00028966]
