d  100
alpha 10.0
kappa 0.5
lambda 1e-08
iteration  0
iteration  0  icl  [0.8735858221520526]
iteration  0  idg  [0.5576557431395779]
iteration  1
iteration  1  icl  [0.8735858221520526, 0.8631281341859969]
iteration  1  idg  [0.5576557431395779, 0.5415306080950565]
iteration  2
iteration  2  icl  [0.8735858221520526, 0.8631281341859969, 0.8771891332669204]
iteration  2  idg  [0.5576557431395779, 0.5415306080950565, 0.5626333998613033]
iteration  3
iteration  3  icl  [0.8735858221520526, 0.8631281341859969, 0.8771891332669204, 0.8636926172481812]
iteration  3  idg  [0.5576557431395779, 0.5415306080950565, 0.5626333998613033, 0.5526113677432202]
iteration  4
iteration  4  icl  [0.8735858221520526, 0.8631281341859969, 0.8771891332669204, 0.8636926172481812, 0.8656442916331428]
iteration  4  idg  [0.5576557431395779, 0.5415306080950565, 0.5626333998613033, 0.5526113677432202, 0.558788521065777]
iteration  5
iteration  5  icl  [0.8735858221520526, 0.8631281341859969, 0.8771891332669204, 0.8636926172481812, 0.8656442916331428, 0.8715641677069612]
iteration  5  idg  [0.5576557431395779, 0.5415306080950565, 0.5626333998613033, 0.5526113677432202, 0.558788521065777, 0.5663010614039363]
iteration  6
iteration  6  icl  [0.8735858221520526, 0.8631281341859969, 0.8771891332669204, 0.8636926172481812, 0.8656442916331428, 0.8715641677069612, 0.8620303591704515]
iteration  6  idg  [0.5576557431395779, 0.5415306080950565, 0.5626333998613033, 0.5526113677432202, 0.558788521065777, 0.5663010614039363, 0.5457646536091736]
iteration  7
iteration  7  icl  [0.8735858221520526, 0.8631281341859969, 0.8771891332669204, 0.8636926172481812, 0.8656442916331428, 0.8715641677069612, 0.8620303591704515, 0.8669275485325956]
iteration  7  idg  [0.5576557431395779, 0.5415306080950565, 0.5626333998613033, 0.5526113677432202, 0.558788521065777, 0.5663010614039363, 0.5457646536091736, 0.5566936292639899]
iteration  8
iteration  8  icl  [0.8735858221520526, 0.8631281341859969, 0.8771891332669204, 0.8636926172481812, 0.8656442916331428, 0.8715641677069612, 0.8620303591704515, 0.8669275485325956, 0.8605806937799434]
iteration  8  idg  [0.5576557431395779, 0.5415306080950565, 0.5626333998613033, 0.5526113677432202, 0.558788521065777, 0.5663010614039363, 0.5457646536091736, 0.5566936292639899, 0.5324346895277612]
iteration  9
iteration  9  icl  [0.8735858221520526, 0.8631281341859969, 0.8771891332669204, 0.8636926172481812, 0.8656442916331428, 0.8715641677069612, 0.8620303591704515, 0.8669275485325956, 0.8605806937799434, 0.8641981675342776]
iteration  9  idg  [0.5576557431395779, 0.5415306080950565, 0.5626333998613033, 0.5526113677432202, 0.558788521065777, 0.5663010614039363, 0.5457646536091736, 0.5566936292639899, 0.5324346895277612, 0.5563560448135858]
iteration  0
iteration  0  icl  [0.8284584191269151]
iteration  0  idg  [0.250972816559075]
iteration  1
iteration  1  icl  [0.8284584191269151, 0.8281118803109514]
iteration  1  idg  [0.250972816559075, 0.2502887461727141]
iteration  2
iteration  2  icl  [0.8284584191269151, 0.8281118803109514, 0.8285064626396974]
iteration  2  idg  [0.250972816559075, 0.2502887461727141, 0.2555276877129349]
iteration  3
iteration  3  icl  [0.8284584191269151, 0.8281118803109514, 0.8285064626396974, 0.8231383778132141]
iteration  3  idg  [0.250972816559075, 0.2502887461727141, 0.2555276877129349, 0.2455937421048271]
iteration  4
iteration  4  icl  [0.8284584191269151, 0.8281118803109514, 0.8285064626396974, 0.8231383778132141, 0.832182060304157]
iteration  4  idg  [0.250972816559075, 0.2502887461727141, 0.2555276877129349, 0.2455937421048271, 0.24069716918123985]
iteration  5
iteration  5  icl  [0.8284584191269151, 0.8281118803109514, 0.8285064626396974, 0.8231383778132141, 0.832182060304157, 0.833091815346355]
iteration  5  idg  [0.250972816559075, 0.2502887461727141, 0.2555276877129349, 0.2455937421048271, 0.24069716918123985, 0.25234236600300974]
iteration  6
iteration  6  icl  [0.8284584191269151, 0.8281118803109514, 0.8285064626396974, 0.8231383778132141, 0.832182060304157, 0.833091815346355, 0.8505142679964595]
iteration  6  idg  [0.250972816559075, 0.2502887461727141, 0.2555276877129349, 0.2455937421048271, 0.24069716918123985, 0.25234236600300974, 0.26737575420116855]
iteration  7
iteration  7  icl  [0.8284584191269151, 0.8281118803109514, 0.8285064626396974, 0.8231383778132141, 0.832182060304157, 0.833091815346355, 0.8505142679964595, 0.8395843877509276]
iteration  7  idg  [0.250972816559075, 0.2502887461727141, 0.2555276877129349, 0.2455937421048271, 0.24069716918123985, 0.25234236600300974, 0.26737575420116855, 0.25416817892114163]
iteration  8
iteration  8  icl  [0.8284584191269151, 0.8281118803109514, 0.8285064626396974, 0.8231383778132141, 0.832182060304157, 0.833091815346355, 0.8505142679964595, 0.8395843877509276, 0.827431426171636]
iteration  8  idg  [0.250972816559075, 0.2502887461727141, 0.2555276877129349, 0.2455937421048271, 0.24069716918123985, 0.25234236600300974, 0.26737575420116855, 0.25416817892114163, 0.25033796229858174]
iteration  9
iteration  9  icl  [0.8284584191269151, 0.8281118803109514, 0.8285064626396974, 0.8231383778132141, 0.832182060304157, 0.833091815346355, 0.8505142679964595, 0.8395843877509276, 0.827431426171636, 0.8301879467768172]
iteration  9  idg  [0.250972816559075, 0.2502887461727141, 0.2555276877129349, 0.2455937421048271, 0.24069716918123985, 0.25234236600300974, 0.26737575420116855, 0.25416817892114163, 0.25033796229858174, 0.25712058890929734]
iteration  0
iteration  0  icl  [2.098410777064952]
iteration  0  idg  [0.3882941102088844]
iteration  1
iteration  1  icl  [2.098410777064952, 2.2947472929730353]
iteration  1  idg  [0.3882941102088844, 0.4451368265677724]
iteration  2
iteration  2  icl  [2.098410777064952, 2.2947472929730353, 2.247891765862229]
iteration  2  idg  [0.3882941102088844, 0.4451368265677724, 0.42096054002669714]
iteration  3
iteration  3  icl  [2.098410777064952, 2.2947472929730353, 2.247891765862229, 2.2562762706846806]
iteration  3  idg  [0.3882941102088844, 0.4451368265677724, 0.42096054002669714, 0.43057563923006636]
iteration  4
iteration  4  icl  [2.098410777064952, 2.2947472929730353, 2.247891765862229, 2.2562762706846806, 2.2651617012928185]
iteration  4  idg  [0.3882941102088844, 0.4451368265677724, 0.42096054002669714, 0.43057563923006636, 0.41985939661320004]
iteration  5
iteration  5  icl  [2.098410777064952, 2.2947472929730353, 2.247891765862229, 2.2562762706846806, 2.2651617012928185, 2.228365107649331]
iteration  5  idg  [0.3882941102088844, 0.4451368265677724, 0.42096054002669714, 0.43057563923006636, 0.41985939661320004, 0.42335545905871075]
iteration  6
iteration  6  icl  [2.098410777064952, 2.2947472929730353, 2.247891765862229, 2.2562762706846806, 2.2651617012928185, 2.228365107649331, 2.1731832999655407]
iteration  6  idg  [0.3882941102088844, 0.4451368265677724, 0.42096054002669714, 0.43057563923006636, 0.41985939661320004, 0.42335545905871075, 0.43459449063555056]
iteration  7
iteration  7  icl  [2.098410777064952, 2.2947472929730353, 2.247891765862229, 2.2562762706846806, 2.2651617012928185, 2.228365107649331, 2.1731832999655407, 2.1383563307809674]
iteration  7  idg  [0.3882941102088844, 0.4451368265677724, 0.42096054002669714, 0.43057563923006636, 0.41985939661320004, 0.42335545905871075, 0.43459449063555056, 0.4058296069188292]
iteration  8
iteration  8  icl  [2.098410777064952, 2.2947472929730353, 2.247891765862229, 2.2562762706846806, 2.2651617012928185, 2.228365107649331, 2.1731832999655407, 2.1383563307809674, 2.149138599541491]
iteration  8  idg  [0.3882941102088844, 0.4451368265677724, 0.42096054002669714, 0.43057563923006636, 0.41985939661320004, 0.42335545905871075, 0.43459449063555056, 0.4058296069188292, 0.40248383769313145]
iteration  9
iteration  9  icl  [2.098410777064952, 2.2947472929730353, 2.247891765862229, 2.2562762706846806, 2.2651617012928185, 2.228365107649331, 2.1731832999655407, 2.1383563307809674, 2.149138599541491, 2.1532607678337246]
iteration  9  idg  [0.3882941102088844, 0.4451368265677724, 0.42096054002669714, 0.43057563923006636, 0.41985939661320004, 0.42335545905871075, 0.43459449063555056, 0.4058296069188292, 0.40248383769313145, 0.4185803982520846]
iteration  0
iteration  0  icl  [3.289793067181174]
iteration  0  idg  [0.4928928694227894]
iteration  1
iteration  1  icl  [3.289793067181174, 2.983374438227691]
iteration  1  idg  [0.4928928694227894, 0.450335083342436]
iteration  2
iteration  2  icl  [3.289793067181174, 2.983374438227691, 3.1958770096727687]
iteration  2  idg  [0.4928928694227894, 0.450335083342436, 0.4872466146106649]
iteration  3
iteration  3  icl  [3.289793067181174, 2.983374438227691, 3.1958770096727687, 3.1307929010786415]
iteration  3  idg  [0.4928928694227894, 0.450335083342436, 0.4872466146106649, 0.45914347959297297]
iteration  4
iteration  4  icl  [3.289793067181174, 2.983374438227691, 3.1958770096727687, 3.1307929010786415, 3.21760594353226]
iteration  4  idg  [0.4928928694227894, 0.450335083342436, 0.4872466146106649, 0.45914347959297297, 0.4832606364098666]
iteration  5
iteration  5  icl  [3.289793067181174, 2.983374438227691, 3.1958770096727687, 3.1307929010786415, 3.21760594353226, 3.2367626063750348]
iteration  5  idg  [0.4928928694227894, 0.450335083342436, 0.4872466146106649, 0.45914347959297297, 0.4832606364098666, 0.494946768278266]
iteration  6
iteration  6  icl  [3.289793067181174, 2.983374438227691, 3.1958770096727687, 3.1307929010786415, 3.21760594353226, 3.2367626063750348, 3.126959386896072]
iteration  6  idg  [0.4928928694227894, 0.450335083342436, 0.4872466146106649, 0.45914347959297297, 0.4832606364098666, 0.494946768278266, 0.4694538683696212]
iteration  7
iteration  7  icl  [3.289793067181174, 2.983374438227691, 3.1958770096727687, 3.1307929010786415, 3.21760594353226, 3.2367626063750348, 3.126959386896072, 3.0244593060318268]
iteration  7  idg  [0.4928928694227894, 0.450335083342436, 0.4872466146106649, 0.45914347959297297, 0.4832606364098666, 0.494946768278266, 0.4694538683696212, 0.460499361617174]
iteration  8
iteration  8  icl  [3.289793067181174, 2.983374438227691, 3.1958770096727687, 3.1307929010786415, 3.21760594353226, 3.2367626063750348, 3.126959386896072, 3.0244593060318268, 2.854773195871476]
iteration  8  idg  [0.4928928694227894, 0.450335083342436, 0.4872466146106649, 0.45914347959297297, 0.4832606364098666, 0.494946768278266, 0.4694538683696212, 0.460499361617174, 0.43147032817439346]
iteration  9
iteration  9  icl  [3.289793067181174, 2.983374438227691, 3.1958770096727687, 3.1307929010786415, 3.21760594353226, 3.2367626063750348, 3.126959386896072, 3.0244593060318268, 2.854773195871476, 3.0054254212318106]
iteration  9  idg  [0.4928928694227894, 0.450335083342436, 0.4872466146106649, 0.45914347959297297, 0.4832606364098666, 0.494946768278266, 0.4694538683696212, 0.460499361617174, 0.43147032817439346, 0.4473896313238874]
iteration  0
iteration  0  icl  [1.312027512443636]
iteration  0  idg  [0.17461062744585054]
iteration  1
iteration  1  icl  [1.312027512443636, 1.3400615000484037]
iteration  1  idg  [0.17461062744585054, 0.17887709229286752]
iteration  2
iteration  2  icl  [1.312027512443636, 1.3400615000484037, 1.297002208465142]
iteration  2  idg  [0.17461062744585054, 0.17887709229286752, 0.17497330289166446]
iteration  3
iteration  3  icl  [1.312027512443636, 1.3400615000484037, 1.297002208465142, 1.2736972121939285]
iteration  3  idg  [0.17461062744585054, 0.17887709229286752, 0.17497330289166446, 0.17102019866045715]
iteration  4
iteration  4  icl  [1.312027512443636, 1.3400615000484037, 1.297002208465142, 1.2736972121939285, 1.3192199436408663]
iteration  4  idg  [0.17461062744585054, 0.17887709229286752, 0.17497330289166446, 0.17102019866045715, 0.17163361859294324]
iteration  5
iteration  5  icl  [1.312027512443636, 1.3400615000484037, 1.297002208465142, 1.2736972121939285, 1.3192199436408663, 1.304882331283745]
iteration  5  idg  [0.17461062744585054, 0.17887709229286752, 0.17497330289166446, 0.17102019866045715, 0.17163361859294324, 0.17012786568974114]
iteration  6
iteration  6  icl  [1.312027512443636, 1.3400615000484037, 1.297002208465142, 1.2736972121939285, 1.3192199436408663, 1.304882331283745, 1.2590482046852784]
iteration  6  idg  [0.17461062744585054, 0.17887709229286752, 0.17497330289166446, 0.17102019866045715, 0.17163361859294324, 0.17012786568974114, 0.17003850051485925]
iteration  7
iteration  7  icl  [1.312027512443636, 1.3400615000484037, 1.297002208465142, 1.2736972121939285, 1.3192199436408663, 1.304882331283745, 1.2590482046852784, 1.3071194008025078]
iteration  7  idg  [0.17461062744585054, 0.17887709229286752, 0.17497330289166446, 0.17102019866045715, 0.17163361859294324, 0.17012786568974114, 0.17003850051485925, 0.1759290280839796]
iteration  8
iteration  8  icl  [1.312027512443636, 1.3400615000484037, 1.297002208465142, 1.2736972121939285, 1.3192199436408663, 1.304882331283745, 1.2590482046852784, 1.3071194008025078, 1.2436790933196993]
iteration  8  idg  [0.17461062744585054, 0.17887709229286752, 0.17497330289166446, 0.17102019866045715, 0.17163361859294324, 0.17012786568974114, 0.17003850051485925, 0.1759290280839796, 0.16961056425193433]
iteration  9
iteration  9  icl  [1.312027512443636, 1.3400615000484037, 1.297002208465142, 1.2736972121939285, 1.3192199436408663, 1.304882331283745, 1.2590482046852784, 1.3071194008025078, 1.2436790933196993, 1.339568135443741]
iteration  9  idg  [0.17461062744585054, 0.17887709229286752, 0.17497330289166446, 0.17102019866045715, 0.17163361859294324, 0.17012786568974114, 0.17003850051485925, 0.1759290280839796, 0.16961056425193433, 0.1780713298595511]
iteration  0
iteration  0  icl  [0.9155905801844317]
iteration  0  idg  [0.11493358342355564]
iteration  1
iteration  1  icl  [0.9155905801844317, 0.947603260100039]
iteration  1  idg  [0.11493358342355564, 0.11517052942054895]
iteration  2
iteration  2  icl  [0.9155905801844317, 0.947603260100039, 0.9629155847348752]
iteration  2  idg  [0.11493358342355564, 0.11517052942054895, 0.1134515061806034]
iteration  3
iteration  3  icl  [0.9155905801844317, 0.947603260100039, 0.9629155847348752, 0.9324684981569248]
iteration  3  idg  [0.11493358342355564, 0.11517052942054895, 0.1134515061806034, 0.11573455934763599]
iteration  4
iteration  4  icl  [0.9155905801844317, 0.947603260100039, 0.9629155847348752, 0.9324684981569248, 0.9180224394357509]
iteration  4  idg  [0.11493358342355564, 0.11517052942054895, 0.1134515061806034, 0.11573455934763599, 0.11469690320380388]
iteration  5
iteration  5  icl  [0.9155905801844317, 0.947603260100039, 0.9629155847348752, 0.9324684981569248, 0.9180224394357509, 0.9444814930185138]
iteration  5  idg  [0.11493358342355564, 0.11517052942054895, 0.1134515061806034, 0.11573455934763599, 0.11469690320380388, 0.11234818380447531]
iteration  6
iteration  6  icl  [0.9155905801844317, 0.947603260100039, 0.9629155847348752, 0.9324684981569248, 0.9180224394357509, 0.9444814930185138, 0.9566271778911463]
iteration  6  idg  [0.11493358342355564, 0.11517052942054895, 0.1134515061806034, 0.11573455934763599, 0.11469690320380388, 0.11234818380447531, 0.11508411783215977]
iteration  7
iteration  7  icl  [0.9155905801844317, 0.947603260100039, 0.9629155847348752, 0.9324684981569248, 0.9180224394357509, 0.9444814930185138, 0.9566271778911463, 0.9475717774546704]
iteration  7  idg  [0.11493358342355564, 0.11517052942054895, 0.1134515061806034, 0.11573455934763599, 0.11469690320380388, 0.11234818380447531, 0.11508411783215977, 0.11397305872038888]
iteration  8
iteration  8  icl  [0.9155905801844317, 0.947603260100039, 0.9629155847348752, 0.9324684981569248, 0.9180224394357509, 0.9444814930185138, 0.9566271778911463, 0.9475717774546704, 0.9605717432006771]
iteration  8  idg  [0.11493358342355564, 0.11517052942054895, 0.1134515061806034, 0.11573455934763599, 0.11469690320380388, 0.11234818380447531, 0.11508411783215977, 0.11397305872038888, 0.11721845651096019]
iteration  9
iteration  9  icl  [0.9155905801844317, 0.947603260100039, 0.9629155847348752, 0.9324684981569248, 0.9180224394357509, 0.9444814930185138, 0.9566271778911463, 0.9475717774546704, 0.9605717432006771, 0.9519341873172976]
iteration  9  idg  [0.11493358342355564, 0.11517052942054895, 0.1134515061806034, 0.11573455934763599, 0.11469690320380388, 0.11234818380447531, 0.11508411783215977, 0.11397305872038888, 0.11721845651096019, 0.11576105419372085]
iclmean [0.86685409 0.8321207  2.20047919 3.10658233 1.29963055 0.94377867]
iclstd [0.00518978 0.00737516 0.06252752 0.1293751  0.03050853 0.01579622]
idgmean [0.55307697 0.2524425  0.41896703 0.46766386 0.17348921 0.1148372 ]
idgstd [0.00978126 0.00673408 0.01572619 0.02038636 0.00327455 0.00128032]
