d  100
alpha 1.0
kappa 0.5
lambda 1e-08
iteration  0
iteration  0  icl  [1.0505842998724542]
iteration  0  idg  [0.8082398476684964]
iteration  1
iteration  1  icl  [1.0505842998724542, 1.0415999589326663]
iteration  1  idg  [0.8082398476684964, 0.812614542405217]
iteration  2
iteration  2  icl  [1.0505842998724542, 1.0415999589326663, 1.0423393868891937]
iteration  2  idg  [0.8082398476684964, 0.812614542405217, 0.7980042973536617]
iteration  3
iteration  3  icl  [1.0505842998724542, 1.0415999589326663, 1.0423393868891937, 1.0509585220282882]
iteration  3  idg  [0.8082398476684964, 0.812614542405217, 0.7980042973536617, 0.8091247307944358]
iteration  4
iteration  4  icl  [1.0505842998724542, 1.0415999589326663, 1.0423393868891937, 1.0509585220282882, 1.051060924437498]
iteration  4  idg  [0.8082398476684964, 0.812614542405217, 0.7980042973536617, 0.8091247307944358, 0.811586877996997]
iteration  5
iteration  5  icl  [1.0505842998724542, 1.0415999589326663, 1.0423393868891937, 1.0509585220282882, 1.051060924437498, 1.0408645354503365]
iteration  5  idg  [0.8082398476684964, 0.812614542405217, 0.7980042973536617, 0.8091247307944358, 0.811586877996997, 0.8017965633267744]
iteration  6
iteration  6  icl  [1.0505842998724542, 1.0415999589326663, 1.0423393868891937, 1.0509585220282882, 1.051060924437498, 1.0408645354503365, 1.0443688474603863]
iteration  6  idg  [0.8082398476684964, 0.812614542405217, 0.7980042973536617, 0.8091247307944358, 0.811586877996997, 0.8017965633267744, 0.8010948250878711]
iteration  7
iteration  7  icl  [1.0505842998724542, 1.0415999589326663, 1.0423393868891937, 1.0509585220282882, 1.051060924437498, 1.0408645354503365, 1.0443688474603863, 1.0467241897856918]
iteration  7  idg  [0.8082398476684964, 0.812614542405217, 0.7980042973536617, 0.8091247307944358, 0.811586877996997, 0.8017965633267744, 0.8010948250878711, 0.8116208845389167]
iteration  8
iteration  8  icl  [1.0505842998724542, 1.0415999589326663, 1.0423393868891937, 1.0509585220282882, 1.051060924437498, 1.0408645354503365, 1.0443688474603863, 1.0467241897856918, 1.0454397221093108]
iteration  8  idg  [0.8082398476684964, 0.812614542405217, 0.7980042973536617, 0.8091247307944358, 0.811586877996997, 0.8017965633267744, 0.8010948250878711, 0.8116208845389167, 0.8023860332076415]
iteration  9
iteration  9  icl  [1.0505842998724542, 1.0415999589326663, 1.0423393868891937, 1.0509585220282882, 1.051060924437498, 1.0408645354503365, 1.0443688474603863, 1.0467241897856918, 1.0454397221093108, 1.051733234848994]
iteration  9  idg  [0.8082398476684964, 0.812614542405217, 0.7980042973536617, 0.8091247307944358, 0.811586877996997, 0.8017965633267744, 0.8010948250878711, 0.8116208845389167, 0.8023860332076415, 0.8073796718823735]
iteration  0
iteration  0  icl  [1.3109922570216748]
iteration  0  idg  [0.8271844451641714]
iteration  1
iteration  1  icl  [1.3109922570216748, 1.2971911723894562]
iteration  1  idg  [0.8271844451641714, 0.8155368711923054]
iteration  2
iteration  2  icl  [1.3109922570216748, 1.2971911723894562, 1.297275785619124]
iteration  2  idg  [0.8271844451641714, 0.8155368711923054, 0.824188710056216]
iteration  3
iteration  3  icl  [1.3109922570216748, 1.2971911723894562, 1.297275785619124, 1.3120050236080933]
iteration  3  idg  [0.8271844451641714, 0.8155368711923054, 0.824188710056216, 0.8311205786744531]
iteration  4
iteration  4  icl  [1.3109922570216748, 1.2971911723894562, 1.297275785619124, 1.3120050236080933, 1.3043938730516949]
iteration  4  idg  [0.8271844451641714, 0.8155368711923054, 0.824188710056216, 0.8311205786744531, 0.8420935597543102]
iteration  5
iteration  5  icl  [1.3109922570216748, 1.2971911723894562, 1.297275785619124, 1.3120050236080933, 1.3043938730516949, 1.3104914302550572]
iteration  5  idg  [0.8271844451641714, 0.8155368711923054, 0.824188710056216, 0.8311205786744531, 0.8420935597543102, 0.8425774739030867]
iteration  6
iteration  6  icl  [1.3109922570216748, 1.2971911723894562, 1.297275785619124, 1.3120050236080933, 1.3043938730516949, 1.3104914302550572, 1.3114614011313506]
iteration  6  idg  [0.8271844451641714, 0.8155368711923054, 0.824188710056216, 0.8311205786744531, 0.8420935597543102, 0.8425774739030867, 0.8276016103671251]
iteration  7
iteration  7  icl  [1.3109922570216748, 1.2971911723894562, 1.297275785619124, 1.3120050236080933, 1.3043938730516949, 1.3104914302550572, 1.3114614011313506, 1.2859187521597282]
iteration  7  idg  [0.8271844451641714, 0.8155368711923054, 0.824188710056216, 0.8311205786744531, 0.8420935597543102, 0.8425774739030867, 0.8276016103671251, 0.8139481437446905]
iteration  8
iteration  8  icl  [1.3109922570216748, 1.2971911723894562, 1.297275785619124, 1.3120050236080933, 1.3043938730516949, 1.3104914302550572, 1.3114614011313506, 1.2859187521597282, 1.3062244209769185]
iteration  8  idg  [0.8271844451641714, 0.8155368711923054, 0.824188710056216, 0.8311205786744531, 0.8420935597543102, 0.8425774739030867, 0.8276016103671251, 0.8139481437446905, 0.8276674221639135]
iteration  9
iteration  9  icl  [1.3109922570216748, 1.2971911723894562, 1.297275785619124, 1.3120050236080933, 1.3043938730516949, 1.3104914302550572, 1.3114614011313506, 1.2859187521597282, 1.3062244209769185, 1.3141250751790539]
iteration  9  idg  [0.8271844451641714, 0.8155368711923054, 0.824188710056216, 0.8311205786744531, 0.8420935597543102, 0.8425774739030867, 0.8276016103671251, 0.8139481437446905, 0.8276674221639135, 0.8412640996816712]
iteration  0
iteration  0  icl  [3.236192032209305]
iteration  0  idg  [2.142272309408207]
iteration  1
iteration  1  icl  [3.236192032209305, 3.3664892089043454]
iteration  1  idg  [2.142272309408207, 2.2483793608425287]
iteration  2
iteration  2  icl  [3.236192032209305, 3.3664892089043454, 3.228152061171074]
iteration  2  idg  [2.142272309408207, 2.2483793608425287, 2.1305802912098697]
iteration  3
iteration  3  icl  [3.236192032209305, 3.3664892089043454, 3.228152061171074, 3.24779282232494]
iteration  3  idg  [2.142272309408207, 2.2483793608425287, 2.1305802912098697, 2.149844963905303]
iteration  4
iteration  4  icl  [3.236192032209305, 3.3664892089043454, 3.228152061171074, 3.24779282232494, 3.2074700622556307]
iteration  4  idg  [2.142272309408207, 2.2483793608425287, 2.1305802912098697, 2.149844963905303, 2.112115833591064]
iteration  5
iteration  5  icl  [3.236192032209305, 3.3664892089043454, 3.228152061171074, 3.24779282232494, 3.2074700622556307, 3.2609085675325975]
iteration  5  idg  [2.142272309408207, 2.2483793608425287, 2.1305802912098697, 2.149844963905303, 2.112115833591064, 2.1911187286249154]
iteration  6
iteration  6  icl  [3.236192032209305, 3.3664892089043454, 3.228152061171074, 3.24779282232494, 3.2074700622556307, 3.2609085675325975, 3.4212483956113893]
iteration  6  idg  [2.142272309408207, 2.2483793608425287, 2.1305802912098697, 2.149844963905303, 2.112115833591064, 2.1911187286249154, 2.2259806160983895]
iteration  7
iteration  7  icl  [3.236192032209305, 3.3664892089043454, 3.228152061171074, 3.24779282232494, 3.2074700622556307, 3.2609085675325975, 3.4212483956113893, 3.17395166322839]
iteration  7  idg  [2.142272309408207, 2.2483793608425287, 2.1305802912098697, 2.149844963905303, 2.112115833591064, 2.1911187286249154, 2.2259806160983895, 2.0552893023206757]
iteration  8
iteration  8  icl  [3.236192032209305, 3.3664892089043454, 3.228152061171074, 3.24779282232494, 3.2074700622556307, 3.2609085675325975, 3.4212483956113893, 3.17395166322839, 3.2813038739870986]
iteration  8  idg  [2.142272309408207, 2.2483793608425287, 2.1305802912098697, 2.149844963905303, 2.112115833591064, 2.1911187286249154, 2.2259806160983895, 2.0552893023206757, 2.2152743256413094]
iteration  9
iteration  9  icl  [3.236192032209305, 3.3664892089043454, 3.228152061171074, 3.24779282232494, 3.2074700622556307, 3.2609085675325975, 3.4212483956113893, 3.17395166322839, 3.2813038739870986, 3.318179101959502]
iteration  9  idg  [2.142272309408207, 2.2483793608425287, 2.1305802912098697, 2.149844963905303, 2.112115833591064, 2.1911187286249154, 2.2259806160983895, 2.0552893023206757, 2.2152743256413094, 2.166265423042929]
iteration  0
iteration  0  icl  [4.036374759538749]
iteration  0  idg  [2.5776526577726555]
iteration  1
iteration  1  icl  [4.036374759538749, 4.023067068049094]
iteration  1  idg  [2.5776526577726555, 2.5594095655914395]
iteration  2
iteration  2  icl  [4.036374759538749, 4.023067068049094, 4.116015462821181]
iteration  2  idg  [2.5776526577726555, 2.5594095655914395, 2.5859880365878087]
iteration  3
iteration  3  icl  [4.036374759538749, 4.023067068049094, 4.116015462821181, 4.24114624108047]
iteration  3  idg  [2.5776526577726555, 2.5594095655914395, 2.5859880365878087, 2.674434643849968]
iteration  4
iteration  4  icl  [4.036374759538749, 4.023067068049094, 4.116015462821181, 4.24114624108047, 4.376731086862546]
iteration  4  idg  [2.5776526577726555, 2.5594095655914395, 2.5859880365878087, 2.674434643849968, 2.7501918052940404]
iteration  5
iteration  5  icl  [4.036374759538749, 4.023067068049094, 4.116015462821181, 4.24114624108047, 4.376731086862546, 4.031209050354081]
iteration  5  idg  [2.5776526577726555, 2.5594095655914395, 2.5859880365878087, 2.674434643849968, 2.7501918052940404, 2.5025109216993497]
iteration  6
iteration  6  icl  [4.036374759538749, 4.023067068049094, 4.116015462821181, 4.24114624108047, 4.376731086862546, 4.031209050354081, 4.10920315104196]
iteration  6  idg  [2.5776526577726555, 2.5594095655914395, 2.5859880365878087, 2.674434643849968, 2.7501918052940404, 2.5025109216993497, 2.583587331295206]
iteration  7
iteration  7  icl  [4.036374759538749, 4.023067068049094, 4.116015462821181, 4.24114624108047, 4.376731086862546, 4.031209050354081, 4.10920315104196, 4.332097199853974]
iteration  7  idg  [2.5776526577726555, 2.5594095655914395, 2.5859880365878087, 2.674434643849968, 2.7501918052940404, 2.5025109216993497, 2.583587331295206, 2.7161997970612557]
iteration  8
iteration  8  icl  [4.036374759538749, 4.023067068049094, 4.116015462821181, 4.24114624108047, 4.376731086862546, 4.031209050354081, 4.10920315104196, 4.332097199853974, 4.244061035290917]
iteration  8  idg  [2.5776526577726555, 2.5594095655914395, 2.5859880365878087, 2.674434643849968, 2.7501918052940404, 2.5025109216993497, 2.583587331295206, 2.7161997970612557, 2.6737548411567413]
iteration  9
iteration  9  icl  [4.036374759538749, 4.023067068049094, 4.116015462821181, 4.24114624108047, 4.376731086862546, 4.031209050354081, 4.10920315104196, 4.332097199853974, 4.244061035290917, 4.1640113955303555]
iteration  9  idg  [2.5776526577726555, 2.5594095655914395, 2.5859880365878087, 2.674434643849968, 2.7501918052940404, 2.5025109216993497, 2.583587331295206, 2.7161997970612557, 2.6737548411567413, 2.666274494703816]
iteration  0
iteration  0  icl  [1.768384849700685]
iteration  0  idg  [0.9617010549944942]
iteration  1
iteration  1  icl  [1.768384849700685, 1.749287504991329]
iteration  1  idg  [0.9617010549944942, 0.9672547663277586]
iteration  2
iteration  2  icl  [1.768384849700685, 1.749287504991329, 1.7961564167305195]
iteration  2  idg  [0.9617010549944942, 0.9672547663277586, 0.9802147399310819]
iteration  3
iteration  3  icl  [1.768384849700685, 1.749287504991329, 1.7961564167305195, 1.7711653186302012]
iteration  3  idg  [0.9617010549944942, 0.9672547663277586, 0.9802147399310819, 0.9550327018259093]
iteration  4
iteration  4  icl  [1.768384849700685, 1.749287504991329, 1.7961564167305195, 1.7711653186302012, 1.7809456733790445]
iteration  4  idg  [0.9617010549944942, 0.9672547663277586, 0.9802147399310819, 0.9550327018259093, 0.9540173826652714]
iteration  5
iteration  5  icl  [1.768384849700685, 1.749287504991329, 1.7961564167305195, 1.7711653186302012, 1.7809456733790445, 1.7428358581220946]
iteration  5  idg  [0.9617010549944942, 0.9672547663277586, 0.9802147399310819, 0.9550327018259093, 0.9540173826652714, 0.9425407428391461]
iteration  6
iteration  6  icl  [1.768384849700685, 1.749287504991329, 1.7961564167305195, 1.7711653186302012, 1.7809456733790445, 1.7428358581220946, 1.7620661195475549]
iteration  6  idg  [0.9617010549944942, 0.9672547663277586, 0.9802147399310819, 0.9550327018259093, 0.9540173826652714, 0.9425407428391461, 0.9615988538150182]
iteration  7
iteration  7  icl  [1.768384849700685, 1.749287504991329, 1.7961564167305195, 1.7711653186302012, 1.7809456733790445, 1.7428358581220946, 1.7620661195475549, 1.75801211810324]
iteration  7  idg  [0.9617010549944942, 0.9672547663277586, 0.9802147399310819, 0.9550327018259093, 0.9540173826652714, 0.9425407428391461, 0.9615988538150182, 0.9527997252731677]
iteration  8
iteration  8  icl  [1.768384849700685, 1.749287504991329, 1.7961564167305195, 1.7711653186302012, 1.7809456733790445, 1.7428358581220946, 1.7620661195475549, 1.75801211810324, 1.749537685622415]
iteration  8  idg  [0.9617010549944942, 0.9672547663277586, 0.9802147399310819, 0.9550327018259093, 0.9540173826652714, 0.9425407428391461, 0.9615988538150182, 0.9527997252731677, 0.9311475230527388]
iteration  9
iteration  9  icl  [1.768384849700685, 1.749287504991329, 1.7961564167305195, 1.7711653186302012, 1.7809456733790445, 1.7428358581220946, 1.7620661195475549, 1.75801211810324, 1.749537685622415, 1.8198572928830585]
iteration  9  idg  [0.9617010549944942, 0.9672547663277586, 0.9802147399310819, 0.9550327018259093, 0.9540173826652714, 0.9425407428391461, 0.9615988538150182, 0.9527997252731677, 0.9311475230527388, 0.9782558049143935]
iteration  0
iteration  0  icl  [1.2883055651803532]
iteration  0  idg  [0.6229031605866733]
iteration  1
iteration  1  icl  [1.2883055651803532, 1.2570148899252962]
iteration  1  idg  [0.6229031605866733, 0.6250284307586162]
iteration  2
iteration  2  icl  [1.2883055651803532, 1.2570148899252962, 1.2923875820238775]
iteration  2  idg  [0.6229031605866733, 0.6250284307586162, 0.6284713331941518]
iteration  3
iteration  3  icl  [1.2883055651803532, 1.2570148899252962, 1.2923875820238775, 1.2819822130317606]
iteration  3  idg  [0.6229031605866733, 0.6250284307586162, 0.6284713331941518, 0.6296405469836419]
iteration  4
iteration  4  icl  [1.2883055651803532, 1.2570148899252962, 1.2923875820238775, 1.2819822130317606, 1.270365883953859]
iteration  4  idg  [0.6229031605866733, 0.6250284307586162, 0.6284713331941518, 0.6296405469836419, 0.6118168480382582]
iteration  5
iteration  5  icl  [1.2883055651803532, 1.2570148899252962, 1.2923875820238775, 1.2819822130317606, 1.270365883953859, 1.3008187714507777]
iteration  5  idg  [0.6229031605866733, 0.6250284307586162, 0.6284713331941518, 0.6296405469836419, 0.6118168480382582, 0.6432015365635337]
iteration  6
iteration  6  icl  [1.2883055651803532, 1.2570148899252962, 1.2923875820238775, 1.2819822130317606, 1.270365883953859, 1.3008187714507777, 1.273834674625002]
iteration  6  idg  [0.6229031605866733, 0.6250284307586162, 0.6284713331941518, 0.6296405469836419, 0.6118168480382582, 0.6432015365635337, 0.6214837041136398]
iteration  7
iteration  7  icl  [1.2883055651803532, 1.2570148899252962, 1.2923875820238775, 1.2819822130317606, 1.270365883953859, 1.3008187714507777, 1.273834674625002, 1.2774604186892535]
iteration  7  idg  [0.6229031605866733, 0.6250284307586162, 0.6284713331941518, 0.6296405469836419, 0.6118168480382582, 0.6432015365635337, 0.6214837041136398, 0.6163174425044566]
iteration  8
iteration  8  icl  [1.2883055651803532, 1.2570148899252962, 1.2923875820238775, 1.2819822130317606, 1.270365883953859, 1.3008187714507777, 1.273834674625002, 1.2774604186892535, 1.2758378156584511]
iteration  8  idg  [0.6229031605866733, 0.6250284307586162, 0.6284713331941518, 0.6296405469836419, 0.6118168480382582, 0.6432015365635337, 0.6214837041136398, 0.6163174425044566, 0.6341489835513026]
iteration  9
iteration  9  icl  [1.2883055651803532, 1.2570148899252962, 1.2923875820238775, 1.2819822130317606, 1.270365883953859, 1.3008187714507777, 1.273834674625002, 1.2774604186892535, 1.2758378156584511, 1.267221807442528]
iteration  9  idg  [0.6229031605866733, 0.6250284307586162, 0.6284713331941518, 0.6296405469836419, 0.6118168480382582, 0.6432015365635337, 0.6214837041136398, 0.6163174425044566, 0.6341489835513026, 0.6173778983855713]
iclmean [1.04656736 1.30500792 3.27416878 4.16739165 1.76982488 1.27852296]
iclstd [0.0040435  0.00852497 0.07146102 0.12035215 0.02255135 0.01218264]
idgmean [0.80638483 0.82931829 2.16371212 2.62900041 0.95845633 0.62503899]
idgstd [0.00490392 0.00973484 0.05534399 0.07425574 0.01423293 0.00878982]
