d  100
alpha 100.0
kappa 0.5
lambda 1e-08
iteration  0
iteration  0  icl  [0.8226091282080523]
iteration  0  idg  [0.5002089889871644]
iteration  1
iteration  1  icl  [0.8226091282080523, 0.8174264079591438]
iteration  1  idg  [0.5002089889871644, 0.49526282298175794]
iteration  2
iteration  2  icl  [0.8226091282080523, 0.8174264079591438, 0.8296289298913232]
iteration  2  idg  [0.5002089889871644, 0.49526282298175794, 0.534835439252479]
iteration  3
iteration  3  icl  [0.8226091282080523, 0.8174264079591438, 0.8296289298913232, 0.8216740975121319]
iteration  3  idg  [0.5002089889871644, 0.49526282298175794, 0.534835439252479, 0.4952269571777599]
iteration  4
iteration  4  icl  [0.8226091282080523, 0.8174264079591438, 0.8296289298913232, 0.8216740975121319, 0.8218118351198225]
iteration  4  idg  [0.5002089889871644, 0.49526282298175794, 0.534835439252479, 0.4952269571777599, 0.5096848080506735]
iteration  5
iteration  5  icl  [0.8226091282080523, 0.8174264079591438, 0.8296289298913232, 0.8216740975121319, 0.8218118351198225, 0.818648293638683]
iteration  5  idg  [0.5002089889871644, 0.49526282298175794, 0.534835439252479, 0.4952269571777599, 0.5096848080506735, 0.5013419599354572]
iteration  6
iteration  6  icl  [0.8226091282080523, 0.8174264079591438, 0.8296289298913232, 0.8216740975121319, 0.8218118351198225, 0.818648293638683, 0.8182109245082076]
iteration  6  idg  [0.5002089889871644, 0.49526282298175794, 0.534835439252479, 0.4952269571777599, 0.5096848080506735, 0.5013419599354572, 0.5017186619186083]
iteration  7
iteration  7  icl  [0.8226091282080523, 0.8174264079591438, 0.8296289298913232, 0.8216740975121319, 0.8218118351198225, 0.818648293638683, 0.8182109245082076, 0.810442079327736]
iteration  7  idg  [0.5002089889871644, 0.49526282298175794, 0.534835439252479, 0.4952269571777599, 0.5096848080506735, 0.5013419599354572, 0.5017186619186083, 0.48237722595154375]
iteration  8
iteration  8  icl  [0.8226091282080523, 0.8174264079591438, 0.8296289298913232, 0.8216740975121319, 0.8218118351198225, 0.818648293638683, 0.8182109245082076, 0.810442079327736, 0.8227348236529243]
iteration  8  idg  [0.5002089889871644, 0.49526282298175794, 0.534835439252479, 0.4952269571777599, 0.5096848080506735, 0.5013419599354572, 0.5017186619186083, 0.48237722595154375, 0.5050777382643785]
iteration  9
iteration  9  icl  [0.8226091282080523, 0.8174264079591438, 0.8296289298913232, 0.8216740975121319, 0.8218118351198225, 0.818648293638683, 0.8182109245082076, 0.810442079327736, 0.8227348236529243, 0.8111659677163212]
iteration  9  idg  [0.5002089889871644, 0.49526282298175794, 0.534835439252479, 0.4952269571777599, 0.5096848080506735, 0.5013419599354572, 0.5017186619186083, 0.48237722595154375, 0.5050777382643785, 0.47301200033088575]
iteration  0
iteration  0  icl  [0.717541273406954]
iteration  0  idg  [0.12546496817173525]
iteration  1
iteration  1  icl  [0.717541273406954, 0.7142291642466535]
iteration  1  idg  [0.12546496817173525, 0.121635167923273]
iteration  2
iteration  2  icl  [0.717541273406954, 0.7142291642466535, 0.7050980977390989]
iteration  2  idg  [0.12546496817173525, 0.121635167923273, 0.12031656575624905]
iteration  3
iteration  3  icl  [0.717541273406954, 0.7142291642466535, 0.7050980977390989, 0.7121342172329693]
iteration  3  idg  [0.12546496817173525, 0.121635167923273, 0.12031656575624905, 0.13031293795918808]
iteration  4
iteration  4  icl  [0.717541273406954, 0.7142291642466535, 0.7050980977390989, 0.7121342172329693, 0.6981696467971745]
iteration  4  idg  [0.12546496817173525, 0.121635167923273, 0.12031656575624905, 0.13031293795918808, 0.1253423206205284]
iteration  5
iteration  5  icl  [0.717541273406954, 0.7142291642466535, 0.7050980977390989, 0.7121342172329693, 0.6981696467971745, 0.6993005605766518]
iteration  5  idg  [0.12546496817173525, 0.121635167923273, 0.12031656575624905, 0.13031293795918808, 0.1253423206205284, 0.11698494365321732]
iteration  6
iteration  6  icl  [0.717541273406954, 0.7142291642466535, 0.7050980977390989, 0.7121342172329693, 0.6981696467971745, 0.6993005605766518, 0.7060836204109564]
iteration  6  idg  [0.12546496817173525, 0.121635167923273, 0.12031656575624905, 0.13031293795918808, 0.1253423206205284, 0.11698494365321732, 0.12610648293275917]
iteration  7
iteration  7  icl  [0.717541273406954, 0.7142291642466535, 0.7050980977390989, 0.7121342172329693, 0.6981696467971745, 0.6993005605766518, 0.7060836204109564, 0.7061733830946267]
iteration  7  idg  [0.12546496817173525, 0.121635167923273, 0.12031656575624905, 0.13031293795918808, 0.1253423206205284, 0.11698494365321732, 0.12610648293275917, 0.11200679085780907]
iteration  8
iteration  8  icl  [0.717541273406954, 0.7142291642466535, 0.7050980977390989, 0.7121342172329693, 0.6981696467971745, 0.6993005605766518, 0.7060836204109564, 0.7061733830946267, 0.7005414203889367]
iteration  8  idg  [0.12546496817173525, 0.121635167923273, 0.12031656575624905, 0.13031293795918808, 0.1253423206205284, 0.11698494365321732, 0.12610648293275917, 0.11200679085780907, 0.1204847868068184]
iteration  9
iteration  9  icl  [0.717541273406954, 0.7142291642466535, 0.7050980977390989, 0.7121342172329693, 0.6981696467971745, 0.6993005605766518, 0.7060836204109564, 0.7061733830946267, 0.7005414203889367, 0.7073720648128482]
iteration  9  idg  [0.12546496817173525, 0.121635167923273, 0.12031656575624905, 0.13031293795918808, 0.1253423206205284, 0.11698494365321732, 0.12610648293275917, 0.11200679085780907, 0.1204847868068184, 0.12544160145121497]
iteration  0
iteration  0  icl  [3.989544276812369]
iteration  0  idg  [0.11575133930631676]
iteration  1
iteration  1  icl  [3.989544276812369, 3.9728578357856716]
iteration  1  idg  [0.11575133930631676, 0.11639598052930777]
iteration  2
iteration  2  icl  [3.989544276812369, 3.9728578357856716, 4.220540597769676]
iteration  2  idg  [0.11575133930631676, 0.11639598052930777, 0.12312925001104102]
iteration  3
iteration  3  icl  [3.989544276812369, 3.9728578357856716, 4.220540597769676, 4.146636652780858]
iteration  3  idg  [0.11575133930631676, 0.11639598052930777, 0.12312925001104102, 0.1163637674520579]
iteration  4
iteration  4  icl  [3.989544276812369, 3.9728578357856716, 4.220540597769676, 4.146636652780858, 4.105458799128561]
iteration  4  idg  [0.11575133930631676, 0.11639598052930777, 0.12312925001104102, 0.1163637674520579, 0.11770593597030943]
iteration  5
iteration  5  icl  [3.989544276812369, 3.9728578357856716, 4.220540597769676, 4.146636652780858, 4.105458799128561, 3.707057083233953]
iteration  5  idg  [0.11575133930631676, 0.11639598052930777, 0.12312925001104102, 0.1163637674520579, 0.11770593597030943, 0.11374359672605983]
iteration  6
iteration  6  icl  [3.989544276812369, 3.9728578357856716, 4.220540597769676, 4.146636652780858, 4.105458799128561, 3.707057083233953, 3.8898256424511604]
iteration  6  idg  [0.11575133930631676, 0.11639598052930777, 0.12312925001104102, 0.1163637674520579, 0.11770593597030943, 0.11374359672605983, 0.11427215394012191]
iteration  7
iteration  7  icl  [3.989544276812369, 3.9728578357856716, 4.220540597769676, 4.146636652780858, 4.105458799128561, 3.707057083233953, 3.8898256424511604, 3.5589965297693325]
iteration  7  idg  [0.11575133930631676, 0.11639598052930777, 0.12312925001104102, 0.1163637674520579, 0.11770593597030943, 0.11374359672605983, 0.11427215394012191, 0.10668070507670491]
iteration  8
iteration  8  icl  [3.989544276812369, 3.9728578357856716, 4.220540597769676, 4.146636652780858, 4.105458799128561, 3.707057083233953, 3.8898256424511604, 3.5589965297693325, 3.9217140639589614]
iteration  8  idg  [0.11575133930631676, 0.11639598052930777, 0.12312925001104102, 0.1163637674520579, 0.11770593597030943, 0.11374359672605983, 0.11427215394012191, 0.10668070507670491, 0.11727479929006868]
iteration  9
iteration  9  icl  [3.989544276812369, 3.9728578357856716, 4.220540597769676, 4.146636652780858, 4.105458799128561, 3.707057083233953, 3.8898256424511604, 3.5589965297693325, 3.9217140639589614, 4.085170881202779]
iteration  9  idg  [0.11575133930631676, 0.11639598052930777, 0.12312925001104102, 0.1163637674520579, 0.11770593597030943, 0.11374359672605983, 0.11427215394012191, 0.10668070507670491, 0.11727479929006868, 0.1208385442224107]
iteration  0
iteration  0  icl  [6.281875425935406]
iteration  0  idg  [0.12225344729179222]
iteration  1
iteration  1  icl  [6.281875425935406, 6.416252909925371]
iteration  1  idg  [0.12225344729179222, 0.12923575094611905]
iteration  2
iteration  2  icl  [6.281875425935406, 6.416252909925371, 6.467688827400953]
iteration  2  idg  [0.12225344729179222, 0.12923575094611905, 0.1295637150977449]
iteration  3
iteration  3  icl  [6.281875425935406, 6.416252909925371, 6.467688827400953, 6.8327068937145174]
iteration  3  idg  [0.12225344729179222, 0.12923575094611905, 0.1295637150977449, 0.13378272129781643]
iteration  4
iteration  4  icl  [6.281875425935406, 6.416252909925371, 6.467688827400953, 6.8327068937145174, 6.204380482199469]
iteration  4  idg  [0.12225344729179222, 0.12923575094611905, 0.1295637150977449, 0.13378272129781643, 0.12361517174791903]
iteration  5
iteration  5  icl  [6.281875425935406, 6.416252909925371, 6.467688827400953, 6.8327068937145174, 6.204380482199469, 6.361134998979083]
iteration  5  idg  [0.12225344729179222, 0.12923575094611905, 0.1295637150977449, 0.13378272129781643, 0.12361517174791903, 0.1263073026217123]
iteration  6
iteration  6  icl  [6.281875425935406, 6.416252909925371, 6.467688827400953, 6.8327068937145174, 6.204380482199469, 6.361134998979083, 6.40987589219646]
iteration  6  idg  [0.12225344729179222, 0.12923575094611905, 0.1295637150977449, 0.13378272129781643, 0.12361517174791903, 0.1263073026217123, 0.12695053985379356]
iteration  7
iteration  7  icl  [6.281875425935406, 6.416252909925371, 6.467688827400953, 6.8327068937145174, 6.204380482199469, 6.361134998979083, 6.40987589219646, 6.463904193172541]
iteration  7  idg  [0.12225344729179222, 0.12923575094611905, 0.1295637150977449, 0.13378272129781643, 0.12361517174791903, 0.1263073026217123, 0.12695053985379356, 0.1260606245935707]
iteration  8
iteration  8  icl  [6.281875425935406, 6.416252909925371, 6.467688827400953, 6.8327068937145174, 6.204380482199469, 6.361134998979083, 6.40987589219646, 6.463904193172541, 6.392648707571229]
iteration  8  idg  [0.12225344729179222, 0.12923575094611905, 0.1295637150977449, 0.13378272129781643, 0.12361517174791903, 0.1263073026217123, 0.12695053985379356, 0.1260606245935707, 0.1267869428431876]
iteration  9
iteration  9  icl  [6.281875425935406, 6.416252909925371, 6.467688827400953, 6.8327068937145174, 6.204380482199469, 6.361134998979083, 6.40987589219646, 6.463904193172541, 6.392648707571229, 6.212105041093843]
iteration  9  idg  [0.12225344729179222, 0.12923575094611905, 0.1295637150977449, 0.13378272129781643, 0.12361517174791903, 0.1263073026217123, 0.12695053985379356, 0.1260606245935707, 0.1267869428431876, 0.12339184506120393]
iteration  0
iteration  0  icl  [2.1540327723445936]
iteration  0  idg  [0.04620191698616183]
iteration  1
iteration  1  icl  [2.1540327723445936, 2.284289636431011]
iteration  1  idg  [0.04620191698616183, 0.047588211299853134]
iteration  2
iteration  2  icl  [2.1540327723445936, 2.284289636431011, 2.2013113471261425]
iteration  2  idg  [0.04620191698616183, 0.047588211299853134, 0.04660045830979165]
iteration  3
iteration  3  icl  [2.1540327723445936, 2.284289636431011, 2.2013113471261425, 2.275331160246524]
iteration  3  idg  [0.04620191698616183, 0.047588211299853134, 0.04660045830979165, 0.047483909783291534]
iteration  4
iteration  4  icl  [2.1540327723445936, 2.284289636431011, 2.2013113471261425, 2.275331160246524, 2.176538852962393]
iteration  4  idg  [0.04620191698616183, 0.047588211299853134, 0.04660045830979165, 0.047483909783291534, 0.0467508824549423]
iteration  5
iteration  5  icl  [2.1540327723445936, 2.284289636431011, 2.2013113471261425, 2.275331160246524, 2.176538852962393, 2.2395101965418527]
iteration  5  idg  [0.04620191698616183, 0.047588211299853134, 0.04660045830979165, 0.047483909783291534, 0.0467508824549423, 0.047604144041070384]
iteration  6
iteration  6  icl  [2.1540327723445936, 2.284289636431011, 2.2013113471261425, 2.275331160246524, 2.176538852962393, 2.2395101965418527, 2.150475029267033]
iteration  6  idg  [0.04620191698616183, 0.047588211299853134, 0.04660045830979165, 0.047483909783291534, 0.0467508824549423, 0.047604144041070384, 0.04605022001473791]
iteration  7
iteration  7  icl  [2.1540327723445936, 2.284289636431011, 2.2013113471261425, 2.275331160246524, 2.176538852962393, 2.2395101965418527, 2.150475029267033, 2.202927040367253]
iteration  7  idg  [0.04620191698616183, 0.047588211299853134, 0.04660045830979165, 0.047483909783291534, 0.0467508824549423, 0.047604144041070384, 0.04605022001473791, 0.046952140365449146]
iteration  8
iteration  8  icl  [2.1540327723445936, 2.284289636431011, 2.2013113471261425, 2.275331160246524, 2.176538852962393, 2.2395101965418527, 2.150475029267033, 2.202927040367253, 2.1490501374965234]
iteration  8  idg  [0.04620191698616183, 0.047588211299853134, 0.04660045830979165, 0.047483909783291534, 0.0467508824549423, 0.047604144041070384, 0.04605022001473791, 0.046952140365449146, 0.045840732109501126]
iteration  9
iteration  9  icl  [2.1540327723445936, 2.284289636431011, 2.2013113471261425, 2.275331160246524, 2.176538852962393, 2.2395101965418527, 2.150475029267033, 2.202927040367253, 2.1490501374965234, 2.1430321880867544]
iteration  9  idg  [0.04620191698616183, 0.047588211299853134, 0.04660045830979165, 0.047483909783291534, 0.0467508824549423, 0.047604144041070384, 0.04605022001473791, 0.046952140365449146, 0.045840732109501126, 0.04539962545715559]
iteration  0
iteration  0  icl  [1.3260677869843565]
iteration  0  idg  [0.03030998368759108]
iteration  1
iteration  1  icl  [1.3260677869843565, 1.325646715217155]
iteration  1  idg  [0.03030998368759108, 0.030487772359707677]
iteration  2
iteration  2  icl  [1.3260677869843565, 1.325646715217155, 1.3032176017336874]
iteration  2  idg  [0.03030998368759108, 0.030487772359707677, 0.030628737722500077]
iteration  3
iteration  3  icl  [1.3260677869843565, 1.325646715217155, 1.3032176017336874, 1.347280601478423]
iteration  3  idg  [0.03030998368759108, 0.030487772359707677, 0.030628737722500077, 0.030552181492727204]
iteration  4
iteration  4  icl  [1.3260677869843565, 1.325646715217155, 1.3032176017336874, 1.347280601478423, 1.3400631719839988]
iteration  4  idg  [0.03030998368759108, 0.030487772359707677, 0.030628737722500077, 0.030552181492727204, 0.030146054283483936]
iteration  5
iteration  5  icl  [1.3260677869843565, 1.325646715217155, 1.3032176017336874, 1.347280601478423, 1.3400631719839988, 1.3410926331137356]
iteration  5  idg  [0.03030998368759108, 0.030487772359707677, 0.030628737722500077, 0.030552181492727204, 0.030146054283483936, 0.03053322596435626]
iteration  6
iteration  6  icl  [1.3260677869843565, 1.325646715217155, 1.3032176017336874, 1.347280601478423, 1.3400631719839988, 1.3410926331137356, 1.3673590218894]
iteration  6  idg  [0.03030998368759108, 0.030487772359707677, 0.030628737722500077, 0.030552181492727204, 0.030146054283483936, 0.03053322596435626, 0.030759318493876586]
iteration  7
iteration  7  icl  [1.3260677869843565, 1.325646715217155, 1.3032176017336874, 1.347280601478423, 1.3400631719839988, 1.3410926331137356, 1.3673590218894, 1.346132601179669]
iteration  7  idg  [0.03030998368759108, 0.030487772359707677, 0.030628737722500077, 0.030552181492727204, 0.030146054283483936, 0.03053322596435626, 0.030759318493876586, 0.030595866507625802]
iteration  8
iteration  8  icl  [1.3260677869843565, 1.325646715217155, 1.3032176017336874, 1.347280601478423, 1.3400631719839988, 1.3410926331137356, 1.3673590218894, 1.346132601179669, 1.410395867001117]
iteration  8  idg  [0.03030998368759108, 0.030487772359707677, 0.030628737722500077, 0.030552181492727204, 0.030146054283483936, 0.03053322596435626, 0.030759318493876586, 0.030595866507625802, 0.030800373210436494]
iteration  9
iteration  9  icl  [1.3260677869843565, 1.325646715217155, 1.3032176017336874, 1.347280601478423, 1.3400631719839988, 1.3410926331137356, 1.3673590218894, 1.346132601179669, 1.410395867001117, 1.399780937558587]
iteration  9  idg  [0.03030998368759108, 0.030487772359707677, 0.030628737722500077, 0.030552181492727204, 0.030146054283483936, 0.03053322596435626, 0.030759318493876586, 0.030595866507625802, 0.030800373210436494, 0.03096469352581166]
iclmean [0.81943525 0.70666434 3.95978024 6.40425734 2.19764984 1.35070369]
iclstd [0.00539392 0.00610624 0.19280885 0.16886997 0.05025235 0.03158646]
idgmean [0.49987466 0.12240966 0.11621561 0.12679481 0.04664722 0.03057782]
idgstd [0.01556234 0.00499589 0.00416636 0.00324917 0.00073272 0.00022449]
