d is  50
alpha is 100
kappa is 0.5
lambda 1e-08
0.2 100 0.5
iteration  0
iteration  0  icl vals  [0.809927815160887]
iteration  0  idg vals  [0.4985363822053017]
iteration  1
iteration  1  icl vals  [0.809927815160887, 0.8191993940295601]
iteration  1  idg vals  [0.4985363822053017, 0.504464660784685]
iteration  2
iteration  2  icl vals  [0.809927815160887, 0.8191993940295601, 0.8351534196980618]
iteration  2  idg vals  [0.4985363822053017, 0.504464660784685, 0.5085353356829023]
iteration  3
iteration  3  icl vals  [0.809927815160887, 0.8191993940295601, 0.8351534196980618, 0.8115622051355231]
iteration  3  idg vals  [0.4985363822053017, 0.504464660784685, 0.5085353356829023, 0.5149881732548731]
iteration  4
iteration  4  icl vals  [0.809927815160887, 0.8191993940295601, 0.8351534196980618, 0.8115622051355231, 0.8230665712301477]
iteration  4  idg vals  [0.4985363822053017, 0.504464660784685, 0.5085353356829023, 0.5149881732548731, 0.5058580885629465]
iteration  5
iteration  5  icl vals  [0.809927815160887, 0.8191993940295601, 0.8351534196980618, 0.8115622051355231, 0.8230665712301477, 0.810292504015454]
iteration  5  idg vals  [0.4985363822053017, 0.504464660784685, 0.5085353356829023, 0.5149881732548731, 0.5058580885629465, 0.48362032019551604]
iteration  6
iteration  6  icl vals  [0.809927815160887, 0.8191993940295601, 0.8351534196980618, 0.8115622051355231, 0.8230665712301477, 0.810292504015454, 0.8118367039484347]
iteration  6  idg vals  [0.4985363822053017, 0.504464660784685, 0.5085353356829023, 0.5149881732548731, 0.5058580885629465, 0.48362032019551604, 0.4900458348932606]
iteration  7
iteration  7  icl vals  [0.809927815160887, 0.8191993940295601, 0.8351534196980618, 0.8115622051355231, 0.8230665712301477, 0.810292504015454, 0.8118367039484347, 0.8215215460731673]
iteration  7  idg vals  [0.4985363822053017, 0.504464660784685, 0.5085353356829023, 0.5149881732548731, 0.5058580885629465, 0.48362032019551604, 0.4900458348932606, 0.48460803323903545]
iteration  8
iteration  8  icl vals  [0.809927815160887, 0.8191993940295601, 0.8351534196980618, 0.8115622051355231, 0.8230665712301477, 0.810292504015454, 0.8118367039484347, 0.8215215460731673, 0.8281330925685366]
iteration  8  idg vals  [0.4985363822053017, 0.504464660784685, 0.5085353356829023, 0.5149881732548731, 0.5058580885629465, 0.48362032019551604, 0.4900458348932606, 0.48460803323903545, 0.5304184926330295]
iteration  9
iteration  9  icl vals  [0.809927815160887, 0.8191993940295601, 0.8351534196980618, 0.8115622051355231, 0.8230665712301477, 0.810292504015454, 0.8118367039484347, 0.8215215460731673, 0.8281330925685366, 0.8360855023113993]
iteration  9  idg vals  [0.4985363822053017, 0.504464660784685, 0.5085353356829023, 0.5149881732548731, 0.5058580885629465, 0.48362032019551604, 0.4900458348932606, 0.48460803323903545, 0.5304184926330295, 0.5090934813939803]
0.5 100 0.5
iteration  0
iteration  0  icl vals  [0.7232657933169979]
iteration  0  idg vals  [0.12485713902765383]
iteration  1
iteration  1  icl vals  [0.7232657933169979, 0.772913588937375]
iteration  1  idg vals  [0.12485713902765383, 0.1312510453643747]
iteration  2
iteration  2  icl vals  [0.7232657933169979, 0.772913588937375, 0.7433288941888029]
iteration  2  idg vals  [0.12485713902765383, 0.1312510453643747, 0.12423932542985727]
iteration  3
iteration  3  icl vals  [0.7232657933169979, 0.772913588937375, 0.7433288941888029, 0.7290826359131959]
iteration  3  idg vals  [0.12485713902765383, 0.1312510453643747, 0.12423932542985727, 0.12743467165706557]
iteration  4
iteration  4  icl vals  [0.7232657933169979, 0.772913588937375, 0.7433288941888029, 0.7290826359131959, 0.7759203707641625]
iteration  4  idg vals  [0.12485713902765383, 0.1312510453643747, 0.12423932542985727, 0.12743467165706557, 0.14745062801522657]
iteration  5
iteration  5  icl vals  [0.7232657933169979, 0.772913588937375, 0.7433288941888029, 0.7290826359131959, 0.7759203707641625, 0.7570836088820928]
iteration  5  idg vals  [0.12485713902765383, 0.1312510453643747, 0.12423932542985727, 0.12743467165706557, 0.14745062801522657, 0.13572404105571523]
iteration  6
iteration  6  icl vals  [0.7232657933169979, 0.772913588937375, 0.7433288941888029, 0.7290826359131959, 0.7759203707641625, 0.7570836088820928, 0.7206439703401567]
iteration  6  idg vals  [0.12485713902765383, 0.1312510453643747, 0.12423932542985727, 0.12743467165706557, 0.14745062801522657, 0.13572404105571523, 0.1362586820595857]
iteration  7
iteration  7  icl vals  [0.7232657933169979, 0.772913588937375, 0.7433288941888029, 0.7290826359131959, 0.7759203707641625, 0.7570836088820928, 0.7206439703401567, 0.7612280138031152]
iteration  7  idg vals  [0.12485713902765383, 0.1312510453643747, 0.12423932542985727, 0.12743467165706557, 0.14745062801522657, 0.13572404105571523, 0.1362586820595857, 0.12853853546241023]
iteration  8
iteration  8  icl vals  [0.7232657933169979, 0.772913588937375, 0.7433288941888029, 0.7290826359131959, 0.7759203707641625, 0.7570836088820928, 0.7206439703401567, 0.7612280138031152, 0.763614017433767]
iteration  8  idg vals  [0.12485713902765383, 0.1312510453643747, 0.12423932542985727, 0.12743467165706557, 0.14745062801522657, 0.13572404105571523, 0.1362586820595857, 0.12853853546241023, 0.14402513033052822]
iteration  9
iteration  9  icl vals  [0.7232657933169979, 0.772913588937375, 0.7433288941888029, 0.7290826359131959, 0.7759203707641625, 0.7570836088820928, 0.7206439703401567, 0.7612280138031152, 0.763614017433767, 0.7446412411124187]
iteration  9  idg vals  [0.12485713902765383, 0.1312510453643747, 0.12423932542985727, 0.12743467165706557, 0.14745062801522657, 0.13572404105571523, 0.1362586820595857, 0.12853853546241023, 0.14402513033052822, 0.13632263537206435]
0.85 100 0.5
iteration  0
iteration  0  icl vals  [3.489884698527612]
iteration  0  idg vals  [0.10605910009616637]
iteration  1
iteration  1  icl vals  [3.489884698527612, 3.6847403526084364]
iteration  1  idg vals  [0.10605910009616637, 0.11420877801161877]
iteration  2
iteration  2  icl vals  [3.489884698527612, 3.6847403526084364, 3.7040247806330147]
iteration  2  idg vals  [0.10605910009616637, 0.11420877801161877, 0.11573929377890413]
iteration  3
iteration  3  icl vals  [3.489884698527612, 3.6847403526084364, 3.7040247806330147, 3.6366871686294804]
iteration  3  idg vals  [0.10605910009616637, 0.11420877801161877, 0.11573929377890413, 0.10991994177763176]
iteration  4
iteration  4  icl vals  [3.489884698527612, 3.6847403526084364, 3.7040247806330147, 3.6366871686294804, 3.9963433906124766]
iteration  4  idg vals  [0.10605910009616637, 0.11420877801161877, 0.11573929377890413, 0.10991994177763176, 0.10934288246720181]
iteration  5
iteration  5  icl vals  [3.489884698527612, 3.6847403526084364, 3.7040247806330147, 3.6366871686294804, 3.9963433906124766, 4.001810582010684]
iteration  5  idg vals  [0.10605910009616637, 0.11420877801161877, 0.11573929377890413, 0.10991994177763176, 0.10934288246720181, 0.12503905316939234]
iteration  6
iteration  6  icl vals  [3.489884698527612, 3.6847403526084364, 3.7040247806330147, 3.6366871686294804, 3.9963433906124766, 4.001810582010684, 4.269199716853182]
iteration  6  idg vals  [0.10605910009616637, 0.11420877801161877, 0.11573929377890413, 0.10991994177763176, 0.10934288246720181, 0.12503905316939234, 0.1340373525970504]
iteration  7
iteration  7  icl vals  [3.489884698527612, 3.6847403526084364, 3.7040247806330147, 3.6366871686294804, 3.9963433906124766, 4.001810582010684, 4.269199716853182, 4.122473806450535]
iteration  7  idg vals  [0.10605910009616637, 0.11420877801161877, 0.11573929377890413, 0.10991994177763176, 0.10934288246720181, 0.12503905316939234, 0.1340373525970504, 0.13269740592766466]
iteration  8
iteration  8  icl vals  [3.489884698527612, 3.6847403526084364, 3.7040247806330147, 3.6366871686294804, 3.9963433906124766, 4.001810582010684, 4.269199716853182, 4.122473806450535, 3.7740330897625145]
iteration  8  idg vals  [0.10605910009616637, 0.11420877801161877, 0.11573929377890413, 0.10991994177763176, 0.10934288246720181, 0.12503905316939234, 0.1340373525970504, 0.13269740592766466, 0.1087394758369733]
iteration  9
iteration  9  icl vals  [3.489884698527612, 3.6847403526084364, 3.7040247806330147, 3.6366871686294804, 3.9963433906124766, 4.001810582010684, 4.269199716853182, 4.122473806450535, 3.7740330897625145, 3.981054350016035]
iteration  9  idg vals  [0.10605910009616637, 0.11420877801161877, 0.11573929377890413, 0.10991994177763176, 0.10934288246720181, 0.12503905316939234, 0.1340373525970504, 0.13269740592766466, 0.1087394758369733, 0.1252763971131956]
iclmean [0.8206778754171171, 0.7491722134692085, 3.8660251936103966]
iclstd [0.009464679914707529, 0.019075857796806376, 0.23208107947687984]
idgmean [0.503016880284553, 0.13361018337744818, 0.11810596807757992]
idgstd [0.013693583362202454, 0.007434529016649569, 0.009816577465617385]
