d  80
alpha 100
kappa 0.5
lambda 1e-08
iteration  0
iteration  0  icl  [5.151453840904496]
iteration  0  idg  [0.10248115319619577]
iteration  1
iteration  1  icl  [5.151453840904496, 4.822534184040775]
iteration  1  idg  [0.10248115319619577, 0.0969318764475171]
iteration  2
iteration  2  icl  [5.151453840904496, 4.822534184040775, 4.865702844839509]
iteration  2  idg  [0.10248115319619577, 0.0969318764475171, 0.09665578350589543]
iteration  3
iteration  3  icl  [5.151453840904496, 4.822534184040775, 4.865702844839509, 4.855358583312784]
iteration  3  idg  [0.10248115319619577, 0.0969318764475171, 0.09665578350589543, 0.09634489695239634]
iteration  4
iteration  4  icl  [5.151453840904496, 4.822534184040775, 4.865702844839509, 4.855358583312784, 5.1200741115198865]
iteration  4  idg  [0.10248115319619577, 0.0969318764475171, 0.09665578350589543, 0.09634489695239634, 0.09842787180951684]
iteration  5
iteration  5  icl  [5.151453840904496, 4.822534184040775, 4.865702844839509, 4.855358583312784, 5.1200741115198865, 5.139015732141313]
iteration  5  idg  [0.10248115319619577, 0.0969318764475171, 0.09665578350589543, 0.09634489695239634, 0.09842787180951684, 0.10331020878656716]
iteration  6
iteration  6  icl  [5.151453840904496, 4.822534184040775, 4.865702844839509, 4.855358583312784, 5.1200741115198865, 5.139015732141313, 4.874476680200388]
iteration  6  idg  [0.10248115319619577, 0.0969318764475171, 0.09665578350589543, 0.09634489695239634, 0.09842787180951684, 0.10331020878656716, 0.09944208150537381]
iteration  7
iteration  7  icl  [5.151453840904496, 4.822534184040775, 4.865702844839509, 4.855358583312784, 5.1200741115198865, 5.139015732141313, 4.874476680200388, 5.2169864166326345]
iteration  7  idg  [0.10248115319619577, 0.0969318764475171, 0.09665578350589543, 0.09634489695239634, 0.09842787180951684, 0.10331020878656716, 0.09944208150537381, 0.09997101254018714]
iteration  8
iteration  8  icl  [5.151453840904496, 4.822534184040775, 4.865702844839509, 4.855358583312784, 5.1200741115198865, 5.139015732141313, 4.874476680200388, 5.2169864166326345, 5.080242155130646]
iteration  8  idg  [0.10248115319619577, 0.0969318764475171, 0.09665578350589543, 0.09634489695239634, 0.09842787180951684, 0.10331020878656716, 0.09944208150537381, 0.09997101254018714, 0.10180472558562137]
iteration  9
iteration  9  icl  [5.151453840904496, 4.822534184040775, 4.865702844839509, 4.855358583312784, 5.1200741115198865, 5.139015732141313, 4.874476680200388, 5.2169864166326345, 5.080242155130646, 4.929659557892624]
iteration  9  idg  [0.10248115319619577, 0.0969318764475171, 0.09665578350589543, 0.09634489695239634, 0.09842787180951684, 0.10331020878656716, 0.09944208150537381, 0.09997101254018714, 0.10180472558562137, 0.09838187621331151]
iteration  0
iteration  0  icl  [2.1904458220282406]
iteration  0  idg  [0.04625662375311479]
iteration  1
iteration  1  icl  [2.1904458220282406, 2.252885442855161]
iteration  1  idg  [0.04625662375311479, 0.04719493200378544]
iteration  2
iteration  2  icl  [2.1904458220282406, 2.252885442855161, 2.249244089191635]
iteration  2  idg  [0.04625662375311479, 0.04719493200378544, 0.04667248033043103]
iteration  3
iteration  3  icl  [2.1904458220282406, 2.252885442855161, 2.249244089191635, 2.1946559385374798]
iteration  3  idg  [0.04625662375311479, 0.04719493200378544, 0.04667248033043103, 0.04691790660407147]
iteration  4
iteration  4  icl  [2.1904458220282406, 2.252885442855161, 2.249244089191635, 2.1946559385374798, 2.1647958805817624]
iteration  4  idg  [0.04625662375311479, 0.04719493200378544, 0.04667248033043103, 0.04691790660407147, 0.04587054087009368]
iteration  5
iteration  5  icl  [2.1904458220282406, 2.252885442855161, 2.249244089191635, 2.1946559385374798, 2.1647958805817624, 2.3324832272947194]
iteration  5  idg  [0.04625662375311479, 0.04719493200378544, 0.04667248033043103, 0.04691790660407147, 0.04587054087009368, 0.04776526724325514]
iteration  6
iteration  6  icl  [2.1904458220282406, 2.252885442855161, 2.249244089191635, 2.1946559385374798, 2.1647958805817624, 2.3324832272947194, 2.378279962212396]
iteration  6  idg  [0.04625662375311479, 0.04719493200378544, 0.04667248033043103, 0.04691790660407147, 0.04587054087009368, 0.04776526724325514, 0.04828333119160577]
iteration  7
iteration  7  icl  [2.1904458220282406, 2.252885442855161, 2.249244089191635, 2.1946559385374798, 2.1647958805817624, 2.3324832272947194, 2.378279962212396, 2.163826089674427]
iteration  7  idg  [0.04625662375311479, 0.04719493200378544, 0.04667248033043103, 0.04691790660407147, 0.04587054087009368, 0.04776526724325514, 0.04828333119160577, 0.044629370467878626]
iteration  8
iteration  8  icl  [2.1904458220282406, 2.252885442855161, 2.249244089191635, 2.1946559385374798, 2.1647958805817624, 2.3324832272947194, 2.378279962212396, 2.163826089674427, 2.1807481023345656]
iteration  8  idg  [0.04625662375311479, 0.04719493200378544, 0.04667248033043103, 0.04691790660407147, 0.04587054087009368, 0.04776526724325514, 0.04828333119160577, 0.044629370467878626, 0.046405530477906964]
iteration  9
iteration  9  icl  [2.1904458220282406, 2.252885442855161, 2.249244089191635, 2.1946559385374798, 2.1647958805817624, 2.3324832272947194, 2.378279962212396, 2.163826089674427, 2.1807481023345656, 2.2036206016459943]
iteration  9  idg  [0.04625662375311479, 0.04719493200378544, 0.04667248033043103, 0.04691790660407147, 0.04587054087009368, 0.04776526724325514, 0.04828333119160577, 0.044629370467878626, 0.046405530477906964, 0.0466630221419273]
iteration  0
iteration  0  icl  [1.3296910218869495]
iteration  0  idg  [0.030943120277920677]
iteration  1
iteration  1  icl  [1.3296910218869495, 1.3528194045783957]
iteration  1  idg  [0.030943120277920677, 0.030522990501021807]
iteration  2
iteration  2  icl  [1.3296910218869495, 1.3528194045783957, 1.375329018877299]
iteration  2  idg  [0.030943120277920677, 0.030522990501021807, 0.03056043344823811]
iteration  3
iteration  3  icl  [1.3296910218869495, 1.3528194045783957, 1.375329018877299, 1.3492147524374971]
iteration  3  idg  [0.030943120277920677, 0.030522990501021807, 0.03056043344823811, 0.03080692186327183]
iteration  4
iteration  4  icl  [1.3296910218869495, 1.3528194045783957, 1.375329018877299, 1.3492147524374971, 1.345175996900595]
iteration  4  idg  [0.030943120277920677, 0.030522990501021807, 0.03056043344823811, 0.03080692186327183, 0.0302762436066768]
iteration  5
iteration  5  icl  [1.3296910218869495, 1.3528194045783957, 1.375329018877299, 1.3492147524374971, 1.345175996900595, 1.3616996873369507]
iteration  5  idg  [0.030943120277920677, 0.030522990501021807, 0.03056043344823811, 0.03080692186327183, 0.0302762436066768, 0.030275353388263815]
iteration  6
iteration  6  icl  [1.3296910218869495, 1.3528194045783957, 1.375329018877299, 1.3492147524374971, 1.345175996900595, 1.3616996873369507, 1.3449309435980945]
iteration  6  idg  [0.030943120277920677, 0.030522990501021807, 0.03056043344823811, 0.03080692186327183, 0.0302762436066768, 0.030275353388263815, 0.03036241812719953]
iteration  7
iteration  7  icl  [1.3296910218869495, 1.3528194045783957, 1.375329018877299, 1.3492147524374971, 1.345175996900595, 1.3616996873369507, 1.3449309435980945, 1.2934494250578183]
iteration  7  idg  [0.030943120277920677, 0.030522990501021807, 0.03056043344823811, 0.03080692186327183, 0.0302762436066768, 0.030275353388263815, 0.03036241812719953, 0.030121697375643075]
iteration  8
iteration  8  icl  [1.3296910218869495, 1.3528194045783957, 1.375329018877299, 1.3492147524374971, 1.345175996900595, 1.3616996873369507, 1.3449309435980945, 1.2934494250578183, 1.308491831137792]
iteration  8  idg  [0.030943120277920677, 0.030522990501021807, 0.03056043344823811, 0.03080692186327183, 0.0302762436066768, 0.030275353388263815, 0.03036241812719953, 0.030121697375643075, 0.030141653581904793]
iteration  9
iteration  9  icl  [1.3296910218869495, 1.3528194045783957, 1.375329018877299, 1.3492147524374971, 1.345175996900595, 1.3616996873369507, 1.3449309435980945, 1.2934494250578183, 1.308491831137792, 1.3541806583704474]
iteration  9  idg  [0.030943120277920677, 0.030522990501021807, 0.03056043344823811, 0.03080692186327183, 0.0302762436066768, 0.030275353388263815, 0.03036241812719953, 0.030121697375643075, 0.030141653581904793, 0.030403172226999065]
iclmean [5.00555041 2.23109852 1.34149827]
iclstd [0.14179215 0.06923705 0.02337522]
idgmean [0.09937515 0.0466659  0.0304414 ]
idgstd [0.00236274 0.0009583  0.00025705]
