d  80
alpha 10
kappa 0.5
lambda 1e-08
iteration  0
iteration  0  icl  [2.478796217403978]
iteration  0  idg  [0.3612846226662745]
iteration  1
iteration  1  icl  [2.478796217403978, 2.5892264750758485]
iteration  1  idg  [0.3612846226662745, 0.36697396284447703]
iteration  2
iteration  2  icl  [2.478796217403978, 2.5892264750758485, 2.53607599174349]
iteration  2  idg  [0.3612846226662745, 0.36697396284447703, 0.3727131187749386]
iteration  3
iteration  3  icl  [2.478796217403978, 2.5892264750758485, 2.53607599174349, 2.437811824011459]
iteration  3  idg  [0.3612846226662745, 0.36697396284447703, 0.3727131187749386, 0.3551193330402902]
iteration  4
iteration  4  icl  [2.478796217403978, 2.5892264750758485, 2.53607599174349, 2.437811824011459, 2.4125867045540668]
iteration  4  idg  [0.3612846226662745, 0.36697396284447703, 0.3727131187749386, 0.3551193330402902, 0.3448512192284341]
iteration  5
iteration  5  icl  [2.478796217403978, 2.5892264750758485, 2.53607599174349, 2.437811824011459, 2.4125867045540668, 2.3962540435843844]
iteration  5  idg  [0.3612846226662745, 0.36697396284447703, 0.3727131187749386, 0.3551193330402902, 0.3448512192284341, 0.34345478015608877]
iteration  6
iteration  6  icl  [2.478796217403978, 2.5892264750758485, 2.53607599174349, 2.437811824011459, 2.4125867045540668, 2.3962540435843844, 2.515843641080352]
iteration  6  idg  [0.3612846226662745, 0.36697396284447703, 0.3727131187749386, 0.3551193330402902, 0.3448512192284341, 0.34345478015608877, 0.37326787302604947]
iteration  7
iteration  7  icl  [2.478796217403978, 2.5892264750758485, 2.53607599174349, 2.437811824011459, 2.4125867045540668, 2.3962540435843844, 2.515843641080352, 2.5979643190568056]
iteration  7  idg  [0.3612846226662745, 0.36697396284447703, 0.3727131187749386, 0.3551193330402902, 0.3448512192284341, 0.34345478015608877, 0.37326787302604947, 0.3694508401786245]
iteration  8
iteration  8  icl  [2.478796217403978, 2.5892264750758485, 2.53607599174349, 2.437811824011459, 2.4125867045540668, 2.3962540435843844, 2.515843641080352, 2.5979643190568056, 2.343312495819612]
iteration  8  idg  [0.3612846226662745, 0.36697396284447703, 0.3727131187749386, 0.3551193330402902, 0.3448512192284341, 0.34345478015608877, 0.37326787302604947, 0.3694508401786245, 0.351533115172294]
iteration  9
iteration  9  icl  [2.478796217403978, 2.5892264750758485, 2.53607599174349, 2.437811824011459, 2.4125867045540668, 2.3962540435843844, 2.515843641080352, 2.5979643190568056, 2.343312495819612, 2.4475617896751376]
iteration  9  idg  [0.3612846226662745, 0.36697396284447703, 0.3727131187749386, 0.3551193330402902, 0.3448512192284341, 0.34345478015608877, 0.37326787302604947, 0.3694508401786245, 0.351533115172294, 0.3557325076572728]
iteration  0
iteration  0  icl  [1.34463878184847]
iteration  0  idg  [0.17492932192477828]
iteration  1
iteration  1  icl  [1.34463878184847, 1.3607508462122082]
iteration  1  idg  [0.17492932192477828, 0.1788512688759747]
iteration  2
iteration  2  icl  [1.34463878184847, 1.3607508462122082, 1.2479386513264528]
iteration  2  idg  [0.17492932192477828, 0.1788512688759747, 0.17070144372297058]
iteration  3
iteration  3  icl  [1.34463878184847, 1.3607508462122082, 1.2479386513264528, 1.3137670850220766]
iteration  3  idg  [0.17492932192477828, 0.1788512688759747, 0.17070144372297058, 0.17295677530695341]
iteration  4
iteration  4  icl  [1.34463878184847, 1.3607508462122082, 1.2479386513264528, 1.3137670850220766, 1.3131800901086605]
iteration  4  idg  [0.17492932192477828, 0.1788512688759747, 0.17070144372297058, 0.17295677530695341, 0.17461759462233628]
iteration  5
iteration  5  icl  [1.34463878184847, 1.3607508462122082, 1.2479386513264528, 1.3137670850220766, 1.3131800901086605, 1.3734758598243362]
iteration  5  idg  [0.17492932192477828, 0.1788512688759747, 0.17070144372297058, 0.17295677530695341, 0.17461759462233628, 0.18044558893132212]
iteration  6
iteration  6  icl  [1.34463878184847, 1.3607508462122082, 1.2479386513264528, 1.3137670850220766, 1.3131800901086605, 1.3734758598243362, 1.3190324623803367]
iteration  6  idg  [0.17492932192477828, 0.1788512688759747, 0.17070144372297058, 0.17295677530695341, 0.17461759462233628, 0.18044558893132212, 0.18096980782827998]
iteration  7
iteration  7  icl  [1.34463878184847, 1.3607508462122082, 1.2479386513264528, 1.3137670850220766, 1.3131800901086605, 1.3734758598243362, 1.3190324623803367, 1.3220609745211598]
iteration  7  idg  [0.17492932192477828, 0.1788512688759747, 0.17070144372297058, 0.17295677530695341, 0.17461759462233628, 0.18044558893132212, 0.18096980782827998, 0.17852546088436494]
iteration  8
iteration  8  icl  [1.34463878184847, 1.3607508462122082, 1.2479386513264528, 1.3137670850220766, 1.3131800901086605, 1.3734758598243362, 1.3190324623803367, 1.3220609745211598, 1.2803250467664493]
iteration  8  idg  [0.17492932192477828, 0.1788512688759747, 0.17070144372297058, 0.17295677530695341, 0.17461759462233628, 0.18044558893132212, 0.18096980782827998, 0.17852546088436494, 0.17893794393413032]
iteration  9
iteration  9  icl  [1.34463878184847, 1.3607508462122082, 1.2479386513264528, 1.3137670850220766, 1.3131800901086605, 1.3734758598243362, 1.3190324623803367, 1.3220609745211598, 1.2803250467664493, 1.314970056035256]
iteration  9  idg  [0.17492932192477828, 0.1788512688759747, 0.17070144372297058, 0.17295677530695341, 0.17461759462233628, 0.18044558893132212, 0.18096980782827998, 0.17852546088436494, 0.17893794393413032, 0.18124134485066934]
iteration  0
iteration  0  icl  [0.9855384045517914]
iteration  0  idg  [0.11733780740927457]
iteration  1
iteration  1  icl  [0.9855384045517914, 0.9209148613623477]
iteration  1  idg  [0.11733780740927457, 0.11532000572153489]
iteration  2
iteration  2  icl  [0.9855384045517914, 0.9209148613623477, 0.919550026619842]
iteration  2  idg  [0.11733780740927457, 0.11532000572153489, 0.11161133265771594]
iteration  3
iteration  3  icl  [0.9855384045517914, 0.9209148613623477, 0.919550026619842, 0.9425719870497761]
iteration  3  idg  [0.11733780740927457, 0.11532000572153489, 0.11161133265771594, 0.11609138167459498]
iteration  4
iteration  4  icl  [0.9855384045517914, 0.9209148613623477, 0.919550026619842, 0.9425719870497761, 0.9766931793682837]
iteration  4  idg  [0.11733780740927457, 0.11532000572153489, 0.11161133265771594, 0.11609138167459498, 0.11796007081157733]
iteration  5
iteration  5  icl  [0.9855384045517914, 0.9209148613623477, 0.919550026619842, 0.9425719870497761, 0.9766931793682837, 0.9353643851525197]
iteration  5  idg  [0.11733780740927457, 0.11532000572153489, 0.11161133265771594, 0.11609138167459498, 0.11796007081157733, 0.1141124855092519]
iteration  6
iteration  6  icl  [0.9855384045517914, 0.9209148613623477, 0.919550026619842, 0.9425719870497761, 0.9766931793682837, 0.9353643851525197, 0.9138805177144466]
iteration  6  idg  [0.11733780740927457, 0.11532000572153489, 0.11161133265771594, 0.11609138167459498, 0.11796007081157733, 0.1141124855092519, 0.11370268970765984]
iteration  7
iteration  7  icl  [0.9855384045517914, 0.9209148613623477, 0.919550026619842, 0.9425719870497761, 0.9766931793682837, 0.9353643851525197, 0.9138805177144466, 0.9298244678056541]
iteration  7  idg  [0.11733780740927457, 0.11532000572153489, 0.11161133265771594, 0.11609138167459498, 0.11796007081157733, 0.1141124855092519, 0.11370268970765984, 0.11567862608194335]
iteration  8
iteration  8  icl  [0.9855384045517914, 0.9209148613623477, 0.919550026619842, 0.9425719870497761, 0.9766931793682837, 0.9353643851525197, 0.9138805177144466, 0.9298244678056541, 0.9405558621380175]
iteration  8  idg  [0.11733780740927457, 0.11532000572153489, 0.11161133265771594, 0.11609138167459498, 0.11796007081157733, 0.1141124855092519, 0.11370268970765984, 0.11567862608194335, 0.11320951422385184]
iteration  9
iteration  9  icl  [0.9855384045517914, 0.9209148613623477, 0.919550026619842, 0.9425719870497761, 0.9766931793682837, 0.9353643851525197, 0.9138805177144466, 0.9298244678056541, 0.9405558621380175, 0.9271253500647834]
iteration  9  idg  [0.11733780740927457, 0.11532000572153489, 0.11161133265771594, 0.11609138167459498, 0.11796007081157733, 0.1141124855092519, 0.11370268970765984, 0.11567862608194335, 0.11320951422385184, 0.11609791073254283]
iclmean [2.47554335 1.31901399 0.9392019 ]
iclstd [0.07946799 0.03464164 0.02275115]
idgmean [0.35943814 0.17721766 0.11511218]
idgstd [0.01044537 0.00347332 0.00184988]
