d is  80
alpha is 10
kappa is 0.5
lambda 1e-08
0.2 10 0.5
iteration  0
iteration  0  icl vals  [0.8591612050814155]
iteration  0  idg vals  [0.5465314970173423]
iteration  1
iteration  1  icl vals  [0.8591612050814155, 0.8762734191021633]
iteration  1  idg vals  [0.5465314970173423, 0.5780756291940258]
iteration  2
iteration  2  icl vals  [0.8591612050814155, 0.8762734191021633, 0.8607918674925285]
iteration  2  idg vals  [0.5465314970173423, 0.5780756291940258, 0.5420748953207158]
iteration  3
iteration  3  icl vals  [0.8591612050814155, 0.8762734191021633, 0.8607918674925285, 0.8621077007643453]
iteration  3  idg vals  [0.5465314970173423, 0.5780756291940258, 0.5420748953207158, 0.5480104033685806]
iteration  4
iteration  4  icl vals  [0.8591612050814155, 0.8762734191021633, 0.8607918674925285, 0.8621077007643453, 0.8637535643328291]
iteration  4  idg vals  [0.5465314970173423, 0.5780756291940258, 0.5420748953207158, 0.5480104033685806, 0.5348387470643623]
iteration  5
iteration  5  icl vals  [0.8591612050814155, 0.8762734191021633, 0.8607918674925285, 0.8621077007643453, 0.8637535643328291, 0.8578638729741772]
iteration  5  idg vals  [0.5465314970173423, 0.5780756291940258, 0.5420748953207158, 0.5480104033685806, 0.5348387470643623, 0.5345064362895844]
iteration  6
iteration  6  icl vals  [0.8591612050814155, 0.8762734191021633, 0.8607918674925285, 0.8621077007643453, 0.8637535643328291, 0.8578638729741772, 0.864815685468375]
iteration  6  idg vals  [0.5465314970173423, 0.5780756291940258, 0.5420748953207158, 0.5480104033685806, 0.5348387470643623, 0.5345064362895844, 0.5580896576489658]
iteration  7
iteration  7  icl vals  [0.8591612050814155, 0.8762734191021633, 0.8607918674925285, 0.8621077007643453, 0.8637535643328291, 0.8578638729741772, 0.864815685468375, 0.868479492886843]
iteration  7  idg vals  [0.5465314970173423, 0.5780756291940258, 0.5420748953207158, 0.5480104033685806, 0.5348387470643623, 0.5345064362895844, 0.5580896576489658, 0.5655716083068176]
iteration  8
iteration  8  icl vals  [0.8591612050814155, 0.8762734191021633, 0.8607918674925285, 0.8621077007643453, 0.8637535643328291, 0.8578638729741772, 0.864815685468375, 0.868479492886843, 0.8683532981351288]
iteration  8  idg vals  [0.5465314970173423, 0.5780756291940258, 0.5420748953207158, 0.5480104033685806, 0.5348387470643623, 0.5345064362895844, 0.5580896576489658, 0.5655716083068176, 0.5483103322963608]
iteration  9
iteration  9  icl vals  [0.8591612050814155, 0.8762734191021633, 0.8607918674925285, 0.8621077007643453, 0.8637535643328291, 0.8578638729741772, 0.864815685468375, 0.868479492886843, 0.8683532981351288, 0.8637887317756994]
iteration  9  idg vals  [0.5465314970173423, 0.5780756291940258, 0.5420748953207158, 0.5480104033685806, 0.5348387470643623, 0.5345064362895844, 0.5580896576489658, 0.5655716083068176, 0.5483103322963608, 0.5471150965846561]
0.5 10 0.5
iteration  0
iteration  0  icl vals  [0.8328292991719608]
iteration  0  idg vals  [0.2522292850908687]
iteration  1
iteration  1  icl vals  [0.8328292991719608, 0.8384472475915612]
iteration  1  idg vals  [0.2522292850908687, 0.2553309701482882]
iteration  2
iteration  2  icl vals  [0.8328292991719608, 0.8384472475915612, 0.8401333353265047]
iteration  2  idg vals  [0.2522292850908687, 0.2553309701482882, 0.27268910239420263]
iteration  3
iteration  3  icl vals  [0.8328292991719608, 0.8384472475915612, 0.8401333353265047, 0.8369981581400423]
iteration  3  idg vals  [0.2522292850908687, 0.2553309701482882, 0.27268910239420263, 0.25466786599862523]
iteration  4
iteration  4  icl vals  [0.8328292991719608, 0.8384472475915612, 0.8401333353265047, 0.8369981581400423, 0.815642540982904]
iteration  4  idg vals  [0.2522292850908687, 0.2553309701482882, 0.27268910239420263, 0.25466786599862523, 0.25590118229897474]
iteration  5
iteration  5  icl vals  [0.8328292991719608, 0.8384472475915612, 0.8401333353265047, 0.8369981581400423, 0.815642540982904, 0.8309241661820186]
iteration  5  idg vals  [0.2522292850908687, 0.2553309701482882, 0.27268910239420263, 0.25466786599862523, 0.25590118229897474, 0.2568445544257718]
iteration  6
iteration  6  icl vals  [0.8328292991719608, 0.8384472475915612, 0.8401333353265047, 0.8369981581400423, 0.815642540982904, 0.8309241661820186, 0.8391781947705736]
iteration  6  idg vals  [0.2522292850908687, 0.2553309701482882, 0.27268910239420263, 0.25466786599862523, 0.25590118229897474, 0.2568445544257718, 0.25367673932455514]
iteration  7
iteration  7  icl vals  [0.8328292991719608, 0.8384472475915612, 0.8401333353265047, 0.8369981581400423, 0.815642540982904, 0.8309241661820186, 0.8391781947705736, 0.8371214556326201]
iteration  7  idg vals  [0.2522292850908687, 0.2553309701482882, 0.27268910239420263, 0.25466786599862523, 0.25590118229897474, 0.2568445544257718, 0.25367673932455514, 0.24619124710129192]
iteration  8
iteration  8  icl vals  [0.8328292991719608, 0.8384472475915612, 0.8401333353265047, 0.8369981581400423, 0.815642540982904, 0.8309241661820186, 0.8391781947705736, 0.8371214556326201, 0.827372095265845]
iteration  8  idg vals  [0.2522292850908687, 0.2553309701482882, 0.27268910239420263, 0.25466786599862523, 0.25590118229897474, 0.2568445544257718, 0.25367673932455514, 0.24619124710129192, 0.24083522044309746]
iteration  9
iteration  9  icl vals  [0.8328292991719608, 0.8384472475915612, 0.8401333353265047, 0.8369981581400423, 0.815642540982904, 0.8309241661820186, 0.8391781947705736, 0.8371214556326201, 0.827372095265845, 0.8569387983587327]
iteration  9  idg vals  [0.2522292850908687, 0.2553309701482882, 0.27268910239420263, 0.25466786599862523, 0.25590118229897474, 0.2568445544257718, 0.25367673932455514, 0.24619124710129192, 0.24083522044309746, 0.2705374940903851]
0.85 10 0.5
iteration  0
iteration  0  icl vals  [2.2546591268802194]
iteration  0  idg vals  [0.43069972639642784]
iteration  1
iteration  1  icl vals  [2.2546591268802194, 2.181862205575663]
iteration  1  idg vals  [0.43069972639642784, 0.4001827186290934]
iteration  2
iteration  2  icl vals  [2.2546591268802194, 2.181862205575663, 2.187132944866356]
iteration  2  idg vals  [0.43069972639642784, 0.4001827186290934, 0.42669861636387174]
iteration  3
iteration  3  icl vals  [2.2546591268802194, 2.181862205575663, 2.187132944866356, 2.298662206645793]
iteration  3  idg vals  [0.43069972639642784, 0.4001827186290934, 0.42669861636387174, 0.43494465962903717]
iteration  4
iteration  4  icl vals  [2.2546591268802194, 2.181862205575663, 2.187132944866356, 2.298662206645793, 2.1267325588518586]
iteration  4  idg vals  [0.43069972639642784, 0.4001827186290934, 0.42669861636387174, 0.43494465962903717, 0.40140875593421477]
iteration  5
iteration  5  icl vals  [2.2546591268802194, 2.181862205575663, 2.187132944866356, 2.298662206645793, 2.1267325588518586, 2.279150345256415]
iteration  5  idg vals  [0.43069972639642784, 0.4001827186290934, 0.42669861636387174, 0.43494465962903717, 0.40140875593421477, 0.40835689719461055]
iteration  6
iteration  6  icl vals  [2.2546591268802194, 2.181862205575663, 2.187132944866356, 2.298662206645793, 2.1267325588518586, 2.279150345256415, 2.1931434763447126]
iteration  6  idg vals  [0.43069972639642784, 0.4001827186290934, 0.42669861636387174, 0.43494465962903717, 0.40140875593421477, 0.40835689719461055, 0.4137442484405174]
iteration  7
iteration  7  icl vals  [2.2546591268802194, 2.181862205575663, 2.187132944866356, 2.298662206645793, 2.1267325588518586, 2.279150345256415, 2.1931434763447126, 2.0528013845304574]
iteration  7  idg vals  [0.43069972639642784, 0.4001827186290934, 0.42669861636387174, 0.43494465962903717, 0.40140875593421477, 0.40835689719461055, 0.4137442484405174, 0.3969719879438345]
iteration  8
iteration  8  icl vals  [2.2546591268802194, 2.181862205575663, 2.187132944866356, 2.298662206645793, 2.1267325588518586, 2.279150345256415, 2.1931434763447126, 2.0528013845304574, 2.2316613013770157]
iteration  8  idg vals  [0.43069972639642784, 0.4001827186290934, 0.42669861636387174, 0.43494465962903717, 0.40140875593421477, 0.40835689719461055, 0.4137442484405174, 0.3969719879438345, 0.42627708908661255]
iteration  9
iteration  9  icl vals  [2.2546591268802194, 2.181862205575663, 2.187132944866356, 2.298662206645793, 2.1267325588518586, 2.279150345256415, 2.1931434763447126, 2.0528013845304574, 2.2316613013770157, 2.1349466926313223]
iteration  9  idg vals  [0.43069972639642784, 0.4001827186290934, 0.42669861636387174, 0.43494465962903717, 0.40140875593421477, 0.40835689719461055, 0.4137442484405174, 0.3969719879438345, 0.42627708908661255, 0.41473822937354843]
iclmean [0.8645388838013506, 0.8355585291422765, 2.1940752242959816]
iclstd [0.005123080415416478, 0.009982970540137167, 0.07172661458508221]
idgmean [0.5503124303091411, 0.2558903661316061, 0.41540229289917685]
idgstd [0.012864954012214352, 0.009156898491775338, 0.012968199704934366]
