d  90
alpha 1
kappa 0.5
lambda 1e-08
iteration  0
iteration  0  icl  [3.403181179962695]
iteration  0  idg  [2.0710372226843363]
iteration  1
iteration  1  icl  [3.403181179962695, 3.259154539810859]
iteration  1  idg  [2.0710372226843363, 1.9891863506215588]
iteration  2
iteration  2  icl  [3.403181179962695, 3.259154539810859, 3.1641091742856067]
iteration  2  idg  [2.0710372226843363, 1.9891863506215588, 1.9342637062429122]
iteration  3
iteration  3  icl  [3.403181179962695, 3.259154539810859, 3.1641091742856067, 3.2349179846034586]
iteration  3  idg  [2.0710372226843363, 1.9891863506215588, 1.9342637062429122, 1.9848061688518503]
iteration  4
iteration  4  icl  [3.403181179962695, 3.259154539810859, 3.1641091742856067, 3.2349179846034586, 3.2576821953560193]
iteration  4  idg  [2.0710372226843363, 1.9891863506215588, 1.9342637062429122, 1.9848061688518503, 1.986592603050584]
iteration  5
iteration  5  icl  [3.403181179962695, 3.259154539810859, 3.1641091742856067, 3.2349179846034586, 3.2576821953560193, 3.128812119587121]
iteration  5  idg  [2.0710372226843363, 1.9891863506215588, 1.9342637062429122, 1.9848061688518503, 1.986592603050584, 1.8995660177724696]
iteration  6
iteration  6  icl  [3.403181179962695, 3.259154539810859, 3.1641091742856067, 3.2349179846034586, 3.2576821953560193, 3.128812119587121, 3.2923891677905557]
iteration  6  idg  [2.0710372226843363, 1.9891863506215588, 1.9342637062429122, 1.9848061688518503, 1.986592603050584, 1.8995660177724696, 2.0324061408253655]
iteration  7
iteration  7  icl  [3.403181179962695, 3.259154539810859, 3.1641091742856067, 3.2349179846034586, 3.2576821953560193, 3.128812119587121, 3.2923891677905557, 3.2983349573088554]
iteration  7  idg  [2.0710372226843363, 1.9891863506215588, 1.9342637062429122, 1.9848061688518503, 1.986592603050584, 1.8995660177724696, 2.0324061408253655, 2.0169560378889546]
iteration  8
iteration  8  icl  [3.403181179962695, 3.259154539810859, 3.1641091742856067, 3.2349179846034586, 3.2576821953560193, 3.128812119587121, 3.2923891677905557, 3.2983349573088554, 3.3867226910590995]
iteration  8  idg  [2.0710372226843363, 1.9891863506215588, 1.9342637062429122, 1.9848061688518503, 1.986592603050584, 1.8995660177724696, 2.0324061408253655, 2.0169560378889546, 2.116640297850158]
iteration  9
iteration  9  icl  [3.403181179962695, 3.259154539810859, 3.1641091742856067, 3.2349179846034586, 3.2576821953560193, 3.128812119587121, 3.2923891677905557, 3.2983349573088554, 3.3867226910590995, 3.210714124397072]
iteration  9  idg  [2.0710372226843363, 1.9891863506215588, 1.9342637062429122, 1.9848061688518503, 1.986592603050584, 1.8995660177724696, 2.0324061408253655, 2.0169560378889546, 2.116640297850158, 1.958134483107118]
iteration  0
iteration  0  icl  [1.8292842125303974]
iteration  0  idg  [0.9895602077701733]
iteration  1
iteration  1  icl  [1.8292842125303974, 1.7882234320267796]
iteration  1  idg  [0.9895602077701733, 0.9556283166233628]
iteration  2
iteration  2  icl  [1.8292842125303974, 1.7882234320267796, 1.7246574736734934]
iteration  2  idg  [0.9895602077701733, 0.9556283166233628, 0.9280930087420887]
iteration  3
iteration  3  icl  [1.8292842125303974, 1.7882234320267796, 1.7246574736734934, 1.791759345863292]
iteration  3  idg  [0.9895602077701733, 0.9556283166233628, 0.9280930087420887, 0.9701156292418622]
iteration  4
iteration  4  icl  [1.8292842125303974, 1.7882234320267796, 1.7246574736734934, 1.791759345863292, 1.6752205535331868]
iteration  4  idg  [0.9895602077701733, 0.9556283166233628, 0.9280930087420887, 0.9701156292418622, 0.9131416276812576]
iteration  5
iteration  5  icl  [1.8292842125303974, 1.7882234320267796, 1.7246574736734934, 1.791759345863292, 1.6752205535331868, 1.8129945979124136]
iteration  5  idg  [0.9895602077701733, 0.9556283166233628, 0.9280930087420887, 0.9701156292418622, 0.9131416276812576, 0.9889369626142641]
iteration  6
iteration  6  icl  [1.8292842125303974, 1.7882234320267796, 1.7246574736734934, 1.791759345863292, 1.6752205535331868, 1.8129945979124136, 1.7176237861849448]
iteration  6  idg  [0.9895602077701733, 0.9556283166233628, 0.9280930087420887, 0.9701156292418622, 0.9131416276812576, 0.9889369626142641, 0.9403548999041]
iteration  7
iteration  7  icl  [1.8292842125303974, 1.7882234320267796, 1.7246574736734934, 1.791759345863292, 1.6752205535331868, 1.8129945979124136, 1.7176237861849448, 1.766497284803896]
iteration  7  idg  [0.9895602077701733, 0.9556283166233628, 0.9280930087420887, 0.9701156292418622, 0.9131416276812576, 0.9889369626142641, 0.9403548999041, 0.9578555990219424]
iteration  8
iteration  8  icl  [1.8292842125303974, 1.7882234320267796, 1.7246574736734934, 1.791759345863292, 1.6752205535331868, 1.8129945979124136, 1.7176237861849448, 1.766497284803896, 1.7635237216213513]
iteration  8  idg  [0.9895602077701733, 0.9556283166233628, 0.9280930087420887, 0.9701156292418622, 0.9131416276812576, 0.9889369626142641, 0.9403548999041, 0.9578555990219424, 0.95421570231301]
iteration  9
iteration  9  icl  [1.8292842125303974, 1.7882234320267796, 1.7246574736734934, 1.791759345863292, 1.6752205535331868, 1.8129945979124136, 1.7176237861849448, 1.766497284803896, 1.7635237216213513, 1.7835624811234243]
iteration  9  idg  [0.9895602077701733, 0.9556283166233628, 0.9280930087420887, 0.9701156292418622, 0.9131416276812576, 0.9889369626142641, 0.9403548999041, 0.9578555990219424, 0.95421570231301, 0.9483773964052651]
iteration  0
iteration  0  icl  [1.3084266059936793]
iteration  0  idg  [0.6327479653525152]
iteration  1
iteration  1  icl  [1.3084266059936793, 1.2688915381712058]
iteration  1  idg  [0.6327479653525152, 0.6195892192552068]
iteration  2
iteration  2  icl  [1.3084266059936793, 1.2688915381712058, 1.3000251603931585]
iteration  2  idg  [0.6327479653525152, 0.6195892192552068, 0.6302943249664599]
iteration  3
iteration  3  icl  [1.3084266059936793, 1.2688915381712058, 1.3000251603931585, 1.2949231021719667]
iteration  3  idg  [0.6327479653525152, 0.6195892192552068, 0.6302943249664599, 0.6292714608235854]
iteration  4
iteration  4  icl  [1.3084266059936793, 1.2688915381712058, 1.3000251603931585, 1.2949231021719667, 1.310391380798124]
iteration  4  idg  [0.6327479653525152, 0.6195892192552068, 0.6302943249664599, 0.6292714608235854, 0.6370999232284649]
iteration  5
iteration  5  icl  [1.3084266059936793, 1.2688915381712058, 1.3000251603931585, 1.2949231021719667, 1.310391380798124, 1.2762670647278092]
iteration  5  idg  [0.6327479653525152, 0.6195892192552068, 0.6302943249664599, 0.6292714608235854, 0.6370999232284649, 0.6227079312743897]
iteration  6
iteration  6  icl  [1.3084266059936793, 1.2688915381712058, 1.3000251603931585, 1.2949231021719667, 1.310391380798124, 1.2762670647278092, 1.2706910127275133]
iteration  6  idg  [0.6327479653525152, 0.6195892192552068, 0.6302943249664599, 0.6292714608235854, 0.6370999232284649, 0.6227079312743897, 0.6177364453639298]
iteration  7
iteration  7  icl  [1.3084266059936793, 1.2688915381712058, 1.3000251603931585, 1.2949231021719667, 1.310391380798124, 1.2762670647278092, 1.2706910127275133, 1.2660017236986858]
iteration  7  idg  [0.6327479653525152, 0.6195892192552068, 0.6302943249664599, 0.6292714608235854, 0.6370999232284649, 0.6227079312743897, 0.6177364453639298, 0.6242507297490254]
iteration  8
iteration  8  icl  [1.3084266059936793, 1.2688915381712058, 1.3000251603931585, 1.2949231021719667, 1.310391380798124, 1.2762670647278092, 1.2706910127275133, 1.2660017236986858, 1.3086682103623413]
iteration  8  idg  [0.6327479653525152, 0.6195892192552068, 0.6302943249664599, 0.6292714608235854, 0.6370999232284649, 0.6227079312743897, 0.6177364453639298, 0.6242507297490254, 0.6377574387846401]
iteration  9
iteration  9  icl  [1.3084266059936793, 1.2688915381712058, 1.3000251603931585, 1.2949231021719667, 1.310391380798124, 1.2762670647278092, 1.2706910127275133, 1.2660017236986858, 1.3086682103623413, 1.3112101525190465]
iteration  9  idg  [0.6327479653525152, 0.6195892192552068, 0.6302943249664599, 0.6292714608235854, 0.6370999232284649, 0.6227079312743897, 0.6177364453639298, 0.6242507297490254, 0.6377574387846401, 0.6414240247592173]
iclmean [3.26360181 1.76533469 1.2915496 ]
iclstd [0.08271517 0.04468957 0.01799268]
idgmean [1.9989589  0.95462794 0.62928795]
idgstd [0.06055294 0.02305826 0.00767594]
