d is  80
alpha is 1
kappa is 0.5
lambda 1e-08
0.2 1 0.5
iteration  0
iteration  0  icl vals  [1.0431941736593329]
iteration  0  idg vals  [0.8105779425498453]
iteration  1
iteration  1  icl vals  [1.0431941736593329, 1.0362984480735615]
iteration  1  idg vals  [0.8105779425498453, 0.7872000656054906]
iteration  2
iteration  2  icl vals  [1.0431941736593329, 1.0362984480735615, 1.0447483322163609]
iteration  2  idg vals  [0.8105779425498453, 0.7872000656054906, 0.8160998902126797]
iteration  3
iteration  3  icl vals  [1.0431941736593329, 1.0362984480735615, 1.0447483322163609, 1.0538724574916216]
iteration  3  idg vals  [0.8105779425498453, 0.7872000656054906, 0.8160998902126797, 0.8086022960681399]
iteration  4
iteration  4  icl vals  [1.0431941736593329, 1.0362984480735615, 1.0447483322163609, 1.0538724574916216, 1.0520678852993728]
iteration  4  idg vals  [0.8105779425498453, 0.7872000656054906, 0.8160998902126797, 0.8086022960681399, 0.815598565882426]
iteration  5
iteration  5  icl vals  [1.0431941736593329, 1.0362984480735615, 1.0447483322163609, 1.0538724574916216, 1.0520678852993728, 1.0592744389956947]
iteration  5  idg vals  [0.8105779425498453, 0.7872000656054906, 0.8160998902126797, 0.8086022960681399, 0.815598565882426, 0.8236572663463984]
iteration  6
iteration  6  icl vals  [1.0431941736593329, 1.0362984480735615, 1.0447483322163609, 1.0538724574916216, 1.0520678852993728, 1.0592744389956947, 1.0380799834562635]
iteration  6  idg vals  [0.8105779425498453, 0.7872000656054906, 0.8160998902126797, 0.8086022960681399, 0.815598565882426, 0.8236572663463984, 0.809635795419647]
iteration  7
iteration  7  icl vals  [1.0431941736593329, 1.0362984480735615, 1.0447483322163609, 1.0538724574916216, 1.0520678852993728, 1.0592744389956947, 1.0380799834562635, 1.0381045587864088]
iteration  7  idg vals  [0.8105779425498453, 0.7872000656054906, 0.8160998902126797, 0.8086022960681399, 0.815598565882426, 0.8236572663463984, 0.809635795419647, 0.8100399420973055]
iteration  8
iteration  8  icl vals  [1.0431941736593329, 1.0362984480735615, 1.0447483322163609, 1.0538724574916216, 1.0520678852993728, 1.0592744389956947, 1.0380799834562635, 1.0381045587864088, 1.0496801359640886]
iteration  8  idg vals  [0.8105779425498453, 0.7872000656054906, 0.8160998902126797, 0.8086022960681399, 0.815598565882426, 0.8236572663463984, 0.809635795419647, 0.8100399420973055, 0.815967150059782]
iteration  9
iteration  9  icl vals  [1.0431941736593329, 1.0362984480735615, 1.0447483322163609, 1.0538724574916216, 1.0520678852993728, 1.0592744389956947, 1.0380799834562635, 1.0381045587864088, 1.0496801359640886, 1.0426066602441926]
iteration  9  idg vals  [0.8105779425498453, 0.7872000656054906, 0.8160998902126797, 0.8086022960681399, 0.815598565882426, 0.8236572663463984, 0.809635795419647, 0.8100399420973055, 0.815967150059782, 0.8231883028692668]
0.5 1 0.5
iteration  0
iteration  0  icl vals  [1.312215394940942]
iteration  0  idg vals  [0.8372210723980749]
iteration  1
iteration  1  icl vals  [1.312215394940942, 1.285058566118188]
iteration  1  idg vals  [0.8372210723980749, 0.8214500632207513]
iteration  2
iteration  2  icl vals  [1.312215394940942, 1.285058566118188, 1.3542434851308645]
iteration  2  idg vals  [0.8372210723980749, 0.8214500632207513, 0.8561652529845785]
iteration  3
iteration  3  icl vals  [1.312215394940942, 1.285058566118188, 1.3542434851308645, 1.2874830559569335]
iteration  3  idg vals  [0.8372210723980749, 0.8214500632207513, 0.8561652529845785, 0.8232102520792792]
iteration  4
iteration  4  icl vals  [1.312215394940942, 1.285058566118188, 1.3542434851308645, 1.2874830559569335, 1.30484216299475]
iteration  4  idg vals  [0.8372210723980749, 0.8214500632207513, 0.8561652529845785, 0.8232102520792792, 0.8379706896137242]
iteration  5
iteration  5  icl vals  [1.312215394940942, 1.285058566118188, 1.3542434851308645, 1.2874830559569335, 1.30484216299475, 1.2846640360081079]
iteration  5  idg vals  [0.8372210723980749, 0.8214500632207513, 0.8561652529845785, 0.8232102520792792, 0.8379706896137242, 0.8214305887834266]
iteration  6
iteration  6  icl vals  [1.312215394940942, 1.285058566118188, 1.3542434851308645, 1.2874830559569335, 1.30484216299475, 1.2846640360081079, 1.2900125589258828]
iteration  6  idg vals  [0.8372210723980749, 0.8214500632207513, 0.8561652529845785, 0.8232102520792792, 0.8379706896137242, 0.8214305887834266, 0.803491255266257]
iteration  7
iteration  7  icl vals  [1.312215394940942, 1.285058566118188, 1.3542434851308645, 1.2874830559569335, 1.30484216299475, 1.2846640360081079, 1.2900125589258828, 1.2990939272282542]
iteration  7  idg vals  [0.8372210723980749, 0.8214500632207513, 0.8561652529845785, 0.8232102520792792, 0.8379706896137242, 0.8214305887834266, 0.803491255266257, 0.8353487070939611]
iteration  8
iteration  8  icl vals  [1.312215394940942, 1.285058566118188, 1.3542434851308645, 1.2874830559569335, 1.30484216299475, 1.2846640360081079, 1.2900125589258828, 1.2990939272282542, 1.3190952184209603]
iteration  8  idg vals  [0.8372210723980749, 0.8214500632207513, 0.8561652529845785, 0.8232102520792792, 0.8379706896137242, 0.8214305887834266, 0.803491255266257, 0.8353487070939611, 0.8399556074779919]
iteration  9
iteration  9  icl vals  [1.312215394940942, 1.285058566118188, 1.3542434851308645, 1.2874830559569335, 1.30484216299475, 1.2846640360081079, 1.2900125589258828, 1.2990939272282542, 1.3190952184209603, 1.292393622225524]
iteration  9  idg vals  [0.8372210723980749, 0.8214500632207513, 0.8561652529845785, 0.8232102520792792, 0.8379706896137242, 0.8214305887834266, 0.803491255266257, 0.8353487070939611, 0.8399556074779919, 0.8305209028423739]
0.85 1 0.5
iteration  0
iteration  0  icl vals  [3.248918850567644]
iteration  0  idg vals  [2.1359408763169228]
iteration  1
iteration  1  icl vals  [3.248918850567644, 3.151960598463625]
iteration  1  idg vals  [2.1359408763169228, 2.1040253669016646]
iteration  2
iteration  2  icl vals  [3.248918850567644, 3.151960598463625, 3.3074296930074882]
iteration  2  idg vals  [2.1359408763169228, 2.1040253669016646, 2.1982615441590427]
iteration  3
iteration  3  icl vals  [3.248918850567644, 3.151960598463625, 3.3074296930074882, 3.1776129840527245]
iteration  3  idg vals  [2.1359408763169228, 2.1040253669016646, 2.1982615441590427, 2.157872658585097]
iteration  4
iteration  4  icl vals  [3.248918850567644, 3.151960598463625, 3.3074296930074882, 3.1776129840527245, 3.5743082656443406]
iteration  4  idg vals  [2.1359408763169228, 2.1040253669016646, 2.1982615441590427, 2.157872658585097, 2.38554149211319]
iteration  5
iteration  5  icl vals  [3.248918850567644, 3.151960598463625, 3.3074296930074882, 3.1776129840527245, 3.5743082656443406, 3.3614026373922674]
iteration  5  idg vals  [2.1359408763169228, 2.1040253669016646, 2.1982615441590427, 2.157872658585097, 2.38554149211319, 2.2025130250371596]
iteration  6
iteration  6  icl vals  [3.248918850567644, 3.151960598463625, 3.3074296930074882, 3.1776129840527245, 3.5743082656443406, 3.3614026373922674, 3.145358808874594]
iteration  6  idg vals  [2.1359408763169228, 2.1040253669016646, 2.1982615441590427, 2.157872658585097, 2.38554149211319, 2.2025130250371596, 2.0650723123701074]
iteration  7
iteration  7  icl vals  [3.248918850567644, 3.151960598463625, 3.3074296930074882, 3.1776129840527245, 3.5743082656443406, 3.3614026373922674, 3.145358808874594, 3.0061243291198174]
iteration  7  idg vals  [2.1359408763169228, 2.1040253669016646, 2.1982615441590427, 2.157872658585097, 2.38554149211319, 2.2025130250371596, 2.0650723123701074, 2.0375779696417915]
iteration  8
iteration  8  icl vals  [3.248918850567644, 3.151960598463625, 3.3074296930074882, 3.1776129840527245, 3.5743082656443406, 3.3614026373922674, 3.145358808874594, 3.0061243291198174, 3.4126386659257566]
iteration  8  idg vals  [2.1359408763169228, 2.1040253669016646, 2.1982615441590427, 2.157872658585097, 2.38554149211319, 2.2025130250371596, 2.0650723123701074, 2.0375779696417915, 2.246627445784073]
iteration  9
iteration  9  icl vals  [3.248918850567644, 3.151960598463625, 3.3074296930074882, 3.1776129840527245, 3.5743082656443406, 3.3614026373922674, 3.145358808874594, 3.0061243291198174, 3.4126386659257566, 3.1339788330040292]
iteration  9  idg vals  [2.1359408763169228, 2.1040253669016646, 2.1982615441590427, 2.157872658585097, 2.38554149211319, 2.2025130250371596, 2.0650723123701074, 2.0375779696417915, 2.246627445784073, 2.0603116518460842]
iclmean [1.04579270741869, 1.3029102027950406, 3.2519733666052284]
iclstd [0.007268136627570445, 0.02041688447031507, 0.15685527356535311]
idgmean [0.8120567217110981, 0.830676439176042, 2.159374434275513]
idgstd [0.009718896736024092, 0.013487272233377352, 0.09964606438792856]
