100
10
0
iteration  0  icl vals  [1.1473501659071996]
iteration  0  idg vals  [0.060040969124987686]
1
iteration  1  icl vals  [1.1473501659071996, 1.1645925161114077]
iteration  1  idg vals  [0.060040969124987686, 0.06025033369690669]
2
iteration  2  icl vals  [1.1473501659071996, 1.1645925161114077, 1.1771088267618979]
iteration  2  idg vals  [0.060040969124987686, 0.06025033369690669, 0.06052714685009053]
3
iteration  3  icl vals  [1.1473501659071996, 1.1645925161114077, 1.1771088267618979, 1.1773559133310114]
iteration  3  idg vals  [0.060040969124987686, 0.06025033369690669, 0.06052714685009053, 0.06096764982664893]
4
iteration  4  icl vals  [1.1473501659071996, 1.1645925161114077, 1.1771088267618979, 1.1773559133310114, 1.1757956087832353]
iteration  4  idg vals  [0.060040969124987686, 0.06025033369690669, 0.06052714685009053, 0.06096764982664893, 0.06267021242053117]
5
iteration  5  icl vals  [1.1473501659071996, 1.1645925161114077, 1.1771088267618979, 1.1773559133310114, 1.1757956087832353, 1.1309042672796168]
iteration  5  idg vals  [0.060040969124987686, 0.06025033369690669, 0.06052714685009053, 0.06096764982664893, 0.06267021242053117, 0.060174915942081464]
6
iteration  6  icl vals  [1.1473501659071996, 1.1645925161114077, 1.1771088267618979, 1.1773559133310114, 1.1757956087832353, 1.1309042672796168, 1.178122987040549]
iteration  6  idg vals  [0.060040969124987686, 0.06025033369690669, 0.06052714685009053, 0.06096764982664893, 0.06267021242053117, 0.060174915942081464, 0.06077840169756543]
7
iteration  7  icl vals  [1.1473501659071996, 1.1645925161114077, 1.1771088267618979, 1.1773559133310114, 1.1757956087832353, 1.1309042672796168, 1.178122987040549, 1.1905924354008532]
iteration  7  idg vals  [0.060040969124987686, 0.06025033369690669, 0.06052714685009053, 0.06096764982664893, 0.06267021242053117, 0.060174915942081464, 0.06077840169756543, 0.060806752030288624]
8
iteration  8  icl vals  [1.1473501659071996, 1.1645925161114077, 1.1771088267618979, 1.1773559133310114, 1.1757956087832353, 1.1309042672796168, 1.178122987040549, 1.1905924354008532, 1.1513888981696359]
iteration  8  idg vals  [0.060040969124987686, 0.06025033369690669, 0.06052714685009053, 0.06096764982664893, 0.06267021242053117, 0.060174915942081464, 0.06077840169756543, 0.060806752030288624, 0.06100245973445295]
9
iteration  9  icl vals  [1.1473501659071996, 1.1645925161114077, 1.1771088267618979, 1.1773559133310114, 1.1757956087832353, 1.1309042672796168, 1.178122987040549, 1.1905924354008532, 1.1513888981696359, 1.1922872160024798]
iteration  9  idg vals  [0.060040969124987686, 0.06025033369690669, 0.06052714685009053, 0.06096764982664893, 0.06267021242053117, 0.060174915942081464, 0.06077840169756543, 0.060806752030288624, 0.06100245973445295, 0.060843046816880575]
0
iteration  0  icl vals  [0.9330615702110536]
iteration  0  idg vals  [0.1138153497943355]
1
iteration  1  icl vals  [0.9330615702110536, 0.9430613725627423]
iteration  1  idg vals  [0.1138153497943355, 0.11503541461750522]
2
iteration  2  icl vals  [0.9330615702110536, 0.9430613725627423, 0.9444543308639709]
iteration  2  idg vals  [0.1138153497943355, 0.11503541461750522, 0.11540880441482404]
3
iteration  3  icl vals  [0.9330615702110536, 0.9430613725627423, 0.9444543308639709, 0.9625803445749691]
iteration  3  idg vals  [0.1138153497943355, 0.11503541461750522, 0.11540880441482404, 0.1164814141535715]
4
iteration  4  icl vals  [0.9330615702110536, 0.9430613725627423, 0.9444543308639709, 0.9625803445749691, 0.9291413117010044]
iteration  4  idg vals  [0.1138153497943355, 0.11503541461750522, 0.11540880441482404, 0.1164814141535715, 0.1143517744511533]
5
iteration  5  icl vals  [0.9330615702110536, 0.9430613725627423, 0.9444543308639709, 0.9625803445749691, 0.9291413117010044, 0.9453708300434159]
iteration  5  idg vals  [0.1138153497943355, 0.11503541461750522, 0.11540880441482404, 0.1164814141535715, 0.1143517744511533, 0.11536321536165439]
6
iteration  6  icl vals  [0.9330615702110536, 0.9430613725627423, 0.9444543308639709, 0.9625803445749691, 0.9291413117010044, 0.9453708300434159, 0.9097605275988626]
iteration  6  idg vals  [0.1138153497943355, 0.11503541461750522, 0.11540880441482404, 0.1164814141535715, 0.1143517744511533, 0.11536321536165439, 0.113400330573177]
7
iteration  7  icl vals  [0.9330615702110536, 0.9430613725627423, 0.9444543308639709, 0.9625803445749691, 0.9291413117010044, 0.9453708300434159, 0.9097605275988626, 0.9202328950172793]
iteration  7  idg vals  [0.1138153497943355, 0.11503541461750522, 0.11540880441482404, 0.1164814141535715, 0.1143517744511533, 0.11536321536165439, 0.113400330573177, 0.1140353946036674]
8
iteration  8  icl vals  [0.9330615702110536, 0.9430613725627423, 0.9444543308639709, 0.9625803445749691, 0.9291413117010044, 0.9453708300434159, 0.9097605275988626, 0.9202328950172793, 0.9292137663438038]
iteration  8  idg vals  [0.1138153497943355, 0.11503541461750522, 0.11540880441482404, 0.1164814141535715, 0.1143517744511533, 0.11536321536165439, 0.113400330573177, 0.1140353946036674, 0.1144275094277507]
9
iteration  9  icl vals  [0.9330615702110536, 0.9430613725627423, 0.9444543308639709, 0.9625803445749691, 0.9291413117010044, 0.9453708300434159, 0.9097605275988626, 0.9202328950172793, 0.9292137663438038, 0.9390364258077158]
iteration  9  idg vals  [0.1138153497943355, 0.11503541461750522, 0.11540880441482404, 0.1164814141535715, 0.1143517744511533, 0.11536321536165439, 0.113400330573177, 0.1140353946036674, 0.1144275094277507, 0.11631563103796116]
0
iteration  0  icl vals  [0.5342605174716326]
iteration  0  idg vals  [0.1724756076941698]
1
iteration  1  icl vals  [0.5342605174716326, 0.5041010244870052]
iteration  1  idg vals  [0.1724756076941698, 0.17101651840873133]
2
iteration  2  icl vals  [0.5342605174716326, 0.5041010244870052, 0.49311663187920507]
iteration  2  idg vals  [0.1724756076941698, 0.17101651840873133, 0.17247706976518917]
3
iteration  3  icl vals  [0.5342605174716326, 0.5041010244870052, 0.49311663187920507, 0.500623745130963]
iteration  3  idg vals  [0.1724756076941698, 0.17101651840873133, 0.17247706976518917, 0.1707283715887502]
4
iteration  4  icl vals  [0.5342605174716326, 0.5041010244870052, 0.49311663187920507, 0.500623745130963, 0.48941306461130596]
iteration  4  idg vals  [0.1724756076941698, 0.17101651840873133, 0.17247706976518917, 0.1707283715887502, 0.17046935429711363]
5
iteration  5  icl vals  [0.5342605174716326, 0.5041010244870052, 0.49311663187920507, 0.500623745130963, 0.48941306461130596, 0.5096065053394929]
iteration  5  idg vals  [0.1724756076941698, 0.17101651840873133, 0.17247706976518917, 0.1707283715887502, 0.17046935429711363, 0.17100610618119916]
6
iteration  6  icl vals  [0.5342605174716326, 0.5041010244870052, 0.49311663187920507, 0.500623745130963, 0.48941306461130596, 0.5096065053394929, 0.500764145152889]
iteration  6  idg vals  [0.1724756076941698, 0.17101651840873133, 0.17247706976518917, 0.1707283715887502, 0.17046935429711363, 0.17100610618119916, 0.17169405523446724]
7
iteration  7  icl vals  [0.5342605174716326, 0.5041010244870052, 0.49311663187920507, 0.500623745130963, 0.48941306461130596, 0.5096065053394929, 0.500764145152889, 0.5019843689692722]
iteration  7  idg vals  [0.1724756076941698, 0.17101651840873133, 0.17247706976518917, 0.1707283715887502, 0.17046935429711363, 0.17100610618119916, 0.17169405523446724, 0.17276947843191337]
8
iteration  8  icl vals  [0.5342605174716326, 0.5041010244870052, 0.49311663187920507, 0.500623745130963, 0.48941306461130596, 0.5096065053394929, 0.500764145152889, 0.5019843689692722, 0.5221210374403218]
iteration  8  idg vals  [0.1724756076941698, 0.17101651840873133, 0.17247706976518917, 0.1707283715887502, 0.17046935429711363, 0.17100610618119916, 0.17169405523446724, 0.17276947843191337, 0.16916513226305718]
9
iteration  9  icl vals  [0.5342605174716326, 0.5041010244870052, 0.49311663187920507, 0.500623745130963, 0.48941306461130596, 0.5096065053394929, 0.500764145152889, 0.5019843689692722, 0.5221210374403218, 0.4775649498644825]
iteration  9  idg vals  [0.1724756076941698, 0.17101651840873133, 0.17247706976518917, 0.1707283715887502, 0.17046935429711363, 0.17100610618119916, 0.17169405523446724, 0.17276947843191337, 0.16916513226305718, 0.16658759641649334]
0
iteration  0  icl vals  [0.21742001744466632]
iteration  0  idg vals  [0.2065595723445517]
1
iteration  1  icl vals  [0.21742001744466632, 0.21087930128257315]
iteration  1  idg vals  [0.2065595723445517, 0.2009895123990575]
2
iteration  2  icl vals  [0.21742001744466632, 0.21087930128257315, 0.22256342459796685]
iteration  2  idg vals  [0.2065595723445517, 0.2009895123990575, 0.2104829906567267]
3
iteration  3  icl vals  [0.21742001744466632, 0.21087930128257315, 0.22256342459796685, 0.21903068855237606]
iteration  3  idg vals  [0.2065595723445517, 0.2009895123990575, 0.2104829906567267, 0.20720056573539147]
4
iteration  4  icl vals  [0.21742001744466632, 0.21087930128257315, 0.22256342459796685, 0.21903068855237606, 0.21626578912194527]
iteration  4  idg vals  [0.2065595723445517, 0.2009895123990575, 0.2104829906567267, 0.20720056573539147, 0.20399801025769504]
5
iteration  5  icl vals  [0.21742001744466632, 0.21087930128257315, 0.22256342459796685, 0.21903068855237606, 0.21626578912194527, 0.21995187762278134]
iteration  5  idg vals  [0.2065595723445517, 0.2009895123990575, 0.2104829906567267, 0.20720056573539147, 0.20399801025769504, 0.20793168091688607]
6
iteration  6  icl vals  [0.21742001744466632, 0.21087930128257315, 0.22256342459796685, 0.21903068855237606, 0.21626578912194527, 0.21995187762278134, 0.21631633302640285]
iteration  6  idg vals  [0.2065595723445517, 0.2009895123990575, 0.2104829906567267, 0.20720056573539147, 0.20399801025769504, 0.20793168091688607, 0.20515427851922796]
7
iteration  7  icl vals  [0.21742001744466632, 0.21087930128257315, 0.22256342459796685, 0.21903068855237606, 0.21626578912194527, 0.21995187762278134, 0.21631633302640285, 0.2173953960168551]
iteration  7  idg vals  [0.2065595723445517, 0.2009895123990575, 0.2104829906567267, 0.20720056573539147, 0.20399801025769504, 0.20793168091688607, 0.20515427851922796, 0.20630485177087343]
8
iteration  8  icl vals  [0.21742001744466632, 0.21087930128257315, 0.22256342459796685, 0.21903068855237606, 0.21626578912194527, 0.21995187762278134, 0.21631633302640285, 0.2173953960168551, 0.21928321598244493]
iteration  8  idg vals  [0.2065595723445517, 0.2009895123990575, 0.2104829906567267, 0.20720056573539147, 0.20399801025769504, 0.20793168091688607, 0.20515427851922796, 0.20630485177087343, 0.20761678768789738]
9
iteration  9  icl vals  [0.21742001744466632, 0.21087930128257315, 0.22256342459796685, 0.21903068855237606, 0.21626578912194527, 0.21995187762278134, 0.21631633302640285, 0.2173953960168551, 0.21928321598244493, 0.2182221343450501]
iteration  9  idg vals  [0.2065595723445517, 0.2009895123990575, 0.2104829906567267, 0.20720056573539147, 0.20399801025769504, 0.20793168091688607, 0.20515427851922796, 0.20630485177087343, 0.20761678768789738, 0.20755009989337503]
0
iteration  0  icl vals  [0.20935491442552512]
iteration  0  idg vals  [0.2074451558402588]
1
iteration  1  icl vals  [0.20935491442552512, 0.21169521127209934]
iteration  1  idg vals  [0.2074451558402588, 0.2092134496922684]
2
iteration  2  icl vals  [0.20935491442552512, 0.21169521127209934, 0.2103963393050028]
iteration  2  idg vals  [0.2074451558402588, 0.2092134496922684, 0.20818124305044083]
3
iteration  3  icl vals  [0.20935491442552512, 0.21169521127209934, 0.2103963393050028, 0.21070898415984507]
iteration  3  idg vals  [0.2074451558402588, 0.2092134496922684, 0.20818124305044083, 0.2089438833707551]
4
iteration  4  icl vals  [0.20935491442552512, 0.21169521127209934, 0.2103963393050028, 0.21070898415984507, 0.2109391256508817]
iteration  4  idg vals  [0.2074451558402588, 0.2092134496922684, 0.20818124305044083, 0.2089438833707551, 0.20893054036223724]
5
iteration  5  icl vals  [0.20935491442552512, 0.21169521127209934, 0.2103963393050028, 0.21070898415984507, 0.2109391256508817, 0.2070931970547274]
iteration  5  idg vals  [0.2074451558402588, 0.2092134496922684, 0.20818124305044083, 0.2089438833707551, 0.20893054036223724, 0.20512933356124918]
6
iteration  6  icl vals  [0.20935491442552512, 0.21169521127209934, 0.2103963393050028, 0.21070898415984507, 0.2109391256508817, 0.2070931970547274, 0.213857488838894]
iteration  6  idg vals  [0.2074451558402588, 0.2092134496922684, 0.20818124305044083, 0.2089438833707551, 0.20893054036223724, 0.20512933356124918, 0.2116586080008267]
7
iteration  7  icl vals  [0.20935491442552512, 0.21169521127209934, 0.2103963393050028, 0.21070898415984507, 0.2109391256508817, 0.2070931970547274, 0.213857488838894, 0.2090295219985212]
iteration  7  idg vals  [0.2074451558402588, 0.2092134496922684, 0.20818124305044083, 0.2089438833707551, 0.20893054036223724, 0.20512933356124918, 0.2116586080008267, 0.20720260229419352]
8
iteration  8  icl vals  [0.20935491442552512, 0.21169521127209934, 0.2103963393050028, 0.21070898415984507, 0.2109391256508817, 0.2070931970547274, 0.213857488838894, 0.2090295219985212, 0.21147522216742076]
iteration  8  idg vals  [0.2074451558402588, 0.2092134496922684, 0.20818124305044083, 0.2089438833707551, 0.20893054036223724, 0.20512933356124918, 0.2116586080008267, 0.20720260229419352, 0.20924385146079172]
9
iteration  9  icl vals  [0.20935491442552512, 0.21169521127209934, 0.2103963393050028, 0.21070898415984507, 0.2109391256508817, 0.2070931970547274, 0.213857488838894, 0.2090295219985212, 0.21147522216742076, 0.20971498006226486]
iteration  9  idg vals  [0.2074451558402588, 0.2092134496922684, 0.20818124305044083, 0.2089438833707551, 0.20893054036223724, 0.20512933356124918, 0.2116586080008267, 0.20720260229419352, 0.20924385146079172, 0.20763180085305954]
iclmean [1.16854988 0.93559134 0.5033556  0.21773282 0.2104265 ]
iclstd [0.01876449 0.01400734 0.0152556  0.00289703 0.00171877]
idgmean [0.06080619 0.11486348 0.17083893 0.20637884 0.20835805]
idgstd [0.00070087 0.00098388 0.00175796 0.00243076 0.00161965]
