100
10
0
iteration  0  icl vals  [1.375632860546574]
iteration  0  idg vals  [0.30533578819882123]
1
iteration  1  icl vals  [1.375632860546574, 1.3686873304472578]
iteration  1  idg vals  [0.30533578819882123, 0.30447627019079637]
2
iteration  2  icl vals  [1.375632860546574, 1.3686873304472578, 1.3451119520227013]
iteration  2  idg vals  [0.30533578819882123, 0.30447627019079637, 0.3045860638234419]
3
iteration  3  icl vals  [1.375632860546574, 1.3686873304472578, 1.3451119520227013, 1.3627959926593123]
iteration  3  idg vals  [0.30533578819882123, 0.30447627019079637, 0.3045860638234419, 0.3043256024703471]
4
iteration  4  icl vals  [1.375632860546574, 1.3686873304472578, 1.3451119520227013, 1.3627959926593123, 1.3518623199174156]
iteration  4  idg vals  [0.30533578819882123, 0.30447627019079637, 0.3045860638234419, 0.3043256024703471, 0.3045999270435198]
5
iteration  5  icl vals  [1.375632860546574, 1.3686873304472578, 1.3451119520227013, 1.3627959926593123, 1.3518623199174156, 1.3427356709716285]
iteration  5  idg vals  [0.30533578819882123, 0.30447627019079637, 0.3045860638234419, 0.3043256024703471, 0.3045999270435198, 0.3045822091292474]
6
iteration  6  icl vals  [1.375632860546574, 1.3686873304472578, 1.3451119520227013, 1.3627959926593123, 1.3518623199174156, 1.3427356709716285, 1.3597327800203023]
iteration  6  idg vals  [0.30533578819882123, 0.30447627019079637, 0.3045860638234419, 0.3043256024703471, 0.3045999270435198, 0.3045822091292474, 0.3046749626345169]
7
iteration  7  icl vals  [1.375632860546574, 1.3686873304472578, 1.3451119520227013, 1.3627959926593123, 1.3518623199174156, 1.3427356709716285, 1.3597327800203023, 1.365852688055827]
iteration  7  idg vals  [0.30533578819882123, 0.30447627019079637, 0.3045860638234419, 0.3043256024703471, 0.3045999270435198, 0.3045822091292474, 0.3046749626345169, 0.30467978637093585]
8
iteration  8  icl vals  [1.375632860546574, 1.3686873304472578, 1.3451119520227013, 1.3627959926593123, 1.3518623199174156, 1.3427356709716285, 1.3597327800203023, 1.365852688055827, 1.377050978476049]
iteration  8  idg vals  [0.30533578819882123, 0.30447627019079637, 0.3045860638234419, 0.3043256024703471, 0.3045999270435198, 0.3045822091292474, 0.3046749626345169, 0.30467978637093585, 0.3054394171487833]
9
iteration  9  icl vals  [1.375632860546574, 1.3686873304472578, 1.3451119520227013, 1.3627959926593123, 1.3518623199174156, 1.3427356709716285, 1.3597327800203023, 1.365852688055827, 1.377050978476049, 1.356133746737993]
iteration  9  idg vals  [0.30533578819882123, 0.30447627019079637, 0.3045860638234419, 0.3043256024703471, 0.3045999270435198, 0.3045822091292474, 0.3046749626345169, 0.30467978637093585, 0.3054394171487833, 0.3047775612653172]
0
iteration  0  icl vals  [0.988790886727432]
iteration  0  idg vals  [0.3405355025058414]
1
iteration  1  icl vals  [0.988790886727432, 1.0099421634046066]
iteration  1  idg vals  [0.3405355025058414, 0.3414400201358099]
2
iteration  2  icl vals  [0.988790886727432, 1.0099421634046066, 0.9950610537147546]
iteration  2  idg vals  [0.3405355025058414, 0.3414400201358099, 0.34048277652622305]
3
iteration  3  icl vals  [0.988790886727432, 1.0099421634046066, 0.9950610537147546, 1.0051727635574794]
iteration  3  idg vals  [0.3405355025058414, 0.3414400201358099, 0.34048277652622305, 0.3403551033142598]
4
iteration  4  icl vals  [0.988790886727432, 1.0099421634046066, 0.9950610537147546, 1.0051727635574794, 1.0197233271895474]
iteration  4  idg vals  [0.3405355025058414, 0.3414400201358099, 0.34048277652622305, 0.3403551033142598, 0.3413034421480139]
5
iteration  5  icl vals  [0.988790886727432, 1.0099421634046066, 0.9950610537147546, 1.0051727635574794, 1.0197233271895474, 0.9839877656729773]
iteration  5  idg vals  [0.3405355025058414, 0.3414400201358099, 0.34048277652622305, 0.3403551033142598, 0.3413034421480139, 0.34072802739218466]
6
iteration  6  icl vals  [0.988790886727432, 1.0099421634046066, 0.9950610537147546, 1.0051727635574794, 1.0197233271895474, 0.9839877656729773, 1.0072405704416392]
iteration  6  idg vals  [0.3405355025058414, 0.3414400201358099, 0.34048277652622305, 0.3403551033142598, 0.3413034421480139, 0.34072802739218466, 0.3406420976960023]
7
iteration  7  icl vals  [0.988790886727432, 1.0099421634046066, 0.9950610537147546, 1.0051727635574794, 1.0197233271895474, 0.9839877656729773, 1.0072405704416392, 1.0025272107752068]
iteration  7  idg vals  [0.3405355025058414, 0.3414400201358099, 0.34048277652622305, 0.3403551033142598, 0.3413034421480139, 0.34072802739218466, 0.3406420976960023, 0.3406620040274859]
8
iteration  8  icl vals  [0.988790886727432, 1.0099421634046066, 0.9950610537147546, 1.0051727635574794, 1.0197233271895474, 0.9839877656729773, 1.0072405704416392, 1.0025272107752068, 1.0021110736921928]
iteration  8  idg vals  [0.3405355025058414, 0.3414400201358099, 0.34048277652622305, 0.3403551033142598, 0.3413034421480139, 0.34072802739218466, 0.3406420976960023, 0.3406620040274859, 0.34140031042129326]
9
iteration  9  icl vals  [0.988790886727432, 1.0099421634046066, 0.9950610537147546, 1.0051727635574794, 1.0197233271895474, 0.9839877656729773, 1.0072405704416392, 1.0025272107752068, 1.0021110736921928, 1.0120614295685169]
iteration  9  idg vals  [0.3405355025058414, 0.3414400201358099, 0.34048277652622305, 0.3403551033142598, 0.3413034421480139, 0.34072802739218466, 0.3406420976960023, 0.3406620040274859, 0.34140031042129326, 0.34167437458143746]
0
iteration  0  icl vals  [0.6005691157153659]
iteration  0  idg vals  [0.3753120775670875]
1
iteration  1  icl vals  [0.6005691157153659, 0.613678376493844]
iteration  1  idg vals  [0.3753120775670875, 0.3758075409501487]
2
iteration  2  icl vals  [0.6005691157153659, 0.613678376493844, 0.6111490190309106]
iteration  2  idg vals  [0.3753120775670875, 0.3758075409501487, 0.37737954271335084]
3
iteration  3  icl vals  [0.6005691157153659, 0.613678376493844, 0.6111490190309106, 0.6040265973522956]
iteration  3  idg vals  [0.3753120775670875, 0.3758075409501487, 0.37737954271335084, 0.37579850648280577]
4
iteration  4  icl vals  [0.6005691157153659, 0.613678376493844, 0.6111490190309106, 0.6040265973522956, 0.6170332729774453]
iteration  4  idg vals  [0.3753120775670875, 0.3758075409501487, 0.37737954271335084, 0.37579850648280577, 0.3760463521219184]
5
iteration  5  icl vals  [0.6005691157153659, 0.613678376493844, 0.6111490190309106, 0.6040265973522956, 0.6170332729774453, 0.6094956710009272]
iteration  5  idg vals  [0.3753120775670875, 0.3758075409501487, 0.37737954271335084, 0.37579850648280577, 0.3760463521219184, 0.3771744550440961]
6
iteration  6  icl vals  [0.6005691157153659, 0.613678376493844, 0.6111490190309106, 0.6040265973522956, 0.6170332729774453, 0.6094956710009272, 0.603822100479515]
iteration  6  idg vals  [0.3753120775670875, 0.3758075409501487, 0.37737954271335084, 0.37579850648280577, 0.3760463521219184, 0.3771744550440961, 0.3757430326624638]
7
iteration  7  icl vals  [0.6005691157153659, 0.613678376493844, 0.6111490190309106, 0.6040265973522956, 0.6170332729774453, 0.6094956710009272, 0.603822100479515, 0.6066875483951197]
iteration  7  idg vals  [0.3753120775670875, 0.3758075409501487, 0.37737954271335084, 0.37579850648280577, 0.3760463521219184, 0.3771744550440961, 0.3757430326624638, 0.3766537522666007]
8
iteration  8  icl vals  [0.6005691157153659, 0.613678376493844, 0.6111490190309106, 0.6040265973522956, 0.6170332729774453, 0.6094956710009272, 0.603822100479515, 0.6066875483951197, 0.6081929166774196]
iteration  8  idg vals  [0.3753120775670875, 0.3758075409501487, 0.37737954271335084, 0.37579850648280577, 0.3760463521219184, 0.3771744550440961, 0.3757430326624638, 0.3766537522666007, 0.37722311777553585]
9
iteration  9  icl vals  [0.6005691157153659, 0.613678376493844, 0.6111490190309106, 0.6040265973522956, 0.6170332729774453, 0.6094956710009272, 0.603822100479515, 0.6066875483951197, 0.6081929166774196, 0.6068696307182004]
iteration  9  idg vals  [0.3753120775670875, 0.3758075409501487, 0.37737954271335084, 0.37579850648280577, 0.3760463521219184, 0.3771744550440961, 0.3757430326624638, 0.3766537522666007, 0.37722311777553585, 0.37685084606500396]
0
iteration  0  icl vals  [0.4080985432418833]
iteration  0  idg vals  [0.40170985115076685]
1
iteration  1  icl vals  [0.4080985432418833, 0.408662984207006]
iteration  1  idg vals  [0.40170985115076685, 0.4024752711621118]
2
iteration  2  icl vals  [0.4080985432418833, 0.408662984207006, 0.4081512613188296]
iteration  2  idg vals  [0.40170985115076685, 0.4024752711621118, 0.40185974894396836]
3
iteration  3  icl vals  [0.4080985432418833, 0.408662984207006, 0.4081512613188296, 0.4085541537798283]
iteration  3  idg vals  [0.40170985115076685, 0.4024752711621118, 0.40185974894396836, 0.40197673253333854]
4
iteration  4  icl vals  [0.4080985432418833, 0.408662984207006, 0.4081512613188296, 0.4085541537798283, 0.4070401502698189]
iteration  4  idg vals  [0.40170985115076685, 0.4024752711621118, 0.40185974894396836, 0.40197673253333854, 0.4014684007846232]
5
iteration  5  icl vals  [0.4080985432418833, 0.408662984207006, 0.4081512613188296, 0.4085541537798283, 0.4070401502698189, 0.40779925182669086]
iteration  5  idg vals  [0.40170985115076685, 0.4024752711621118, 0.40185974894396836, 0.40197673253333854, 0.4014684007846232, 0.4013952897160473]
6
iteration  6  icl vals  [0.4080985432418833, 0.408662984207006, 0.4081512613188296, 0.4085541537798283, 0.4070401502698189, 0.40779925182669086, 0.40852600850150433]
iteration  6  idg vals  [0.40170985115076685, 0.4024752711621118, 0.40185974894396836, 0.40197673253333854, 0.4014684007846232, 0.4013952897160473, 0.4023052165413157]
7
iteration  7  icl vals  [0.4080985432418833, 0.408662984207006, 0.4081512613188296, 0.4085541537798283, 0.4070401502698189, 0.40779925182669086, 0.40852600850150433, 0.4077865814147481]
iteration  7  idg vals  [0.40170985115076685, 0.4024752711621118, 0.40185974894396836, 0.40197673253333854, 0.4014684007846232, 0.4013952897160473, 0.4023052165413157, 0.4017807005464795]
8
iteration  8  icl vals  [0.4080985432418833, 0.408662984207006, 0.4081512613188296, 0.4085541537798283, 0.4070401502698189, 0.40779925182669086, 0.40852600850150433, 0.4077865814147481, 0.4065285362031359]
iteration  8  idg vals  [0.40170985115076685, 0.4024752711621118, 0.40185974894396836, 0.40197673253333854, 0.4014684007846232, 0.4013952897160473, 0.4023052165413157, 0.4017807005464795, 0.4002180648117042]
9
iteration  9  icl vals  [0.4080985432418833, 0.408662984207006, 0.4081512613188296, 0.4085541537798283, 0.4070401502698189, 0.40779925182669086, 0.40852600850150433, 0.4077865814147481, 0.4065285362031359, 0.406606537255638]
iteration  9  idg vals  [0.40170985115076685, 0.4024752711621118, 0.40185974894396836, 0.40197673253333854, 0.4014684007846232, 0.4013952897160473, 0.4023052165413157, 0.4017807005464795, 0.4002180648117042, 0.40058373641512524]
0
iteration  0  icl vals  [0.40377709955601526]
iteration  0  idg vals  [0.4027014090225063]
1
iteration  1  icl vals  [0.40377709955601526, 0.40457052140452165]
iteration  1  idg vals  [0.4027014090225063, 0.4034547655686944]
2
iteration  2  icl vals  [0.40377709955601526, 0.40457052140452165, 0.40377214270271056]
iteration  2  idg vals  [0.4027014090225063, 0.4034547655686944, 0.4027468741363085]
3
iteration  3  icl vals  [0.40377709955601526, 0.40457052140452165, 0.40377214270271056, 0.4042690083181313]
iteration  3  idg vals  [0.4027014090225063, 0.4034547655686944, 0.4027468741363085, 0.40307110635464416]
4
iteration  4  icl vals  [0.40377709955601526, 0.40457052140452165, 0.40377214270271056, 0.4042690083181313, 0.40295141633643494]
iteration  4  idg vals  [0.4027014090225063, 0.4034547655686944, 0.4027468741363085, 0.40307110635464416, 0.4018302103574889]
5
iteration  5  icl vals  [0.40377709955601526, 0.40457052140452165, 0.40377214270271056, 0.4042690083181313, 0.40295141633643494, 0.4040866661827027]
iteration  5  idg vals  [0.4027014090225063, 0.4034547655686944, 0.4027468741363085, 0.40307110635464416, 0.4018302103574889, 0.40314823362491237]
6
iteration  6  icl vals  [0.40377709955601526, 0.40457052140452165, 0.40377214270271056, 0.4042690083181313, 0.40295141633643494, 0.4040866661827027, 0.4034828432982338]
iteration  6  idg vals  [0.4027014090225063, 0.4034547655686944, 0.4027468741363085, 0.40307110635464416, 0.4018302103574889, 0.40314823362491237, 0.40214534105988387]
7
iteration  7  icl vals  [0.40377709955601526, 0.40457052140452165, 0.40377214270271056, 0.4042690083181313, 0.40295141633643494, 0.4040866661827027, 0.4034828432982338, 0.4047065988249463]
iteration  7  idg vals  [0.4027014090225063, 0.4034547655686944, 0.4027468741363085, 0.40307110635464416, 0.4018302103574889, 0.40314823362491237, 0.40214534105988387, 0.40352877262460307]
8
iteration  8  icl vals  [0.40377709955601526, 0.40457052140452165, 0.40377214270271056, 0.4042690083181313, 0.40295141633643494, 0.4040866661827027, 0.4034828432982338, 0.4047065988249463, 0.4037922287662632]
iteration  8  idg vals  [0.4027014090225063, 0.4034547655686944, 0.4027468741363085, 0.40307110635464416, 0.4018302103574889, 0.40314823362491237, 0.40214534105988387, 0.40352877262460307, 0.40284177321694403]
9
iteration  9  icl vals  [0.40377709955601526, 0.40457052140452165, 0.40377214270271056, 0.4042690083181313, 0.40295141633643494, 0.4040866661827027, 0.4034828432982338, 0.4047065988249463, 0.4037922287662632, 0.4037563087281506]
iteration  9  idg vals  [0.4027014090225063, 0.4034547655686944, 0.4027468741363085, 0.40307110635464416, 0.4018302103574889, 0.40314823362491237, 0.40214534105988387, 0.40352877262460307, 0.40284177321694403, 0.40253678946377724]
iclmean [1.36055963 1.00266182 0.60815242 0.4077754  0.40391648]
iclstd [0.0111825  0.01029047 0.00466115 0.0007527  0.00049051]
idgmean [0.30474776 0.34092237 0.37639892 0.4015773  0.40280053]
idgstd [0.00034093 0.00045342 0.0007041  0.00067187 0.00051061]
