100
1
0
iteration  0  icl vals  [65.12434174390809]
iteration  0  idg vals  [41.610563782168676]
1
iteration  1  icl vals  [65.12434174390809, 78.4418953879088]
iteration  1  idg vals  [41.610563782168676, 50.112290140771975]
2
iteration  2  icl vals  [65.12434174390809, 78.4418953879088, 75.96896513594103]
iteration  2  idg vals  [41.610563782168676, 50.112290140771975, 48.87800109080453]
3
iteration  3  icl vals  [65.12434174390809, 78.4418953879088, 75.96896513594103, 59.493877059721044]
iteration  3  idg vals  [41.610563782168676, 50.112290140771975, 48.87800109080453, 37.55272268057851]
4
iteration  4  icl vals  [65.12434174390809, 78.4418953879088, 75.96896513594103, 59.493877059721044, 71.34199540083635]
iteration  4  idg vals  [41.610563782168676, 50.112290140771975, 48.87800109080453, 37.55272268057851, 45.03197810374452]
5
iteration  5  icl vals  [65.12434174390809, 78.4418953879088, 75.96896513594103, 59.493877059721044, 71.34199540083635, 65.28753208829424]
iteration  5  idg vals  [41.610563782168676, 50.112290140771975, 48.87800109080453, 37.55272268057851, 45.03197810374452, 41.357924145535534]
6
iteration  6  icl vals  [65.12434174390809, 78.4418953879088, 75.96896513594103, 59.493877059721044, 71.34199540083635, 65.28753208829424, 88.36998772953301]
iteration  6  idg vals  [41.610563782168676, 50.112290140771975, 48.87800109080453, 37.55272268057851, 45.03197810374452, 41.357924145535534, 56.61694614644563]
7
iteration  7  icl vals  [65.12434174390809, 78.4418953879088, 75.96896513594103, 59.493877059721044, 71.34199540083635, 65.28753208829424, 88.36998772953301, 78.03350492650668]
iteration  7  idg vals  [41.610563782168676, 50.112290140771975, 48.87800109080453, 37.55272268057851, 45.03197810374452, 41.357924145535534, 56.61694614644563, 49.01371178301274]
8
iteration  8  icl vals  [65.12434174390809, 78.4418953879088, 75.96896513594103, 59.493877059721044, 71.34199540083635, 65.28753208829424, 88.36998772953301, 78.03350492650668, 90.05495015947946]
iteration  8  idg vals  [41.610563782168676, 50.112290140771975, 48.87800109080453, 37.55272268057851, 45.03197810374452, 41.357924145535534, 56.61694614644563, 49.01371178301274, 56.847549608688674]
9
iteration  9  icl vals  [65.12434174390809, 78.4418953879088, 75.96896513594103, 59.493877059721044, 71.34199540083635, 65.28753208829424, 88.36998772953301, 78.03350492650668, 90.05495015947946, 61.315075799402315]
iteration  9  idg vals  [41.610563782168676, 50.112290140771975, 48.87800109080453, 37.55272268057851, 45.03197810374452, 41.357924145535534, 56.61694614644563, 49.01371178301274, 56.847549608688674, 38.74578898909751]
0
iteration  0  icl vals  [96.55954279863553]
iteration  0  idg vals  [72.10234328161954]
1
iteration  1  icl vals  [96.55954279863553, 84.39836841908757]
iteration  1  idg vals  [72.10234328161954, 62.959473162300604]
2
iteration  2  icl vals  [96.55954279863553, 84.39836841908757, 62.271791593919026]
iteration  2  idg vals  [72.10234328161954, 62.959473162300604, 46.275146144540365]
3
iteration  3  icl vals  [96.55954279863553, 84.39836841908757, 62.271791593919026, 73.86578154609813]
iteration  3  idg vals  [72.10234328161954, 62.959473162300604, 46.275146144540365, 55.02790026012253]
4
iteration  4  icl vals  [96.55954279863553, 84.39836841908757, 62.271791593919026, 73.86578154609813, 124.89130495306034]
iteration  4  idg vals  [72.10234328161954, 62.959473162300604, 46.275146144540365, 55.02790026012253, 94.8443194059019]
5
iteration  5  icl vals  [96.55954279863553, 84.39836841908757, 62.271791593919026, 73.86578154609813, 124.89130495306034, 86.56587254252575]
iteration  5  idg vals  [72.10234328161954, 62.959473162300604, 46.275146144540365, 55.02790026012253, 94.8443194059019, 65.27727844038816]
6
iteration  6  icl vals  [96.55954279863553, 84.39836841908757, 62.271791593919026, 73.86578154609813, 124.89130495306034, 86.56587254252575, 91.39194244886338]
iteration  6  idg vals  [72.10234328161954, 62.959473162300604, 46.275146144540365, 55.02790026012253, 94.8443194059019, 65.27727844038816, 68.70557622604527]
7
iteration  7  icl vals  [96.55954279863553, 84.39836841908757, 62.271791593919026, 73.86578154609813, 124.89130495306034, 86.56587254252575, 91.39194244886338, 74.08144348794126]
iteration  7  idg vals  [72.10234328161954, 62.959473162300604, 46.275146144540365, 55.02790026012253, 94.8443194059019, 65.27727844038816, 68.70557622604527, 55.55468160378766]
8
iteration  8  icl vals  [96.55954279863553, 84.39836841908757, 62.271791593919026, 73.86578154609813, 124.89130495306034, 86.56587254252575, 91.39194244886338, 74.08144348794126, 73.76236660813757]
iteration  8  idg vals  [72.10234328161954, 62.959473162300604, 46.275146144540365, 55.02790026012253, 94.8443194059019, 65.27727844038816, 68.70557622604527, 55.55468160378766, 55.4752093892025]
9
iteration  9  icl vals  [96.55954279863553, 84.39836841908757, 62.271791593919026, 73.86578154609813, 124.89130495306034, 86.56587254252575, 91.39194244886338, 74.08144348794126, 73.76236660813757, 82.37799831044983]
iteration  9  idg vals  [72.10234328161954, 62.959473162300604, 46.275146144540365, 55.02790026012253, 94.8443194059019, 65.27727844038816, 68.70557622604527, 55.55468160378766, 55.4752093892025, 61.347530307574466]
0
iteration  0  icl vals  [91.74170428214644]
iteration  0  idg vals  [76.60252992423196]
1
iteration  1  icl vals  [91.74170428214644, 72.93846807623126]
iteration  1  idg vals  [76.60252992423196, 61.214885118415026]
2
iteration  2  icl vals  [91.74170428214644, 72.93846807623126, 80.36252090110634]
iteration  2  idg vals  [76.60252992423196, 61.214885118415026, 68.50124729032386]
3
iteration  3  icl vals  [91.74170428214644, 72.93846807623126, 80.36252090110634, 73.07391120802525]
iteration  3  idg vals  [76.60252992423196, 61.214885118415026, 68.50124729032386, 61.32606034650142]
4
iteration  4  icl vals  [91.74170428214644, 72.93846807623126, 80.36252090110634, 73.07391120802525, 90.33708533777111]
iteration  4  idg vals  [76.60252992423196, 61.214885118415026, 68.50124729032386, 61.32606034650142, 75.54892586541817]
5
iteration  5  icl vals  [91.74170428214644, 72.93846807623126, 80.36252090110634, 73.07391120802525, 90.33708533777111, 84.76956279633545]
iteration  5  idg vals  [76.60252992423196, 61.214885118415026, 68.50124729032386, 61.32606034650142, 75.54892586541817, 71.37559237772969]
6
iteration  6  icl vals  [91.74170428214644, 72.93846807623126, 80.36252090110634, 73.07391120802525, 90.33708533777111, 84.76956279633545, 82.46067956698396]
iteration  6  idg vals  [76.60252992423196, 61.214885118415026, 68.50124729032386, 61.32606034650142, 75.54892586541817, 71.37559237772969, 69.4586029775886]
7
iteration  7  icl vals  [91.74170428214644, 72.93846807623126, 80.36252090110634, 73.07391120802525, 90.33708533777111, 84.76956279633545, 82.46067956698396, 93.49957882855178]
iteration  7  idg vals  [76.60252992423196, 61.214885118415026, 68.50124729032386, 61.32606034650142, 75.54892586541817, 71.37559237772969, 69.4586029775886, 78.82697379594384]
8
iteration  8  icl vals  [91.74170428214644, 72.93846807623126, 80.36252090110634, 73.07391120802525, 90.33708533777111, 84.76956279633545, 82.46067956698396, 93.49957882855178, 81.73923630949976]
iteration  8  idg vals  [76.60252992423196, 61.214885118415026, 68.50124729032386, 61.32606034650142, 75.54892586541817, 71.37559237772969, 69.4586029775886, 78.82697379594384, 68.72201088691966]
9
iteration  9  icl vals  [91.74170428214644, 72.93846807623126, 80.36252090110634, 73.07391120802525, 90.33708533777111, 84.76956279633545, 82.46067956698396, 93.49957882855178, 81.73923630949976, 74.43104615303056]
iteration  9  idg vals  [76.60252992423196, 61.214885118415026, 68.50124729032386, 61.32606034650142, 75.54892586541817, 71.37559237772969, 69.4586029775886, 78.82697379594384, 68.72201088691966, 62.89609105209551]
0
iteration  0  icl vals  [63.353006823442655]
iteration  0  idg vals  [61.923694905761266]
1
iteration  1  icl vals  [63.353006823442655, 78.12692376960746]
iteration  1  idg vals  [61.923694905761266, 76.6078264209614]
2
iteration  2  icl vals  [63.353006823442655, 78.12692376960746, 85.67638725185962]
iteration  2  idg vals  [61.923694905761266, 76.6078264209614, 84.21913882450804]
3
iteration  3  icl vals  [63.353006823442655, 78.12692376960746, 85.67638725185962, 93.8697669129429]
iteration  3  idg vals  [61.923694905761266, 76.6078264209614, 84.21913882450804, 92.12514918225006]
4
iteration  4  icl vals  [63.353006823442655, 78.12692376960746, 85.67638725185962, 93.8697669129429, 81.91975026439975]
iteration  4  idg vals  [61.923694905761266, 76.6078264209614, 84.21913882450804, 92.12514918225006, 80.43967758608677]
5
iteration  5  icl vals  [63.353006823442655, 78.12692376960746, 85.67638725185962, 93.8697669129429, 81.91975026439975, 99.3123084741729]
iteration  5  idg vals  [61.923694905761266, 76.6078264209614, 84.21913882450804, 92.12514918225006, 80.43967758608677, 97.1124228634919]
6
iteration  6  icl vals  [63.353006823442655, 78.12692376960746, 85.67638725185962, 93.8697669129429, 81.91975026439975, 99.3123084741729, 86.42741469920945]
iteration  6  idg vals  [61.923694905761266, 76.6078264209614, 84.21913882450804, 92.12514918225006, 80.43967758608677, 97.1124228634919, 84.9165149233503]
7
iteration  7  icl vals  [63.353006823442655, 78.12692376960746, 85.67638725185962, 93.8697669129429, 81.91975026439975, 99.3123084741729, 86.42741469920945, 89.55433310024715]
iteration  7  idg vals  [61.923694905761266, 76.6078264209614, 84.21913882450804, 92.12514918225006, 80.43967758608677, 97.1124228634919, 84.9165149233503, 87.60635912147023]
8
iteration  8  icl vals  [63.353006823442655, 78.12692376960746, 85.67638725185962, 93.8697669129429, 81.91975026439975, 99.3123084741729, 86.42741469920945, 89.55433310024715, 86.76057973607766]
iteration  8  idg vals  [61.923694905761266, 76.6078264209614, 84.21913882450804, 92.12514918225006, 80.43967758608677, 97.1124228634919, 84.9165149233503, 87.60635912147023, 85.32441346254927]
9
iteration  9  icl vals  [63.353006823442655, 78.12692376960746, 85.67638725185962, 93.8697669129429, 81.91975026439975, 99.3123084741729, 86.42741469920945, 89.55433310024715, 86.76057973607766, 69.45221968270278]
iteration  9  idg vals  [61.923694905761266, 76.6078264209614, 84.21913882450804, 92.12514918225006, 80.43967758608677, 97.1124228634919, 84.9165149233503, 87.60635912147023, 85.32441346254927, 68.40067257089743]
0
iteration  0  icl vals  [89.19072869472585]
iteration  0  idg vals  [88.79715931718138]
1
iteration  1  icl vals  [89.19072869472585, 97.72205164073253]
iteration  1  idg vals  [88.79715931718138, 97.30699348876531]
2
iteration  2  icl vals  [89.19072869472585, 97.72205164073253, 69.82368911894662]
iteration  2  idg vals  [88.79715931718138, 97.30699348876531, 69.67028117945645]
3
iteration  3  icl vals  [89.19072869472585, 97.72205164073253, 69.82368911894662, 82.70984053099463]
iteration  3  idg vals  [88.79715931718138, 97.30699348876531, 69.67028117945645, 82.4536401259578]
4
iteration  4  icl vals  [89.19072869472585, 97.72205164073253, 69.82368911894662, 82.70984053099463, 80.73371910938522]
iteration  4  idg vals  [88.79715931718138, 97.30699348876531, 69.67028117945645, 82.4536401259578, 80.49335330435582]
5
iteration  5  icl vals  [89.19072869472585, 97.72205164073253, 69.82368911894662, 82.70984053099463, 80.73371910938522, 100.07519719963796]
iteration  5  idg vals  [88.79715931718138, 97.30699348876531, 69.67028117945645, 82.4536401259578, 80.49335330435582, 99.52670073272505]
6
iteration  6  icl vals  [89.19072869472585, 97.72205164073253, 69.82368911894662, 82.70984053099463, 80.73371910938522, 100.07519719963796, 88.80523401726641]
iteration  6  idg vals  [88.79715931718138, 97.30699348876531, 69.67028117945645, 82.4536401259578, 80.49335330435582, 99.52670073272505, 88.39748936375776]
7
iteration  7  icl vals  [89.19072869472585, 97.72205164073253, 69.82368911894662, 82.70984053099463, 80.73371910938522, 100.07519719963796, 88.80523401726641, 84.76529899973855]
iteration  7  idg vals  [88.79715931718138, 97.30699348876531, 69.67028117945645, 82.4536401259578, 80.49335330435582, 99.52670073272505, 88.39748936375776, 84.40225565801794]
8
iteration  8  icl vals  [89.19072869472585, 97.72205164073253, 69.82368911894662, 82.70984053099463, 80.73371910938522, 100.07519719963796, 88.80523401726641, 84.76529899973855, 81.38096635253058]
iteration  8  idg vals  [88.79715931718138, 97.30699348876531, 69.67028117945645, 82.4536401259578, 80.49335330435582, 99.52670073272505, 88.39748936375776, 84.40225565801794, 81.05123725651734]
9
iteration  9  icl vals  [89.19072869472585, 97.72205164073253, 69.82368911894662, 82.70984053099463, 80.73371910938522, 100.07519719963796, 88.80523401726641, 84.76529899973855, 81.38096635253058, 79.03195781456543]
iteration  9  idg vals  [88.79715931718138, 97.30699348876531, 69.67028117945645, 82.4536401259578, 80.49335330435582, 99.52670073272505, 88.39748936375776, 84.40225565801794, 81.05123725651734, 78.73888826803169]
iclmean [73.34321254 85.01664127 82.53537935 83.44526907 85.42386835]
iclstd [10.16319337 16.31417717  7.23525618 10.26027564  8.49643425]
idgmean [46.57674765 63.75694582 69.44729196 81.86758699 85.08379987]
idgstd [ 6.5350741  12.59756289  5.9849015  10.03071352  8.39835632]
