[1.00000000e-02 1.22957175e-02 1.51184670e-02 1.85892399e-02
 2.28568044e-02 2.81040810e-02 3.45559842e-02 4.24890620e-02
 5.22433505e-02 6.42369481e-02 7.89839369e-02 9.71164178e-02
 1.19411604e-01 1.46825136e-01 1.80532039e-01 2.21977096e-01
 2.72936767e-01 3.35595340e-01 4.12638550e-01 5.07368706e-01
 6.23846229e-01 7.67063702e-01 9.43159862e-01 1.15968272e+00
 1.42591312e+00 1.75326250e+00 2.15576204e+00 2.65066412e+00
 3.25918172e+00 4.00739779e+00 4.92738313e+00 6.05857111e+00
 7.44944790e+00 9.15963072e+00 1.12624232e+01 1.38479575e+01
 1.70270573e+01 2.09359887e+01 2.57423004e+01 3.16520054e+01
 3.89184118e+01 4.78529798e+01 5.88386723e+01 7.23463695e+01
 8.89550524e+01 1.09376620e+02 1.34486402e+02 1.65360681e+02
 2.03322823e+02 2.50000000e+02]
finite array [0.22199309 0.30775055 0.24328397 0.25717879 0.24532305 0.30845385
 0.27046655 0.24921419 0.28135199 0.24379844 0.22089706 0.24092133
 0.24767623 0.19724324 0.25978815 0.24422211 0.23735401 0.23718546
 0.2342539  0.3121663  0.26244187 0.2595338  0.25966284 0.20313222
 0.21386661 0.25252243 0.22476487 0.24360574 0.23462374 0.28261838
 0.24279887 0.29925685 0.23536582 0.22156686 0.24639465 0.24377658
 0.3563324  0.33137999 0.32375919 0.21690362 0.29603488 0.3542195
 0.23995175 0.26613153 0.26894556 0.25520223 0.22862139 0.23592796
 0.1990861  0.27679803]
normal array [0.25487725 0.33183339 0.25016328 0.28398016 0.27157135 0.30750513
 0.30750885 0.28054822 0.26887433 0.26155903 0.26240158 0.27214413
 0.2905587  0.2098386  0.28986757 0.29127938 0.25310666 0.26587633
 0.24987016 0.31589636 0.27248657 0.2606709  0.29699412 0.24073684
 0.24742211 0.27599321 0.24191669 0.30478386 0.24321653 0.29447418
 0.26511262 0.34516643 0.2612337  0.24647014 0.28941078 0.25721485
 0.3683387  0.3321072  0.34702858 0.25503184 0.29609521 0.43823461
 0.26843836 0.28158671 0.29818076 0.27164332 0.25431235 0.22329282
 0.24234665 0.33066577]
