[1.00000000e-02 1.22957175e-02 1.51184670e-02 1.85892399e-02
 2.28568044e-02 2.81040810e-02 3.45559842e-02 4.24890620e-02
 5.22433505e-02 6.42369481e-02 7.89839369e-02 9.71164178e-02
 1.19411604e-01 1.46825136e-01 1.80532039e-01 2.21977096e-01
 2.72936767e-01 3.35595340e-01 4.12638550e-01 5.07368706e-01
 6.23846229e-01 7.67063702e-01 9.43159862e-01 1.15968272e+00
 1.42591312e+00 1.75326250e+00 2.15576204e+00 2.65066412e+00
 3.25918172e+00 4.00739779e+00 4.92738313e+00 6.05857111e+00
 7.44944790e+00 9.15963072e+00 1.12624232e+01 1.38479575e+01
 1.70270573e+01 2.09359887e+01 2.57423004e+01 3.16520054e+01
 3.89184118e+01 4.78529798e+01 5.88386723e+01 7.23463695e+01
 8.89550524e+01 1.09376620e+02 1.34486402e+02 1.65360681e+02
 2.03322823e+02 2.50000000e+02]
finite array [0.25614716 0.24433033 0.25249556 0.24223055 0.25862439 0.2349663
 0.23926256 0.23787871 0.25546326 0.25826216 0.25551062 0.26737434
 0.24727797 0.276928   0.24682273 0.24371692 0.24628195 0.2631717
 0.25062952 0.25505471 0.23381894 0.24618622 0.22587239 0.25544093
 0.25049352 0.24262457 0.25688758 0.24181723 0.24780371 0.23881293
 0.25000584 0.24238269 0.25731313 0.24741801 0.25334136 0.23800458
 0.24318597 0.24545973 0.25803476 0.2413578  0.24813792 0.25547059
 0.25538451 0.27305737 0.27655666 0.22787871 0.24239241 0.2596383
 0.2396503  0.2569627 ]
normal array [0.27909245 0.26943258 0.28287827 0.25421243 0.28279663 0.2659203
 0.26855038 0.27247492 0.28738588 0.28818773 0.28427021 0.29312779
 0.27982216 0.29601031 0.26959382 0.26027718 0.27141393 0.29070056
 0.28400268 0.28162127 0.26452242 0.27731432 0.24323441 0.28929728
 0.27690796 0.26929592 0.2943397  0.26933281 0.27415301 0.26734645
 0.28283576 0.26960377 0.28460851 0.27786853 0.27828374 0.26008418
 0.27650078 0.2753716  0.28515728 0.26934578 0.27579913 0.28895418
 0.29220185 0.30203534 0.30075186 0.24385403 0.26668421 0.27888579
 0.27494629 0.28135205]
