d  85
alpha 50
iteration  0
iteration  0  icl  [0.22419340726169024]
iteration  0  idg  [0.20732768753249697]
iteration  1
iteration  1  icl  [0.22419340726169024, 0.2247048179209361]
iteration  1  idg  [0.20732768753249697, 0.20628712888548173]
iteration  2
iteration  2  icl  [0.22419340726169024, 0.2247048179209361, 0.2278100831089802]
iteration  2  idg  [0.20732768753249697, 0.20628712888548173, 0.20976015037667062]
iteration  3
iteration  3  icl  [0.22419340726169024, 0.2247048179209361, 0.2278100831089802, 0.23309632990451723]
iteration  3  idg  [0.20732768753249697, 0.20628712888548173, 0.20976015037667062, 0.2126364826020164]
iteration  4
iteration  4  icl  [0.22419340726169024, 0.2247048179209361, 0.2278100831089802, 0.23309632990451723, 0.236998301842402]
iteration  4  idg  [0.20732768753249697, 0.20628712888548173, 0.20976015037667062, 0.2126364826020164, 0.2180684836076443]
iteration  5
iteration  5  icl  [0.22419340726169024, 0.2247048179209361, 0.2278100831089802, 0.23309632990451723, 0.236998301842402, 0.23133558944613464]
iteration  5  idg  [0.20732768753249697, 0.20628712888548173, 0.20976015037667062, 0.2126364826020164, 0.2180684836076443, 0.21144305886103987]
iteration  6
iteration  6  icl  [0.22419340726169024, 0.2247048179209361, 0.2278100831089802, 0.23309632990451723, 0.236998301842402, 0.23133558944613464, 0.23558863339975855]
iteration  6  idg  [0.20732768753249697, 0.20628712888548173, 0.20976015037667062, 0.2126364826020164, 0.2180684836076443, 0.21144305886103987, 0.21510128829812536]
iteration  7
iteration  7  icl  [0.22419340726169024, 0.2247048179209361, 0.2278100831089802, 0.23309632990451723, 0.236998301842402, 0.23133558944613464, 0.23558863339975855, 0.2332980333409258]
iteration  7  idg  [0.20732768753249697, 0.20628712888548173, 0.20976015037667062, 0.2126364826020164, 0.2180684836076443, 0.21144305886103987, 0.21510128829812536, 0.2127828219401675]
iteration  8
iteration  8  icl  [0.22419340726169024, 0.2247048179209361, 0.2278100831089802, 0.23309632990451723, 0.236998301842402, 0.23133558944613464, 0.23558863339975855, 0.2332980333409258, 0.24091495305552058]
iteration  8  idg  [0.20732768753249697, 0.20628712888548173, 0.20976015037667062, 0.2126364826020164, 0.2180684836076443, 0.21144305886103987, 0.21510128829812536, 0.2127828219401675, 0.22031174836374645]
iteration  9
iteration  9  icl  [0.22419340726169024, 0.2247048179209361, 0.2278100831089802, 0.23309632990451723, 0.236998301842402, 0.23133558944613464, 0.23558863339975855, 0.2332980333409258, 0.24091495305552058, 0.2302728864431982]
iteration  9  idg  [0.20732768753249697, 0.20628712888548173, 0.20976015037667062, 0.2126364826020164, 0.2180684836076443, 0.21144305886103987, 0.21510128829812536, 0.2127828219401675, 0.22031174836374645, 0.21186937836857989]
iteration  0
iteration  0  icl  [0.09172912116514453]
iteration  0  idg  [0.08538144807537584]
iteration  1
iteration  1  icl  [0.09172912116514453, 0.09380703521989275]
iteration  1  idg  [0.08538144807537584, 0.08713854206263738]
iteration  2
iteration  2  icl  [0.09172912116514453, 0.09380703521989275, 0.09736613835689001]
iteration  2  idg  [0.08538144807537584, 0.08713854206263738, 0.09072128626271336]
iteration  3
iteration  3  icl  [0.09172912116514453, 0.09380703521989275, 0.09736613835689001, 0.09647589643589405]
iteration  3  idg  [0.08538144807537584, 0.08713854206263738, 0.09072128626271336, 0.09028702967141022]
iteration  4
iteration  4  icl  [0.09172912116514453, 0.09380703521989275, 0.09736613835689001, 0.09647589643589405, 0.09904887177138555]
iteration  4  idg  [0.08538144807537584, 0.08713854206263738, 0.09072128626271336, 0.09028702967141022, 0.09191212989849751]
iteration  5
iteration  5  icl  [0.09172912116514453, 0.09380703521989275, 0.09736613835689001, 0.09647589643589405, 0.09904887177138555, 0.09615121370743318]
iteration  5  idg  [0.08538144807537584, 0.08713854206263738, 0.09072128626271336, 0.09028702967141022, 0.09191212989849751, 0.09043619087247112]
iteration  6
iteration  6  icl  [0.09172912116514453, 0.09380703521989275, 0.09736613835689001, 0.09647589643589405, 0.09904887177138555, 0.09615121370743318, 0.09318236556706494]
iteration  6  idg  [0.08538144807537584, 0.08713854206263738, 0.09072128626271336, 0.09028702967141022, 0.09191212989849751, 0.09043619087247112, 0.08665184913253632]
iteration  7
iteration  7  icl  [0.09172912116514453, 0.09380703521989275, 0.09736613835689001, 0.09647589643589405, 0.09904887177138555, 0.09615121370743318, 0.09318236556706494, 0.09365248549091221]
iteration  7  idg  [0.08538144807537584, 0.08713854206263738, 0.09072128626271336, 0.09028702967141022, 0.09191212989849751, 0.09043619087247112, 0.08665184913253632, 0.08770995059503539]
iteration  8
iteration  8  icl  [0.09172912116514453, 0.09380703521989275, 0.09736613835689001, 0.09647589643589405, 0.09904887177138555, 0.09615121370743318, 0.09318236556706494, 0.09365248549091221, 0.09649051828797428]
iteration  8  idg  [0.08538144807537584, 0.08713854206263738, 0.09072128626271336, 0.09028702967141022, 0.09191212989849751, 0.09043619087247112, 0.08665184913253632, 0.08770995059503539, 0.09067790921356988]
iteration  9
iteration  9  icl  [0.09172912116514453, 0.09380703521989275, 0.09736613835689001, 0.09647589643589405, 0.09904887177138555, 0.09615121370743318, 0.09318236556706494, 0.09365248549091221, 0.09649051828797428, 0.09267490448212401]
iteration  9  idg  [0.08538144807537584, 0.08713854206263738, 0.09072128626271336, 0.09028702967141022, 0.09191212989849751, 0.09043619087247112, 0.08665184913253632, 0.08770995059503539, 0.09067790921356988, 0.08693227355923394]
iteration  0
iteration  0  icl  [0.06364863756482508]
iteration  0  idg  [0.06047714812260652]
iteration  1
iteration  1  icl  [0.06364863756482508, 0.064308433768685]
iteration  1  idg  [0.06047714812260652, 0.060679211322248294]
iteration  2
iteration  2  icl  [0.06364863756482508, 0.064308433768685, 0.06447045882415647]
iteration  2  idg  [0.06047714812260652, 0.060679211322248294, 0.06097789378155127]
iteration  3
iteration  3  icl  [0.06364863756482508, 0.064308433768685, 0.06447045882415647, 0.06573516441658112]
iteration  3  idg  [0.06047714812260652, 0.060679211322248294, 0.06097789378155127, 0.06184960288032748]
iteration  4
iteration  4  icl  [0.06364863756482508, 0.064308433768685, 0.06447045882415647, 0.06573516441658112, 0.06385039158092254]
iteration  4  idg  [0.06047714812260652, 0.060679211322248294, 0.06097789378155127, 0.06184960288032748, 0.06066857154097849]
iteration  5
iteration  5  icl  [0.06364863756482508, 0.064308433768685, 0.06447045882415647, 0.06573516441658112, 0.06385039158092254, 0.06474160409642282]
iteration  5  idg  [0.06047714812260652, 0.060679211322248294, 0.06097789378155127, 0.06184960288032748, 0.06066857154097849, 0.06113136233241301]
iteration  6
iteration  6  icl  [0.06364863756482508, 0.064308433768685, 0.06447045882415647, 0.06573516441658112, 0.06385039158092254, 0.06474160409642282, 0.06394284215909662]
iteration  6  idg  [0.06047714812260652, 0.060679211322248294, 0.06097789378155127, 0.06184960288032748, 0.06066857154097849, 0.06113136233241301, 0.06071930898917621]
iteration  7
iteration  7  icl  [0.06364863756482508, 0.064308433768685, 0.06447045882415647, 0.06573516441658112, 0.06385039158092254, 0.06474160409642282, 0.06394284215909662, 0.0652869152174893]
iteration  7  idg  [0.06047714812260652, 0.060679211322248294, 0.06097789378155127, 0.06184960288032748, 0.06066857154097849, 0.06113136233241301, 0.06071930898917621, 0.06170878334162877]
iteration  8
iteration  8  icl  [0.06364863756482508, 0.064308433768685, 0.06447045882415647, 0.06573516441658112, 0.06385039158092254, 0.06474160409642282, 0.06394284215909662, 0.0652869152174893, 0.062070103638838026]
iteration  8  idg  [0.06047714812260652, 0.060679211322248294, 0.06097789378155127, 0.06184960288032748, 0.06066857154097849, 0.06113136233241301, 0.06071930898917621, 0.06170878334162877, 0.058717733881596956]
iteration  9
iteration  9  icl  [0.06364863756482508, 0.064308433768685, 0.06447045882415647, 0.06573516441658112, 0.06385039158092254, 0.06474160409642282, 0.06394284215909662, 0.0652869152174893, 0.062070103638838026, 0.06434380520546634]
iteration  9  idg  [0.06047714812260652, 0.060679211322248294, 0.06097789378155127, 0.06184960288032748, 0.06066857154097849, 0.06113136233241301, 0.06071930898917621, 0.06170878334162877, 0.058717733881596956, 0.06096178094756599]
iclmean [0.2318213  0.09505786 0.06423984]
iclstd [0.00505022 0.00224346 0.00094604]
idgmean [0.21255882 0.08878486 0.06078914]
idgstd [0.00416217 0.00213372 0.00081071]
