75
1
0.1 1 10
iteration  0
iteration  0  icl vals  [1.0260806905589417]
iteration  0  idg vals  [1.0175929075450352]
iteration  1
iteration  1  icl vals  [1.0260806905589417, 1.0309448885159873]
iteration  1  idg vals  [1.0175929075450352, 1.0252911100458917]
iteration  2
iteration  2  icl vals  [1.0260806905589417, 1.0309448885159873, 1.0143625640883565]
iteration  2  idg vals  [1.0175929075450352, 1.0252911100458917, 1.0056163727034368]
iteration  3
iteration  3  icl vals  [1.0260806905589417, 1.0309448885159873, 1.0143625640883565, 1.023263131321473]
iteration  3  idg vals  [1.0175929075450352, 1.0252911100458917, 1.0056163727034368, 1.01661193733216]
iteration  4
iteration  4  icl vals  [1.0260806905589417, 1.0309448885159873, 1.0143625640883565, 1.023263131321473, 1.0189572738181913]
iteration  4  idg vals  [1.0175929075450352, 1.0252911100458917, 1.0056163727034368, 1.01661193733216, 1.0092774774359163]
iteration  5
iteration  5  icl vals  [1.0260806905589417, 1.0309448885159873, 1.0143625640883565, 1.023263131321473, 1.0189572738181913, 1.0253837012966749]
iteration  5  idg vals  [1.0175929075450352, 1.0252911100458917, 1.0056163727034368, 1.01661193733216, 1.0092774774359163, 1.0182583819773507]
iteration  6
iteration  6  icl vals  [1.0260806905589417, 1.0309448885159873, 1.0143625640883565, 1.023263131321473, 1.0189572738181913, 1.0253837012966749, 1.0215847314315736]
iteration  6  idg vals  [1.0175929075450352, 1.0252911100458917, 1.0056163727034368, 1.01661193733216, 1.0092774774359163, 1.0182583819773507, 1.009087914945593]
iteration  7
iteration  7  icl vals  [1.0260806905589417, 1.0309448885159873, 1.0143625640883565, 1.023263131321473, 1.0189572738181913, 1.0253837012966749, 1.0215847314315736, 1.0180482579399013]
iteration  7  idg vals  [1.0175929075450352, 1.0252911100458917, 1.0056163727034368, 1.01661193733216, 1.0092774774359163, 1.0182583819773507, 1.009087914945593, 1.0122688598114447]
iteration  8
iteration  8  icl vals  [1.0260806905589417, 1.0309448885159873, 1.0143625640883565, 1.023263131321473, 1.0189572738181913, 1.0253837012966749, 1.0215847314315736, 1.0180482579399013, 1.0251376138914574]
iteration  8  idg vals  [1.0175929075450352, 1.0252911100458917, 1.0056163727034368, 1.01661193733216, 1.0092774774359163, 1.0182583819773507, 1.009087914945593, 1.0122688598114447, 1.0173651925130085]
iteration  9
iteration  9  icl vals  [1.0260806905589417, 1.0309448885159873, 1.0143625640883565, 1.023263131321473, 1.0189572738181913, 1.0253837012966749, 1.0215847314315736, 1.0180482579399013, 1.0251376138914574, 1.0260728309379263]
iteration  9  idg vals  [1.0175929075450352, 1.0252911100458917, 1.0056163727034368, 1.01661193733216, 1.0092774774359163, 1.0182583819773507, 1.009087914945593, 1.0122688598114447, 1.0173651925130085, 1.0199434293093959]
0.5 1 10
iteration  0
iteration  0  icl vals  [1.3451784531211823]
iteration  0  idg vals  [1.3108748028466737]
iteration  1
iteration  1  icl vals  [1.3451784531211823, 1.3151062520719656]
iteration  1  idg vals  [1.3108748028466737, 1.2871645525136604]
iteration  2
iteration  2  icl vals  [1.3451784531211823, 1.3151062520719656, 1.2980054668663987]
iteration  2  idg vals  [1.3108748028466737, 1.2871645525136604, 1.269478692973653]
iteration  3
iteration  3  icl vals  [1.3451784531211823, 1.3151062520719656, 1.2980054668663987, 1.3242935188580498]
iteration  3  idg vals  [1.3108748028466737, 1.2871645525136604, 1.269478692973653, 1.296852475048788]
iteration  4
iteration  4  icl vals  [1.3451784531211823, 1.3151062520719656, 1.2980054668663987, 1.3242935188580498, 1.3403522198224076]
iteration  4  idg vals  [1.3108748028466737, 1.2871645525136604, 1.269478692973653, 1.296852475048788, 1.3156948495018699]
iteration  5
iteration  5  icl vals  [1.3451784531211823, 1.3151062520719656, 1.2980054668663987, 1.3242935188580498, 1.3403522198224076, 1.3212825451640495]
iteration  5  idg vals  [1.3108748028466737, 1.2871645525136604, 1.269478692973653, 1.296852475048788, 1.3156948495018699, 1.2921089485345023]
iteration  6
iteration  6  icl vals  [1.3451784531211823, 1.3151062520719656, 1.2980054668663987, 1.3242935188580498, 1.3403522198224076, 1.3212825451640495, 1.2876108883952306]
iteration  6  idg vals  [1.3108748028466737, 1.2871645525136604, 1.269478692973653, 1.296852475048788, 1.3156948495018699, 1.2921089485345023, 1.2596596561877194]
iteration  7
iteration  7  icl vals  [1.3451784531211823, 1.3151062520719656, 1.2980054668663987, 1.3242935188580498, 1.3403522198224076, 1.3212825451640495, 1.2876108883952306, 1.3198870590908474]
iteration  7  idg vals  [1.3108748028466737, 1.2871645525136604, 1.269478692973653, 1.296852475048788, 1.3156948495018699, 1.2921089485345023, 1.2596596561877194, 1.298311564637149]
iteration  8
iteration  8  icl vals  [1.3451784531211823, 1.3151062520719656, 1.2980054668663987, 1.3242935188580498, 1.3403522198224076, 1.3212825451640495, 1.2876108883952306, 1.3198870590908474, 1.314069093143254]
iteration  8  idg vals  [1.3108748028466737, 1.2871645525136604, 1.269478692973653, 1.296852475048788, 1.3156948495018699, 1.2921089485345023, 1.2596596561877194, 1.298311564637149, 1.2875173285596102]
iteration  9
iteration  9  icl vals  [1.3451784531211823, 1.3151062520719656, 1.2980054668663987, 1.3242935188580498, 1.3403522198224076, 1.3212825451640495, 1.2876108883952306, 1.3198870590908474, 1.314069093143254, 1.2849438590910798]
iteration  9  idg vals  [1.3108748028466737, 1.2871645525136604, 1.269478692973653, 1.296852475048788, 1.3156948495018699, 1.2921089485345023, 1.2596596561877194, 1.298311564637149, 1.2875173285596102, 1.2568897143339355]
0.8 1 10
iteration  0
iteration  0  icl vals  [2.785646551582178]
iteration  0  idg vals  [2.7278438655079507]
iteration  1
iteration  1  icl vals  [2.785646551582178, 2.5799012218190898]
iteration  1  idg vals  [2.7278438655079507, 2.532381109878625]
iteration  2
iteration  2  icl vals  [2.785646551582178, 2.5799012218190898, 2.7804865415206095]
iteration  2  idg vals  [2.7278438655079507, 2.532381109878625, 2.7182937413868977]
iteration  3
iteration  3  icl vals  [2.785646551582178, 2.5799012218190898, 2.7804865415206095, 2.704683943524119]
iteration  3  idg vals  [2.7278438655079507, 2.532381109878625, 2.7182937413868977, 2.6262076957674534]
iteration  4
iteration  4  icl vals  [2.785646551582178, 2.5799012218190898, 2.7804865415206095, 2.704683943524119, 2.838975837122782]
iteration  4  idg vals  [2.7278438655079507, 2.532381109878625, 2.7182937413868977, 2.6262076957674534, 2.7810364780257033]
iteration  5
iteration  5  icl vals  [2.785646551582178, 2.5799012218190898, 2.7804865415206095, 2.704683943524119, 2.838975837122782, 2.765205797566613]
iteration  5  idg vals  [2.7278438655079507, 2.532381109878625, 2.7182937413868977, 2.6262076957674534, 2.7810364780257033, 2.7043918812899332]
iteration  6
iteration  6  icl vals  [2.785646551582178, 2.5799012218190898, 2.7804865415206095, 2.704683943524119, 2.838975837122782, 2.765205797566613, 2.8290036265668688]
iteration  6  idg vals  [2.7278438655079507, 2.532381109878625, 2.7182937413868977, 2.6262076957674534, 2.7810364780257033, 2.7043918812899332, 2.7651414488472477]
iteration  7
iteration  7  icl vals  [2.785646551582178, 2.5799012218190898, 2.7804865415206095, 2.704683943524119, 2.838975837122782, 2.765205797566613, 2.8290036265668688, 2.876642999141559]
iteration  7  idg vals  [2.7278438655079507, 2.532381109878625, 2.7182937413868977, 2.6262076957674534, 2.7810364780257033, 2.7043918812899332, 2.7651414488472477, 2.806862720486126]
iteration  8
iteration  8  icl vals  [2.785646551582178, 2.5799012218190898, 2.7804865415206095, 2.704683943524119, 2.838975837122782, 2.765205797566613, 2.8290036265668688, 2.876642999141559, 2.608998466452581]
iteration  8  idg vals  [2.7278438655079507, 2.532381109878625, 2.7182937413868977, 2.6262076957674534, 2.7810364780257033, 2.7043918812899332, 2.7651414488472477, 2.806862720486126, 2.5567009625100043]
iteration  9
iteration  9  icl vals  [2.785646551582178, 2.5799012218190898, 2.7804865415206095, 2.704683943524119, 2.838975837122782, 2.765205797566613, 2.8290036265668688, 2.876642999141559, 2.608998466452581, 2.5986435202302625]
iteration  9  idg vals  [2.7278438655079507, 2.532381109878625, 2.7182937413868977, 2.6262076957674534, 2.7810364780257033, 2.7043918812899332, 2.7651414488472477, 2.806862720486126, 2.5567009625100043, 2.541110387467224]
iclmean [1.0229835683800483, 1.3150729355624464, 2.736818850552666]
iclstd [0.004580871419452559, 0.019095473741576174, 0.10230736664769388]
idgmean [1.0151313583619233, 1.2874552585137562, 2.6759970291167163]
idgstd [0.005647266520294043, 0.018983852925473766, 0.09844779535045613]
