70
10
0.1 10 10
iteration  0
iteration  0  icl vals  [0.9347877562238316]
iteration  0  idg vals  [0.9282535342755667]
iteration  1
iteration  1  icl vals  [0.9347877562238316, 0.9250911298582003]
iteration  1  idg vals  [0.9282535342755667, 0.9204108250109015]
iteration  2
iteration  2  icl vals  [0.9347877562238316, 0.9250911298582003, 0.9408895843480499]
iteration  2  idg vals  [0.9282535342755667, 0.9204108250109015, 0.9337165234169603]
iteration  3
iteration  3  icl vals  [0.9347877562238316, 0.9250911298582003, 0.9408895843480499, 0.928840841272855]
iteration  3  idg vals  [0.9282535342755667, 0.9204108250109015, 0.9337165234169603, 0.919413866661813]
iteration  4
iteration  4  icl vals  [0.9347877562238316, 0.9250911298582003, 0.9408895843480499, 0.928840841272855, 0.9206315131953647]
iteration  4  idg vals  [0.9282535342755667, 0.9204108250109015, 0.9337165234169603, 0.919413866661813, 0.9120136899284974]
iteration  5
iteration  5  icl vals  [0.9347877562238316, 0.9250911298582003, 0.9408895843480499, 0.928840841272855, 0.9206315131953647, 0.9345143179407107]
iteration  5  idg vals  [0.9282535342755667, 0.9204108250109015, 0.9337165234169603, 0.919413866661813, 0.9120136899284974, 0.9226268766057331]
iteration  6
iteration  6  icl vals  [0.9347877562238316, 0.9250911298582003, 0.9408895843480499, 0.928840841272855, 0.9206315131953647, 0.9345143179407107, 0.9348337768957085]
iteration  6  idg vals  [0.9282535342755667, 0.9204108250109015, 0.9337165234169603, 0.919413866661813, 0.9120136899284974, 0.9226268766057331, 0.9220991121501871]
iteration  7
iteration  7  icl vals  [0.9347877562238316, 0.9250911298582003, 0.9408895843480499, 0.928840841272855, 0.9206315131953647, 0.9345143179407107, 0.9348337768957085, 0.9267652508586853]
iteration  7  idg vals  [0.9282535342755667, 0.9204108250109015, 0.9337165234169603, 0.919413866661813, 0.9120136899284974, 0.9226268766057331, 0.9220991121501871, 0.9170906211842507]
iteration  8
iteration  8  icl vals  [0.9347877562238316, 0.9250911298582003, 0.9408895843480499, 0.928840841272855, 0.9206315131953647, 0.9345143179407107, 0.9348337768957085, 0.9267652508586853, 0.9306226453556772]
iteration  8  idg vals  [0.9282535342755667, 0.9204108250109015, 0.9337165234169603, 0.919413866661813, 0.9120136899284974, 0.9226268766057331, 0.9220991121501871, 0.9170906211842507, 0.9220972326862855]
iteration  9
iteration  9  icl vals  [0.9347877562238316, 0.9250911298582003, 0.9408895843480499, 0.928840841272855, 0.9206315131953647, 0.9345143179407107, 0.9348337768957085, 0.9267652508586853, 0.9306226453556772, 0.9161230544526597]
iteration  9  idg vals  [0.9282535342755667, 0.9204108250109015, 0.9337165234169603, 0.919413866661813, 0.9120136899284974, 0.9226268766057331, 0.9220991121501871, 0.9170906211842507, 0.9220972326862855, 0.909597863519519]
0.5 10 10
iteration  0
iteration  0  icl vals  [0.675351834592577]
iteration  0  idg vals  [0.6483046550485768]
iteration  1
iteration  1  icl vals  [0.675351834592577, 0.6919197396526727]
iteration  1  idg vals  [0.6483046550485768, 0.6638913969828688]
iteration  2
iteration  2  icl vals  [0.675351834592577, 0.6919197396526727, 0.679966174649004]
iteration  2  idg vals  [0.6483046550485768, 0.6638913969828688, 0.6516940266163683]
iteration  3
iteration  3  icl vals  [0.675351834592577, 0.6919197396526727, 0.679966174649004, 0.6702257422493143]
iteration  3  idg vals  [0.6483046550485768, 0.6638913969828688, 0.6516940266163683, 0.6430070641779376]
iteration  4
iteration  4  icl vals  [0.675351834592577, 0.6919197396526727, 0.679966174649004, 0.6702257422493143, 0.6571179446704561]
iteration  4  idg vals  [0.6483046550485768, 0.6638913969828688, 0.6516940266163683, 0.6430070641779376, 0.6293099324662536]
iteration  5
iteration  5  icl vals  [0.675351834592577, 0.6919197396526727, 0.679966174649004, 0.6702257422493143, 0.6571179446704561, 0.6875940140846231]
iteration  5  idg vals  [0.6483046550485768, 0.6638913969828688, 0.6516940266163683, 0.6430070641779376, 0.6293099324662536, 0.6615552557648517]
iteration  6
iteration  6  icl vals  [0.675351834592577, 0.6919197396526727, 0.679966174649004, 0.6702257422493143, 0.6571179446704561, 0.6875940140846231, 0.6645141183203833]
iteration  6  idg vals  [0.6483046550485768, 0.6638913969828688, 0.6516940266163683, 0.6430070641779376, 0.6293099324662536, 0.6615552557648517, 0.6352122358864563]
iteration  7
iteration  7  icl vals  [0.675351834592577, 0.6919197396526727, 0.679966174649004, 0.6702257422493143, 0.6571179446704561, 0.6875940140846231, 0.6645141183203833, 0.642448941774215]
iteration  7  idg vals  [0.6483046550485768, 0.6638913969828688, 0.6516940266163683, 0.6430070641779376, 0.6293099324662536, 0.6615552557648517, 0.6352122358864563, 0.6129243728986025]
iteration  8
iteration  8  icl vals  [0.675351834592577, 0.6919197396526727, 0.679966174649004, 0.6702257422493143, 0.6571179446704561, 0.6875940140846231, 0.6645141183203833, 0.642448941774215, 0.666728877202155]
iteration  8  idg vals  [0.6483046550485768, 0.6638913969828688, 0.6516940266163683, 0.6430070641779376, 0.6293099324662536, 0.6615552557648517, 0.6352122358864563, 0.6129243728986025, 0.6365850131467747]
iteration  9
iteration  9  icl vals  [0.675351834592577, 0.6919197396526727, 0.679966174649004, 0.6702257422493143, 0.6571179446704561, 0.6875940140846231, 0.6645141183203833, 0.642448941774215, 0.666728877202155, 0.6722202372206647]
iteration  9  idg vals  [0.6483046550485768, 0.6638913969828688, 0.6516940266163683, 0.6430070641779376, 0.6293099324662536, 0.6615552557648517, 0.6352122358864563, 0.6129243728986025, 0.6365850131467747, 0.6466333068590282]
0.8 10 10
iteration  0
iteration  0  icl vals  [0.7171659401519102]
iteration  0  idg vals  [0.676036672229801]
iteration  1
iteration  1  icl vals  [0.7171659401519102, 0.7098128733274935]
iteration  1  idg vals  [0.676036672229801, 0.6683213918081439]
iteration  2
iteration  2  icl vals  [0.7171659401519102, 0.7098128733274935, 0.7408361183551428]
iteration  2  idg vals  [0.676036672229801, 0.6683213918081439, 0.7011610387502301]
iteration  3
iteration  3  icl vals  [0.7171659401519102, 0.7098128733274935, 0.7408361183551428, 0.7050561752535252]
iteration  3  idg vals  [0.676036672229801, 0.6683213918081439, 0.7011610387502301, 0.6634659612090732]
iteration  4
iteration  4  icl vals  [0.7171659401519102, 0.7098128733274935, 0.7408361183551428, 0.7050561752535252, 0.7017445542263689]
iteration  4  idg vals  [0.676036672229801, 0.6683213918081439, 0.7011610387502301, 0.6634659612090732, 0.6638970078255801]
iteration  5
iteration  5  icl vals  [0.7171659401519102, 0.7098128733274935, 0.7408361183551428, 0.7050561752535252, 0.7017445542263689, 0.7195032063563696]
iteration  5  idg vals  [0.676036672229801, 0.6683213918081439, 0.7011610387502301, 0.6634659612090732, 0.6638970078255801, 0.6760634681203126]
iteration  6
iteration  6  icl vals  [0.7171659401519102, 0.7098128733274935, 0.7408361183551428, 0.7050561752535252, 0.7017445542263689, 0.7195032063563696, 0.7273929749652677]
iteration  6  idg vals  [0.676036672229801, 0.6683213918081439, 0.7011610387502301, 0.6634659612090732, 0.6638970078255801, 0.6760634681203126, 0.6813137232780491]
iteration  7
iteration  7  icl vals  [0.7171659401519102, 0.7098128733274935, 0.7408361183551428, 0.7050561752535252, 0.7017445542263689, 0.7195032063563696, 0.7273929749652677, 0.7136731526277955]
iteration  7  idg vals  [0.676036672229801, 0.6683213918081439, 0.7011610387502301, 0.6634659612090732, 0.6638970078255801, 0.6760634681203126, 0.6813137232780491, 0.6776688528133386]
iteration  8
iteration  8  icl vals  [0.7171659401519102, 0.7098128733274935, 0.7408361183551428, 0.7050561752535252, 0.7017445542263689, 0.7195032063563696, 0.7273929749652677, 0.7136731526277955, 0.7046424705457812]
iteration  8  idg vals  [0.676036672229801, 0.6683213918081439, 0.7011610387502301, 0.6634659612090732, 0.6638970078255801, 0.6760634681203126, 0.6813137232780491, 0.6776688528133386, 0.6634806373682096]
iteration  9
iteration  9  icl vals  [0.7171659401519102, 0.7098128733274935, 0.7408361183551428, 0.7050561752535252, 0.7017445542263689, 0.7195032063563696, 0.7273929749652677, 0.7136731526277955, 0.7046424705457812, 0.7225376817328757]
iteration  9  idg vals  [0.676036672229801, 0.6683213918081439, 0.7011610387502301, 0.6634659612090732, 0.6638970078255801, 0.6760634681203126, 0.6813137232780491, 0.6776688528133386, 0.6634806373682096, 0.6822069753185087]
iclmean [0.9293099870401743, 0.6708087624416066, 0.7162365147542531]
iclstd [0.007050666994225358, 0.013719452743227771, 0.011393505516822819]
idgmean [0.9207320145439715, 0.6429117259847719, 0.6753615728721246]
idgstd [0.0066900891900731636, 0.014461532127815268, 0.011035554503145379]
