80
10
lambda 0.01
1 10 10
iteration  0
iteration  0  icl vals  [0.6590716966538344]
iteration  0  idg vals  [0.6141671704101082]
iteration  1
iteration  1  icl vals  [0.6590716966538344, 0.6364568444983041]
iteration  1  idg vals  [0.6141671704101082, 0.5936733235903642]
iteration  2
iteration  2  icl vals  [0.6590716966538344, 0.6364568444983041, 0.6424686812290616]
iteration  2  idg vals  [0.6141671704101082, 0.5936733235903642, 0.6033834127360924]
iteration  3
iteration  3  icl vals  [0.6590716966538344, 0.6364568444983041, 0.6424686812290616, 0.6347149487695294]
iteration  3  idg vals  [0.6141671704101082, 0.5936733235903642, 0.6033834127360924, 0.5933106913801689]
iteration  4
iteration  4  icl vals  [0.6590716966538344, 0.6364568444983041, 0.6424686812290616, 0.6347149487695294, 0.657554437602575]
iteration  4  idg vals  [0.6141671704101082, 0.5936733235903642, 0.6033834127360924, 0.5933106913801689, 0.6140214140786047]
iteration  5
iteration  5  icl vals  [0.6590716966538344, 0.6364568444983041, 0.6424686812290616, 0.6347149487695294, 0.657554437602575, 0.6409173444604988]
iteration  5  idg vals  [0.6141671704101082, 0.5936733235903642, 0.6033834127360924, 0.5933106913801689, 0.6140214140786047, 0.5994120428159697]
iteration  6
iteration  6  icl vals  [0.6590716966538344, 0.6364568444983041, 0.6424686812290616, 0.6347149487695294, 0.657554437602575, 0.6409173444604988, 0.6583740952805637]
iteration  6  idg vals  [0.6141671704101082, 0.5936733235903642, 0.6033834127360924, 0.5933106913801689, 0.6140214140786047, 0.5994120428159697, 0.6162393756534725]
iteration  7
iteration  7  icl vals  [0.6590716966538344, 0.6364568444983041, 0.6424686812290616, 0.6347149487695294, 0.657554437602575, 0.6409173444604988, 0.6583740952805637, 0.6580708718715058]
iteration  7  idg vals  [0.6141671704101082, 0.5936733235903642, 0.6033834127360924, 0.5933106913801689, 0.6140214140786047, 0.5994120428159697, 0.6162393756534725, 0.6204152534712619]
iteration  8
iteration  8  icl vals  [0.6590716966538344, 0.6364568444983041, 0.6424686812290616, 0.6347149487695294, 0.657554437602575, 0.6409173444604988, 0.6583740952805637, 0.6580708718715058, 0.692468408487837]
iteration  8  idg vals  [0.6141671704101082, 0.5936733235903642, 0.6033834127360924, 0.5933106913801689, 0.6140214140786047, 0.5994120428159697, 0.6162393756534725, 0.6204152534712619, 0.6436730331014879]
iteration  9
iteration  9  icl vals  [0.6590716966538344, 0.6364568444983041, 0.6424686812290616, 0.6347149487695294, 0.657554437602575, 0.6409173444604988, 0.6583740952805637, 0.6580708718715058, 0.692468408487837, 0.6651377515437003]
iteration  9  idg vals  [0.6141671704101082, 0.5936733235903642, 0.6033834127360924, 0.5933106913801689, 0.6140214140786047, 0.5994120428159697, 0.6162393756534725, 0.6204152534712619, 0.6436730331014879, 0.6221883381945661]
iclmean [0.6545235080397409]
iclstd [0.01630641251096368]
idgmean [0.6120484055432096]
idgstd [0.01456842797450518]
lambda 0.1
1 10 10
iteration  0
iteration  0  icl vals  [0.378316290130734]
iteration  0  idg vals  [0.3566872238268386]
iteration  1
iteration  1  icl vals  [0.378316290130734, 0.38262950379624194]
iteration  1  idg vals  [0.3566872238268386, 0.3585588552776655]
iteration  2
iteration  2  icl vals  [0.378316290130734, 0.38262950379624194, 0.3810102016638597]
iteration  2  idg vals  [0.3566872238268386, 0.3585588552776655, 0.35719230019805526]
iteration  3
iteration  3  icl vals  [0.378316290130734, 0.38262950379624194, 0.3810102016638597, 0.38702257383856065]
iteration  3  idg vals  [0.3566872238268386, 0.3585588552776655, 0.35719230019805526, 0.36322622158754236]
iteration  4
iteration  4  icl vals  [0.378316290130734, 0.38262950379624194, 0.3810102016638597, 0.38702257383856065, 0.371436118705883]
iteration  4  idg vals  [0.3566872238268386, 0.3585588552776655, 0.35719230019805526, 0.36322622158754236, 0.3473468590807265]
iteration  5
iteration  5  icl vals  [0.378316290130734, 0.38262950379624194, 0.3810102016638597, 0.38702257383856065, 0.371436118705883, 0.3794848488979661]
iteration  5  idg vals  [0.3566872238268386, 0.3585588552776655, 0.35719230019805526, 0.36322622158754236, 0.3473468590807265, 0.35541302189130985]
iteration  6
iteration  6  icl vals  [0.378316290130734, 0.38262950379624194, 0.3810102016638597, 0.38702257383856065, 0.371436118705883, 0.3794848488979661, 0.3791072743040793]
iteration  6  idg vals  [0.3566872238268386, 0.3585588552776655, 0.35719230019805526, 0.36322622158754236, 0.3473468590807265, 0.35541302189130985, 0.35294013874468577]
iteration  7
iteration  7  icl vals  [0.378316290130734, 0.38262950379624194, 0.3810102016638597, 0.38702257383856065, 0.371436118705883, 0.3794848488979661, 0.3791072743040793, 0.3801142555008197]
iteration  7  idg vals  [0.3566872238268386, 0.3585588552776655, 0.35719230019805526, 0.36322622158754236, 0.3473468590807265, 0.35541302189130985, 0.35294013874468577, 0.3545366171561537]
iteration  8
iteration  8  icl vals  [0.378316290130734, 0.38262950379624194, 0.3810102016638597, 0.38702257383856065, 0.371436118705883, 0.3794848488979661, 0.3791072743040793, 0.3801142555008197, 0.3746453579602802]
iteration  8  idg vals  [0.3566872238268386, 0.3585588552776655, 0.35719230019805526, 0.36322622158754236, 0.3473468590807265, 0.35541302189130985, 0.35294013874468577, 0.3545366171561537, 0.35093364896543666]
iteration  9
iteration  9  icl vals  [0.378316290130734, 0.38262950379624194, 0.3810102016638597, 0.38702257383856065, 0.371436118705883, 0.3794848488979661, 0.3791072743040793, 0.3801142555008197, 0.3746453579602802, 0.38199338889248136]
iteration  9  idg vals  [0.3566872238268386, 0.3585588552776655, 0.35719230019805526, 0.36322622158754236, 0.3473468590807265, 0.35541302189130985, 0.35294013874468577, 0.3545366171561537, 0.35093364896543666, 0.35633495648504576]
iclmean [0.3795759813690906]
iclstd [0.00406631958261908]
idgmean [0.355316984321346]
idgstd [0.004104881373590527]
lambda 1
1 10 10
iteration  0
iteration  0  icl vals  [0.5290916946136972]
iteration  0  idg vals  [0.49816216188599416]
iteration  1
iteration  1  icl vals  [0.5290916946136972, 0.5280887757043823]
iteration  1  idg vals  [0.49816216188599416, 0.5005727663193832]
iteration  2
iteration  2  icl vals  [0.5290916946136972, 0.5280887757043823, 0.5264576876416265]
iteration  2  idg vals  [0.49816216188599416, 0.5005727663193832, 0.5004453400549089]
iteration  3
iteration  3  icl vals  [0.5290916946136972, 0.5280887757043823, 0.5264576876416265, 0.5261099962280409]
iteration  3  idg vals  [0.49816216188599416, 0.5005727663193832, 0.5004453400549089, 0.49763305275008374]
iteration  4
iteration  4  icl vals  [0.5290916946136972, 0.5280887757043823, 0.5264576876416265, 0.5261099962280409, 0.5223646090775922]
iteration  4  idg vals  [0.49816216188599416, 0.5005727663193832, 0.5004453400549089, 0.49763305275008374, 0.4937283869349197]
iteration  5
iteration  5  icl vals  [0.5290916946136972, 0.5280887757043823, 0.5264576876416265, 0.5261099962280409, 0.5223646090775922, 0.5167488351507776]
iteration  5  idg vals  [0.49816216188599416, 0.5005727663193832, 0.5004453400549089, 0.49763305275008374, 0.4937283869349197, 0.48787026693190094]
iteration  6
iteration  6  icl vals  [0.5290916946136972, 0.5280887757043823, 0.5264576876416265, 0.5261099962280409, 0.5223646090775922, 0.5167488351507776, 0.5282144426246949]
iteration  6  idg vals  [0.49816216188599416, 0.5005727663193832, 0.5004453400549089, 0.49763305275008374, 0.4937283869349197, 0.48787026693190094, 0.49702645039488225]
iteration  7
iteration  7  icl vals  [0.5290916946136972, 0.5280887757043823, 0.5264576876416265, 0.5261099962280409, 0.5223646090775922, 0.5167488351507776, 0.5282144426246949, 0.5212095342314494]
iteration  7  idg vals  [0.49816216188599416, 0.5005727663193832, 0.5004453400549089, 0.49763305275008374, 0.4937283869349197, 0.48787026693190094, 0.49702645039488225, 0.49297049252409264]
iteration  8
iteration  8  icl vals  [0.5290916946136972, 0.5280887757043823, 0.5264576876416265, 0.5261099962280409, 0.5223646090775922, 0.5167488351507776, 0.5282144426246949, 0.5212095342314494, 0.5280177608536059]
iteration  8  idg vals  [0.49816216188599416, 0.5005727663193832, 0.5004453400549089, 0.49763305275008374, 0.4937283869349197, 0.48787026693190094, 0.49702645039488225, 0.49297049252409264, 0.4966351586505616]
iteration  9
iteration  9  icl vals  [0.5290916946136972, 0.5280887757043823, 0.5264576876416265, 0.5261099962280409, 0.5223646090775922, 0.5167488351507776, 0.5282144426246949, 0.5212095342314494, 0.5280177608536059, 0.529632901823534]
iteration  9  idg vals  [0.49816216188599416, 0.5005727663193832, 0.5004453400549089, 0.49763305275008374, 0.4937283869349197, 0.48787026693190094, 0.49702645039488225, 0.49297049252409264, 0.4966351586505616, 0.5031487100811097]
iclmean [0.5255936237949401]
iclstd [0.003954914558374013]
idgmean [0.4968192786527837]
idgstd [0.004174837172669811]
