65
50
0.1 50 10
iteration  0
iteration  0  icl vals  [0.9221203237780916]
iteration  0  idg vals  [0.9140031656549445]
iteration  1
iteration  1  icl vals  [0.9221203237780916, 0.9201539925854518]
iteration  1  idg vals  [0.9140031656549445, 0.9128338462029928]
iteration  2
iteration  2  icl vals  [0.9221203237780916, 0.9201539925854518, 0.9187280542676969]
iteration  2  idg vals  [0.9140031656549445, 0.9128338462029928, 0.9099954136665417]
iteration  3
iteration  3  icl vals  [0.9221203237780916, 0.9201539925854518, 0.9187280542676969, 0.9190785263369479]
iteration  3  idg vals  [0.9140031656549445, 0.9128338462029928, 0.9099954136665417, 0.9107833512426772]
iteration  4
iteration  4  icl vals  [0.9221203237780916, 0.9201539925854518, 0.9187280542676969, 0.9190785263369479, 0.9287702243902755]
iteration  4  idg vals  [0.9140031656549445, 0.9128338462029928, 0.9099954136665417, 0.9107833512426772, 0.9194143803890298]
iteration  5
iteration  5  icl vals  [0.9221203237780916, 0.9201539925854518, 0.9187280542676969, 0.9190785263369479, 0.9287702243902755, 0.9229112361547247]
iteration  5  idg vals  [0.9140031656549445, 0.9128338462029928, 0.9099954136665417, 0.9107833512426772, 0.9194143803890298, 0.9133094568997763]
iteration  6
iteration  6  icl vals  [0.9221203237780916, 0.9201539925854518, 0.9187280542676969, 0.9190785263369479, 0.9287702243902755, 0.9229112361547247, 0.9083366526722718]
iteration  6  idg vals  [0.9140031656549445, 0.9128338462029928, 0.9099954136665417, 0.9107833512426772, 0.9194143803890298, 0.9133094568997763, 0.8988637201025733]
iteration  7
iteration  7  icl vals  [0.9221203237780916, 0.9201539925854518, 0.9187280542676969, 0.9190785263369479, 0.9287702243902755, 0.9229112361547247, 0.9083366526722718, 0.9256739029908229]
iteration  7  idg vals  [0.9140031656549445, 0.9128338462029928, 0.9099954136665417, 0.9107833512426772, 0.9194143803890298, 0.9133094568997763, 0.8988637201025733, 0.9172065966254567]
iteration  8
iteration  8  icl vals  [0.9221203237780916, 0.9201539925854518, 0.9187280542676969, 0.9190785263369479, 0.9287702243902755, 0.9229112361547247, 0.9083366526722718, 0.9256739029908229, 0.9148652972570726]
iteration  8  idg vals  [0.9140031656549445, 0.9128338462029928, 0.9099954136665417, 0.9107833512426772, 0.9194143803890298, 0.9133094568997763, 0.8988637201025733, 0.9172065966254567, 0.9117120060918078]
iteration  9
iteration  9  icl vals  [0.9221203237780916, 0.9201539925854518, 0.9187280542676969, 0.9190785263369479, 0.9287702243902755, 0.9229112361547247, 0.9083366526722718, 0.9256739029908229, 0.9148652972570726, 0.9059950686224065]
iteration  9  idg vals  [0.9140031656549445, 0.9128338462029928, 0.9099954136665417, 0.9107833512426772, 0.9194143803890298, 0.9133094568997763, 0.8988637201025733, 0.9172065966254567, 0.9117120060918078, 0.8968358578876948]
0.5 50 10
iteration  0
iteration  0  icl vals  [0.5705291865574739]
iteration  0  idg vals  [0.5397188387569932]
iteration  1
iteration  1  icl vals  [0.5705291865574739, 0.5509028163355774]
iteration  1  idg vals  [0.5397188387569932, 0.5244306216858323]
iteration  2
iteration  2  icl vals  [0.5705291865574739, 0.5509028163355774, 0.5681308134183197]
iteration  2  idg vals  [0.5397188387569932, 0.5244306216858323, 0.538901359318531]
iteration  3
iteration  3  icl vals  [0.5705291865574739, 0.5509028163355774, 0.5681308134183197, 0.5577097601246578]
iteration  3  idg vals  [0.5397188387569932, 0.5244306216858323, 0.538901359318531, 0.5329899346828693]
iteration  4
iteration  4  icl vals  [0.5705291865574739, 0.5509028163355774, 0.5681308134183197, 0.5577097601246578, 0.563517791736633]
iteration  4  idg vals  [0.5397188387569932, 0.5244306216858323, 0.538901359318531, 0.5329899346828693, 0.5377683024403843]
iteration  5
iteration  5  icl vals  [0.5705291865574739, 0.5509028163355774, 0.5681308134183197, 0.5577097601246578, 0.563517791736633, 0.5658519600539855]
iteration  5  idg vals  [0.5397188387569932, 0.5244306216858323, 0.538901359318531, 0.5329899346828693, 0.5377683024403843, 0.5383933671743333]
iteration  6
iteration  6  icl vals  [0.5705291865574739, 0.5509028163355774, 0.5681308134183197, 0.5577097601246578, 0.563517791736633, 0.5658519600539855, 0.5500160580832373]
iteration  6  idg vals  [0.5397188387569932, 0.5244306216858323, 0.538901359318531, 0.5329899346828693, 0.5377683024403843, 0.5383933671743333, 0.5208820244433725]
iteration  7
iteration  7  icl vals  [0.5705291865574739, 0.5509028163355774, 0.5681308134183197, 0.5577097601246578, 0.563517791736633, 0.5658519600539855, 0.5500160580832373, 0.5676105307437952]
iteration  7  idg vals  [0.5397188387569932, 0.5244306216858323, 0.538901359318531, 0.5329899346828693, 0.5377683024403843, 0.5383933671743333, 0.5208820244433725, 0.5469976923811902]
iteration  8
iteration  8  icl vals  [0.5705291865574739, 0.5509028163355774, 0.5681308134183197, 0.5577097601246578, 0.563517791736633, 0.5658519600539855, 0.5500160580832373, 0.5676105307437952, 0.550997905532934]
iteration  8  idg vals  [0.5397188387569932, 0.5244306216858323, 0.538901359318531, 0.5329899346828693, 0.5377683024403843, 0.5383933671743333, 0.5208820244433725, 0.5469976923811902, 0.5286179530437658]
iteration  9
iteration  9  icl vals  [0.5705291865574739, 0.5509028163355774, 0.5681308134183197, 0.5577097601246578, 0.563517791736633, 0.5658519600539855, 0.5500160580832373, 0.5676105307437952, 0.550997905532934, 0.5629023906503104]
iteration  9  idg vals  [0.5397188387569932, 0.5244306216858323, 0.538901359318531, 0.5329899346828693, 0.5377683024403843, 0.5383933671743333, 0.5208820244433725, 0.5469976923811902, 0.5286179530437658, 0.5375891953078635]
0.8 50 10
iteration  0
iteration  0  icl vals  [0.3458529964540611]
iteration  0  idg vals  [0.32512401064426144]
iteration  1
iteration  1  icl vals  [0.3458529964540611, 0.3649553814188713]
iteration  1  idg vals  [0.32512401064426144, 0.3359980982461377]
iteration  2
iteration  2  icl vals  [0.3458529964540611, 0.3649553814188713, 0.36022593413672555]
iteration  2  idg vals  [0.32512401064426144, 0.3359980982461377, 0.3351669307307088]
iteration  3
iteration  3  icl vals  [0.3458529964540611, 0.3649553814188713, 0.36022593413672555, 0.35179654141018313]
iteration  3  idg vals  [0.32512401064426144, 0.3359980982461377, 0.3351669307307088, 0.32868584594339345]
iteration  4
iteration  4  icl vals  [0.3458529964540611, 0.3649553814188713, 0.36022593413672555, 0.35179654141018313, 0.37218288060252647]
iteration  4  idg vals  [0.32512401064426144, 0.3359980982461377, 0.3351669307307088, 0.32868584594339345, 0.3478462571094736]
iteration  5
iteration  5  icl vals  [0.3458529964540611, 0.3649553814188713, 0.36022593413672555, 0.35179654141018313, 0.37218288060252647, 0.3560355815958338]
iteration  5  idg vals  [0.32512401064426144, 0.3359980982461377, 0.3351669307307088, 0.32868584594339345, 0.3478462571094736, 0.3299338106995977]
iteration  6
iteration  6  icl vals  [0.3458529964540611, 0.3649553814188713, 0.36022593413672555, 0.35179654141018313, 0.37218288060252647, 0.3560355815958338, 0.3568901679299321]
iteration  6  idg vals  [0.32512401064426144, 0.3359980982461377, 0.3351669307307088, 0.32868584594339345, 0.3478462571094736, 0.3299338106995977, 0.32740904635698365]
iteration  7
iteration  7  icl vals  [0.3458529964540611, 0.3649553814188713, 0.36022593413672555, 0.35179654141018313, 0.37218288060252647, 0.3560355815958338, 0.3568901679299321, 0.3766684182309288]
iteration  7  idg vals  [0.32512401064426144, 0.3359980982461377, 0.3351669307307088, 0.32868584594339345, 0.3478462571094736, 0.3299338106995977, 0.32740904635698365, 0.3518069903706611]
iteration  8
iteration  8  icl vals  [0.3458529964540611, 0.3649553814188713, 0.36022593413672555, 0.35179654141018313, 0.37218288060252647, 0.3560355815958338, 0.3568901679299321, 0.3766684182309288, 0.36856423926008763]
iteration  8  idg vals  [0.32512401064426144, 0.3359980982461377, 0.3351669307307088, 0.32868584594339345, 0.3478462571094736, 0.3299338106995977, 0.32740904635698365, 0.3518069903706611, 0.34030462014354157]
iteration  9
iteration  9  icl vals  [0.3458529964540611, 0.3649553814188713, 0.36022593413672555, 0.35179654141018313, 0.37218288060252647, 0.3560355815958338, 0.3568901679299321, 0.3766684182309288, 0.36856423926008763, 0.371153579305183]
iteration  9  idg vals  [0.32512401064426144, 0.3359980982461377, 0.3351669307307088, 0.32868584594339345, 0.3478462571094736, 0.3299338106995977, 0.32740904635698365, 0.3518069903706611, 0.34030462014354157, 0.3474841148493917]
iclmean [0.9186633279055763, 0.5608169213236923, 0.36243257203443324]
iclstd [0.00682086340874823, 0.007429571906117649, 0.00939288116970578]
idgmean [0.9104957794763495, 0.5346289289235135, 0.33697597250941513]
idgstd [0.006884563437454559, 0.007494918131655572, 0.009023110973071194]
