iteration  0
iteration  0  icl  [0.7036728716436644]
iteration  0  idg  [0.6514814267441207]
iteration  1
iteration  1  icl  [0.7036728716436644, 0.7400284398384787]
iteration  1  idg  [0.6514814267441207, 0.6804806662208094]
iteration  2
iteration  2  icl  [0.7036728716436644, 0.7400284398384787, 0.6962962687190202]
iteration  2  idg  [0.6514814267441207, 0.6804806662208094, 0.6441855525745648]
iteration  3
iteration  3  icl  [0.7036728716436644, 0.7400284398384787, 0.6962962687190202, 0.7214818776306822]
iteration  3  idg  [0.6514814267441207, 0.6804806662208094, 0.6441855525745648, 0.6748813085853504]
iteration  4
iteration  4  icl  [0.7036728716436644, 0.7400284398384787, 0.6962962687190202, 0.7214818776306822, 0.6696715185959277]
iteration  4  idg  [0.6514814267441207, 0.6804806662208094, 0.6441855525745648, 0.6748813085853504, 0.621429321098524]
iteration  5
iteration  5  icl  [0.7036728716436644, 0.7400284398384787, 0.6962962687190202, 0.7214818776306822, 0.6696715185959277, 0.7072038652014501]
iteration  5  idg  [0.6514814267441207, 0.6804806662208094, 0.6441855525745648, 0.6748813085853504, 0.621429321098524, 0.654417176180649]
iteration  6
iteration  6  icl  [0.7036728716436644, 0.7400284398384787, 0.6962962687190202, 0.7214818776306822, 0.6696715185959277, 0.7072038652014501, 0.7020898207336899]
iteration  6  idg  [0.6514814267441207, 0.6804806662208094, 0.6441855525745648, 0.6748813085853504, 0.621429321098524, 0.654417176180649, 0.6566484543829267]
iteration  7
iteration  7  icl  [0.7036728716436644, 0.7400284398384787, 0.6962962687190202, 0.7214818776306822, 0.6696715185959277, 0.7072038652014501, 0.7020898207336899, 0.7451446477533048]
iteration  7  idg  [0.6514814267441207, 0.6804806662208094, 0.6441855525745648, 0.6748813085853504, 0.621429321098524, 0.654417176180649, 0.6566484543829267, 0.688328769577865]
iteration  8
iteration  8  icl  [0.7036728716436644, 0.7400284398384787, 0.6962962687190202, 0.7214818776306822, 0.6696715185959277, 0.7072038652014501, 0.7020898207336899, 0.7451446477533048, 0.7153862669452622]
iteration  8  idg  [0.6514814267441207, 0.6804806662208094, 0.6441855525745648, 0.6748813085853504, 0.621429321098524, 0.654417176180649, 0.6566484543829267, 0.688328769577865, 0.6619307149279237]
iteration  9
iteration  9  icl  [0.7036728716436644, 0.7400284398384787, 0.6962962687190202, 0.7214818776306822, 0.6696715185959277, 0.7072038652014501, 0.7020898207336899, 0.7451446477533048, 0.7153862669452622, 0.7259151552724001]
iteration  9  idg  [0.6514814267441207, 0.6804806662208094, 0.6441855525745648, 0.6748813085853504, 0.621429321098524, 0.654417176180649, 0.6566484543829267, 0.688328769577865, 0.6619307149279237, 0.6728903079053745]
iteration  0
iteration  0  icl  [0.3436810806182329]
iteration  0  idg  [0.32054230302881326]
iteration  1
iteration  1  icl  [0.3436810806182329, 0.3540838266479007]
iteration  1  idg  [0.32054230302881326, 0.32967816280105877]
iteration  2
iteration  2  icl  [0.3436810806182329, 0.3540838266479007, 0.35896843100428244]
iteration  2  idg  [0.32054230302881326, 0.32967816280105877, 0.33639387884969807]
iteration  3
iteration  3  icl  [0.3436810806182329, 0.3540838266479007, 0.35896843100428244, 0.3573044229200133]
iteration  3  idg  [0.32054230302881326, 0.32967816280105877, 0.33639387884969807, 0.33448317099226643]
iteration  4
iteration  4  icl  [0.3436810806182329, 0.3540838266479007, 0.35896843100428244, 0.3573044229200133, 0.3656346412172866]
iteration  4  idg  [0.32054230302881326, 0.32967816280105877, 0.33639387884969807, 0.33448317099226643, 0.3410758062605421]
iteration  5
iteration  5  icl  [0.3436810806182329, 0.3540838266479007, 0.35896843100428244, 0.3573044229200133, 0.3656346412172866, 0.36411904820191565]
iteration  5  idg  [0.32054230302881326, 0.32967816280105877, 0.33639387884969807, 0.33448317099226643, 0.3410758062605421, 0.3417477973239562]
iteration  6
iteration  6  icl  [0.3436810806182329, 0.3540838266479007, 0.35896843100428244, 0.3573044229200133, 0.3656346412172866, 0.36411904820191565, 0.36423180854023984]
iteration  6  idg  [0.32054230302881326, 0.32967816280105877, 0.33639387884969807, 0.33448317099226643, 0.3410758062605421, 0.3417477973239562, 0.33920767831578225]
iteration  7
iteration  7  icl  [0.3436810806182329, 0.3540838266479007, 0.35896843100428244, 0.3573044229200133, 0.3656346412172866, 0.36411904820191565, 0.36423180854023984, 0.3588708362815305]
iteration  7  idg  [0.32054230302881326, 0.32967816280105877, 0.33639387884969807, 0.33448317099226643, 0.3410758062605421, 0.3417477973239562, 0.33920767831578225, 0.3354536873929037]
iteration  8
iteration  8  icl  [0.3436810806182329, 0.3540838266479007, 0.35896843100428244, 0.3573044229200133, 0.3656346412172866, 0.36411904820191565, 0.36423180854023984, 0.3588708362815305, 0.3471845325845606]
iteration  8  idg  [0.32054230302881326, 0.32967816280105877, 0.33639387884969807, 0.33448317099226643, 0.3410758062605421, 0.3417477973239562, 0.33920767831578225, 0.3354536873929037, 0.32617544018030675]
iteration  9
iteration  9  icl  [0.3436810806182329, 0.3540838266479007, 0.35896843100428244, 0.3573044229200133, 0.3656346412172866, 0.36411904820191565, 0.36423180854023984, 0.3588708362815305, 0.3471845325845606, 0.3515607631889692]
iteration  9  idg  [0.32054230302881326, 0.32967816280105877, 0.33639387884969807, 0.33448317099226643, 0.3410758062605421, 0.3417477973239562, 0.33920767831578225, 0.3354536873929037, 0.32617544018030675, 0.3296119420164665]
iteration  0
iteration  0  icl  [0.21542519126210724]
iteration  0  idg  [0.2043712698096174]
iteration  1
iteration  1  icl  [0.21542519126210724, 0.22103935437999644]
iteration  1  idg  [0.2043712698096174, 0.20948993458169207]
iteration  2
iteration  2  icl  [0.21542519126210724, 0.22103935437999644, 0.220690153701955]
iteration  2  idg  [0.2043712698096174, 0.20948993458169207, 0.20898311437634698]
iteration  3
iteration  3  icl  [0.21542519126210724, 0.22103935437999644, 0.220690153701955, 0.2207625219297955]
iteration  3  idg  [0.2043712698096174, 0.20948993458169207, 0.20898311437634698, 0.20930160996062308]
iteration  4
iteration  4  icl  [0.21542519126210724, 0.22103935437999644, 0.220690153701955, 0.2207625219297955, 0.21550921551544255]
iteration  4  idg  [0.2043712698096174, 0.20948993458169207, 0.20898311437634698, 0.20930160996062308, 0.20510186176155298]
iteration  5
iteration  5  icl  [0.21542519126210724, 0.22103935437999644, 0.220690153701955, 0.2207625219297955, 0.21550921551544255, 0.22368943525824658]
iteration  5  idg  [0.2043712698096174, 0.20948993458169207, 0.20898311437634698, 0.20930160996062308, 0.20510186176155298, 0.21193839287658567]
iteration  6
iteration  6  icl  [0.21542519126210724, 0.22103935437999644, 0.220690153701955, 0.2207625219297955, 0.21550921551544255, 0.22368943525824658, 0.22064228532369667]
iteration  6  idg  [0.2043712698096174, 0.20948993458169207, 0.20898311437634698, 0.20930160996062308, 0.20510186176155298, 0.21193839287658567, 0.20999603549550305]
iteration  7
iteration  7  icl  [0.21542519126210724, 0.22103935437999644, 0.220690153701955, 0.2207625219297955, 0.21550921551544255, 0.22368943525824658, 0.22064228532369667, 0.2151299860973186]
iteration  7  idg  [0.2043712698096174, 0.20948993458169207, 0.20898311437634698, 0.20930160996062308, 0.20510186176155298, 0.21193839287658567, 0.20999603549550305, 0.20285656491096682]
iteration  8
iteration  8  icl  [0.21542519126210724, 0.22103935437999644, 0.220690153701955, 0.2207625219297955, 0.21550921551544255, 0.22368943525824658, 0.22064228532369667, 0.2151299860973186, 0.2175413272522515]
iteration  8  idg  [0.2043712698096174, 0.20948993458169207, 0.20898311437634698, 0.20930160996062308, 0.20510186176155298, 0.21193839287658567, 0.20999603549550305, 0.20285656491096682, 0.20608675387941444]
iteration  9
iteration  9  icl  [0.21542519126210724, 0.22103935437999644, 0.220690153701955, 0.2207625219297955, 0.21550921551544255, 0.22368943525824658, 0.22064228532369667, 0.2151299860973186, 0.2175413272522515, 0.22138109688408414]
iteration  9  idg  [0.2043712698096174, 0.20948993458169207, 0.20898311437634698, 0.20930160996062308, 0.20510186176155298, 0.21193839287658567, 0.20999603549550305, 0.20285656491096682, 0.20608675387941444, 0.20892714134983703]
iclmean [0.71268907 0.35656394 0.21918106]
iclstd [0.02098399 0.00703512 0.00286743]
idgmean [0.66066737 0.33343699 0.20770527]
idgstd [0.01860544 0.00649915 0.0027577 ]
