d  90
alpha 1
iteration  0
iteration  0  icl  [3.2075760256426524]
iteration  0  idg  [3.1212846566176418]
iteration  1
iteration  1  icl  [3.2075760256426524, 3.2463671137174615]
iteration  1  idg  [3.1212846566176418, 3.146273471246328]
iteration  2
iteration  2  icl  [3.2075760256426524, 3.2463671137174615, 3.1970508062638494]
iteration  2  idg  [3.1212846566176418, 3.146273471246328, 3.109178186086734]
iteration  3
iteration  3  icl  [3.2075760256426524, 3.2463671137174615, 3.1970508062638494, 3.275516885251416]
iteration  3  idg  [3.1212846566176418, 3.146273471246328, 3.109178186086734, 3.164965355178483]
iteration  4
iteration  4  icl  [3.2075760256426524, 3.2463671137174615, 3.1970508062638494, 3.275516885251416, 3.177402463358211]
iteration  4  idg  [3.1212846566176418, 3.146273471246328, 3.109178186086734, 3.164965355178483, 3.0858854624998253]
iteration  5
iteration  5  icl  [3.2075760256426524, 3.2463671137174615, 3.1970508062638494, 3.275516885251416, 3.177402463358211, 3.0123827388302202]
iteration  5  idg  [3.1212846566176418, 3.146273471246328, 3.109178186086734, 3.164965355178483, 3.0858854624998253, 2.9140010080828116]
iteration  6
iteration  6  icl  [3.2075760256426524, 3.2463671137174615, 3.1970508062638494, 3.275516885251416, 3.177402463358211, 3.0123827388302202, 3.2764236878887694]
iteration  6  idg  [3.1212846566176418, 3.146273471246328, 3.109178186086734, 3.164965355178483, 3.0858854624998253, 2.9140010080828116, 3.1846373665829573]
iteration  7
iteration  7  icl  [3.2075760256426524, 3.2463671137174615, 3.1970508062638494, 3.275516885251416, 3.177402463358211, 3.0123827388302202, 3.2764236878887694, 3.013118686720512]
iteration  7  idg  [3.1212846566176418, 3.146273471246328, 3.109178186086734, 3.164965355178483, 3.0858854624998253, 2.9140010080828116, 3.1846373665829573, 2.9254280497502947]
iteration  8
iteration  8  icl  [3.2075760256426524, 3.2463671137174615, 3.1970508062638494, 3.275516885251416, 3.177402463358211, 3.0123827388302202, 3.2764236878887694, 3.013118686720512, 3.1158078718503956]
iteration  8  idg  [3.1212846566176418, 3.146273471246328, 3.109178186086734, 3.164965355178483, 3.0858854624998253, 2.9140010080828116, 3.1846373665829573, 2.9254280497502947, 3.035816006546039]
iteration  9
iteration  9  icl  [3.2075760256426524, 3.2463671137174615, 3.1970508062638494, 3.275516885251416, 3.177402463358211, 3.0123827388302202, 3.2764236878887694, 3.013118686720512, 3.1158078718503956, 3.1522688932263687]
iteration  9  idg  [3.1212846566176418, 3.146273471246328, 3.109178186086734, 3.164965355178483, 3.0858854624998253, 2.9140010080828116, 3.1846373665829573, 2.9254280497502947, 3.035816006546039, 3.0587963534749263]
iteration  0
iteration  0  icl  [1.5187897612146877]
iteration  0  idg  [1.4723940729665903]
iteration  1
iteration  1  icl  [1.5187897612146877, 1.5498996003562306]
iteration  1  idg  [1.4723940729665903, 1.497371669629747]
iteration  2
iteration  2  icl  [1.5187897612146877, 1.5498996003562306, 1.5478645007743983]
iteration  2  idg  [1.4723940729665903, 1.497371669629747, 1.4959617502333986]
iteration  3
iteration  3  icl  [1.5187897612146877, 1.5498996003562306, 1.5478645007743983, 1.5253351102425405]
iteration  3  idg  [1.4723940729665903, 1.497371669629747, 1.4959617502333986, 1.472687166654308]
iteration  4
iteration  4  icl  [1.5187897612146877, 1.5498996003562306, 1.5478645007743983, 1.5253351102425405, 1.5284049712738774]
iteration  4  idg  [1.4723940729665903, 1.497371669629747, 1.4959617502333986, 1.472687166654308, 1.4774023765006468]
iteration  5
iteration  5  icl  [1.5187897612146877, 1.5498996003562306, 1.5478645007743983, 1.5253351102425405, 1.5284049712738774, 1.5532693708231542]
iteration  5  idg  [1.4723940729665903, 1.497371669629747, 1.4959617502333986, 1.472687166654308, 1.4774023765006468, 1.499879164930549]
iteration  6
iteration  6  icl  [1.5187897612146877, 1.5498996003562306, 1.5478645007743983, 1.5253351102425405, 1.5284049712738774, 1.5532693708231542, 1.5502726229992925]
iteration  6  idg  [1.4723940729665903, 1.497371669629747, 1.4959617502333986, 1.472687166654308, 1.4774023765006468, 1.499879164930549, 1.4994801898561412]
iteration  7
iteration  7  icl  [1.5187897612146877, 1.5498996003562306, 1.5478645007743983, 1.5253351102425405, 1.5284049712738774, 1.5532693708231542, 1.5502726229992925, 1.4863096846652628]
iteration  7  idg  [1.4723940729665903, 1.497371669629747, 1.4959617502333986, 1.472687166654308, 1.4774023765006468, 1.499879164930549, 1.4994801898561412, 1.4418108630692394]
iteration  8
iteration  8  icl  [1.5187897612146877, 1.5498996003562306, 1.5478645007743983, 1.5253351102425405, 1.5284049712738774, 1.5532693708231542, 1.5502726229992925, 1.4863096846652628, 1.5410804020723556]
iteration  8  idg  [1.4723940729665903, 1.497371669629747, 1.4959617502333986, 1.472687166654308, 1.4774023765006468, 1.499879164930549, 1.4994801898561412, 1.4418108630692394, 1.4895135231545507]
iteration  9
iteration  9  icl  [1.5187897612146877, 1.5498996003562306, 1.5478645007743983, 1.5253351102425405, 1.5284049712738774, 1.5532693708231542, 1.5502726229992925, 1.4863096846652628, 1.5410804020723556, 1.491916380248968]
iteration  9  idg  [1.4723940729665903, 1.497371669629747, 1.4959617502333986, 1.472687166654308, 1.4774023765006468, 1.499879164930549, 1.4994801898561412, 1.4418108630692394, 1.4895135231545507, 1.4442890174202383]
iteration  0
iteration  0  icl  [1.0759975078041577]
iteration  0  idg  [1.0378139781774565]
iteration  1
iteration  1  icl  [1.0759975078041577, 1.067805774961455]
iteration  1  idg  [1.0378139781774565, 1.029896454319433]
iteration  2
iteration  2  icl  [1.0759975078041577, 1.067805774961455, 1.0901080298373778]
iteration  2  idg  [1.0378139781774565, 1.029896454319433, 1.0502142948107636]
iteration  3
iteration  3  icl  [1.0759975078041577, 1.067805774961455, 1.0901080298373778, 1.0782752832491926]
iteration  3  idg  [1.0378139781774565, 1.029896454319433, 1.0502142948107636, 1.040683446540883]
iteration  4
iteration  4  icl  [1.0759975078041577, 1.067805774961455, 1.0901080298373778, 1.0782752832491926, 1.0691195453451408]
iteration  4  idg  [1.0378139781774565, 1.029896454319433, 1.0502142948107636, 1.040683446540883, 1.0315302010165124]
iteration  5
iteration  5  icl  [1.0759975078041577, 1.067805774961455, 1.0901080298373778, 1.0782752832491926, 1.0691195453451408, 1.0791959200923498]
iteration  5  idg  [1.0378139781774565, 1.029896454319433, 1.0502142948107636, 1.040683446540883, 1.0315302010165124, 1.0410222416046118]
iteration  6
iteration  6  icl  [1.0759975078041577, 1.067805774961455, 1.0901080298373778, 1.0782752832491926, 1.0691195453451408, 1.0791959200923498, 1.0579004993294627]
iteration  6  idg  [1.0378139781774565, 1.029896454319433, 1.0502142948107636, 1.040683446540883, 1.0315302010165124, 1.0410222416046118, 1.0205403234608292]
iteration  7
iteration  7  icl  [1.0759975078041577, 1.067805774961455, 1.0901080298373778, 1.0782752832491926, 1.0691195453451408, 1.0791959200923498, 1.0579004993294627, 1.0869406251597988]
iteration  7  idg  [1.0378139781774565, 1.029896454319433, 1.0502142948107636, 1.040683446540883, 1.0315302010165124, 1.0410222416046118, 1.0205403234608292, 1.0438761315876137]
iteration  8
iteration  8  icl  [1.0759975078041577, 1.067805774961455, 1.0901080298373778, 1.0782752832491926, 1.0691195453451408, 1.0791959200923498, 1.0579004993294627, 1.0869406251597988, 1.07582623398726]
iteration  8  idg  [1.0378139781774565, 1.029896454319433, 1.0502142948107636, 1.040683446540883, 1.0315302010165124, 1.0410222416046118, 1.0205403234608292, 1.0438761315876137, 1.0375616447884475]
iteration  9
iteration  9  icl  [1.0759975078041577, 1.067805774961455, 1.0901080298373778, 1.0782752832491926, 1.0691195453451408, 1.0791959200923498, 1.0579004993294627, 1.0869406251597988, 1.07582623398726, 1.0662927164743796]
iteration  9  idg  [1.0378139781774565, 1.029896454319433, 1.0502142948107636, 1.040683446540883, 1.0315302010165124, 1.0410222416046118, 1.0205403234608292, 1.0438761315876137, 1.0375616447884475, 1.0280266296266445]
iclmean [3.16739152 1.52931424 1.07474621]
iclstd [0.09117474 0.0230105  0.00924524]
idgmean [3.07462659 1.47907898 1.03611653]
idgstd [0.08871974 0.02065187 0.00822581]
