iteration  0
iteration  0  icl  [0.7108420943328779]
iteration  0  idg  [0.655495166239898]
iteration  1
iteration  1  icl  [0.7108420943328779, 0.7279977019677288]
iteration  1  idg  [0.655495166239898, 0.6794474607725536]
iteration  2
iteration  2  icl  [0.7108420943328779, 0.7279977019677288, 0.6836029486917887]
iteration  2  idg  [0.655495166239898, 0.6794474607725536, 0.6384183192725732]
iteration  3
iteration  3  icl  [0.7108420943328779, 0.7279977019677288, 0.6836029486917887, 0.7037481928452145]
iteration  3  idg  [0.655495166239898, 0.6794474607725536, 0.6384183192725732, 0.6462227612837776]
iteration  4
iteration  4  icl  [0.7108420943328779, 0.7279977019677288, 0.6836029486917887, 0.7037481928452145, 0.7160477006758477]
iteration  4  idg  [0.655495166239898, 0.6794474607725536, 0.6384183192725732, 0.6462227612837776, 0.6614211876579781]
iteration  5
iteration  5  icl  [0.7108420943328779, 0.7279977019677288, 0.6836029486917887, 0.7037481928452145, 0.7160477006758477, 0.694132408176773]
iteration  5  idg  [0.655495166239898, 0.6794474607725536, 0.6384183192725732, 0.6462227612837776, 0.6614211876579781, 0.6507334496642061]
iteration  6
iteration  6  icl  [0.7108420943328779, 0.7279977019677288, 0.6836029486917887, 0.7037481928452145, 0.7160477006758477, 0.694132408176773, 0.7076711323771503]
iteration  6  idg  [0.655495166239898, 0.6794474607725536, 0.6384183192725732, 0.6462227612837776, 0.6614211876579781, 0.6507334496642061, 0.6508300184155247]
iteration  7
iteration  7  icl  [0.7108420943328779, 0.7279977019677288, 0.6836029486917887, 0.7037481928452145, 0.7160477006758477, 0.694132408176773, 0.7076711323771503, 0.7791014414163628]
iteration  7  idg  [0.655495166239898, 0.6794474607725536, 0.6384183192725732, 0.6462227612837776, 0.6614211876579781, 0.6507334496642061, 0.6508300184155247, 0.7204313478804081]
iteration  8
iteration  8  icl  [0.7108420943328779, 0.7279977019677288, 0.6836029486917887, 0.7037481928452145, 0.7160477006758477, 0.694132408176773, 0.7076711323771503, 0.7791014414163628, 0.7393686124737049]
iteration  8  idg  [0.655495166239898, 0.6794474607725536, 0.6384183192725732, 0.6462227612837776, 0.6614211876579781, 0.6507334496642061, 0.6508300184155247, 0.7204313478804081, 0.6773529446645892]
iteration  9
iteration  9  icl  [0.7108420943328779, 0.7279977019677288, 0.6836029486917887, 0.7037481928452145, 0.7160477006758477, 0.694132408176773, 0.7076711323771503, 0.7791014414163628, 0.7393686124737049, 0.7249492754752365]
iteration  9  idg  [0.655495166239898, 0.6794474607725536, 0.6384183192725732, 0.6462227612837776, 0.6614211876579781, 0.6507334496642061, 0.6508300184155247, 0.7204313478804081, 0.6773529446645892, 0.6761744050672878]
iteration  0
iteration  0  icl  [0.36048615488371505]
iteration  0  idg  [0.334347188444315]
iteration  1
iteration  1  icl  [0.36048615488371505, 0.35680040142303815]
iteration  1  idg  [0.334347188444315, 0.33456330267462975]
iteration  2
iteration  2  icl  [0.36048615488371505, 0.35680040142303815, 0.36790137704408643]
iteration  2  idg  [0.334347188444315, 0.33456330267462975, 0.34338012282626296]
iteration  3
iteration  3  icl  [0.36048615488371505, 0.35680040142303815, 0.36790137704408643, 0.34429076698054994]
iteration  3  idg  [0.334347188444315, 0.33456330267462975, 0.34338012282626296, 0.32197865313243335]
iteration  4
iteration  4  icl  [0.36048615488371505, 0.35680040142303815, 0.36790137704408643, 0.34429076698054994, 0.3451740226698756]
iteration  4  idg  [0.334347188444315, 0.33456330267462975, 0.34338012282626296, 0.32197865313243335, 0.32240169107183214]
iteration  5
iteration  5  icl  [0.36048615488371505, 0.35680040142303815, 0.36790137704408643, 0.34429076698054994, 0.3451740226698756, 0.33315375386733903]
iteration  5  idg  [0.334347188444315, 0.33456330267462975, 0.34338012282626296, 0.32197865313243335, 0.32240169107183214, 0.31181832028846745]
iteration  6
iteration  6  icl  [0.36048615488371505, 0.35680040142303815, 0.36790137704408643, 0.34429076698054994, 0.3451740226698756, 0.33315375386733903, 0.351059141329253]
iteration  6  idg  [0.334347188444315, 0.33456330267462975, 0.34338012282626296, 0.32197865313243335, 0.32240169107183214, 0.31181832028846745, 0.3296026434030348]
iteration  7
iteration  7  icl  [0.36048615488371505, 0.35680040142303815, 0.36790137704408643, 0.34429076698054994, 0.3451740226698756, 0.33315375386733903, 0.351059141329253, 0.35594202902070293]
iteration  7  idg  [0.334347188444315, 0.33456330267462975, 0.34338012282626296, 0.32197865313243335, 0.32240169107183214, 0.31181832028846745, 0.3296026434030348, 0.33284616371305065]
iteration  8
iteration  8  icl  [0.36048615488371505, 0.35680040142303815, 0.36790137704408643, 0.34429076698054994, 0.3451740226698756, 0.33315375386733903, 0.351059141329253, 0.35594202902070293, 0.34722043814468684]
iteration  8  idg  [0.334347188444315, 0.33456330267462975, 0.34338012282626296, 0.32197865313243335, 0.32240169107183214, 0.31181832028846745, 0.3296026434030348, 0.33284616371305065, 0.3242083881309401]
iteration  9
iteration  9  icl  [0.36048615488371505, 0.35680040142303815, 0.36790137704408643, 0.34429076698054994, 0.3451740226698756, 0.33315375386733903, 0.351059141329253, 0.35594202902070293, 0.34722043814468684, 0.373084252670038]
iteration  9  idg  [0.334347188444315, 0.33456330267462975, 0.34338012282626296, 0.32197865313243335, 0.32240169107183214, 0.31181832028846745, 0.3296026434030348, 0.33284616371305065, 0.3242083881309401, 0.351562763728666]
iteration  0
iteration  0  icl  [0.21572176278544997]
iteration  0  idg  [0.20575147133483496]
iteration  1
iteration  1  icl  [0.21572176278544997, 0.22316413876845576]
iteration  1  idg  [0.20575147133483496, 0.21137241202502932]
iteration  2
iteration  2  icl  [0.21572176278544997, 0.22316413876845576, 0.22341026396026598]
iteration  2  idg  [0.20575147133483496, 0.21137241202502932, 0.21221811356728382]
iteration  3
iteration  3  icl  [0.21572176278544997, 0.22316413876845576, 0.22341026396026598, 0.22297819269622154]
iteration  3  idg  [0.20575147133483496, 0.21137241202502932, 0.21221811356728382, 0.2117469937325569]
iteration  4
iteration  4  icl  [0.21572176278544997, 0.22316413876845576, 0.22341026396026598, 0.22297819269622154, 0.22002036831119853]
iteration  4  idg  [0.20575147133483496, 0.21137241202502932, 0.21221811356728382, 0.2117469937325569, 0.20816741944680994]
iteration  5
iteration  5  icl  [0.21572176278544997, 0.22316413876845576, 0.22341026396026598, 0.22297819269622154, 0.22002036831119853, 0.21799896393411067]
iteration  5  idg  [0.20575147133483496, 0.21137241202502932, 0.21221811356728382, 0.2117469937325569, 0.20816741944680994, 0.20665545280680453]
iteration  6
iteration  6  icl  [0.21572176278544997, 0.22316413876845576, 0.22341026396026598, 0.22297819269622154, 0.22002036831119853, 0.21799896393411067, 0.2190834966789914]
iteration  6  idg  [0.20575147133483496, 0.21137241202502932, 0.21221811356728382, 0.2117469937325569, 0.20816741944680994, 0.20665545280680453, 0.20877294557365578]
iteration  7
iteration  7  icl  [0.21572176278544997, 0.22316413876845576, 0.22341026396026598, 0.22297819269622154, 0.22002036831119853, 0.21799896393411067, 0.2190834966789914, 0.21861089004275414]
iteration  7  idg  [0.20575147133483496, 0.21137241202502932, 0.21221811356728382, 0.2117469937325569, 0.20816741944680994, 0.20665545280680453, 0.20877294557365578, 0.2063443817681132]
iteration  8
iteration  8  icl  [0.21572176278544997, 0.22316413876845576, 0.22341026396026598, 0.22297819269622154, 0.22002036831119853, 0.21799896393411067, 0.2190834966789914, 0.21861089004275414, 0.21717963660397577]
iteration  8  idg  [0.20575147133483496, 0.21137241202502932, 0.21221811356728382, 0.2117469937325569, 0.20816741944680994, 0.20665545280680453, 0.20877294557365578, 0.2063443817681132, 0.20653772320249253]
iteration  9
iteration  9  icl  [0.21572176278544997, 0.22316413876845576, 0.22341026396026598, 0.22297819269622154, 0.22002036831119853, 0.21799896393411067, 0.2190834966789914, 0.21861089004275414, 0.21717963660397577, 0.2181771428751964]
iteration  9  idg  [0.20575147133483496, 0.21137241202502932, 0.21221811356728382, 0.2117469937325569, 0.20816741944680994, 0.20665545280680453, 0.20877294557365578, 0.2063443817681132, 0.20653772320249253, 0.20658953501907673]
iclmean [0.71874615 0.35351123 0.21963449]
iclstd [0.02539754 0.01126985 0.00255988]
idgmean [0.66565271 0.33067092 0.20841564]
idgstd [0.02263009 0.01083352 0.00236296]
