iteration  0
iteration  0  icl  [0.7103547960412355]
iteration  0  idg  [0.6648241936340193]
iteration  1
iteration  1  icl  [0.7103547960412355, 0.7525849082209572]
iteration  1  idg  [0.6648241936340193, 0.6953292472004617]
iteration  2
iteration  2  icl  [0.7103547960412355, 0.7525849082209572, 0.7165157837641285]
iteration  2  idg  [0.6648241936340193, 0.6953292472004617, 0.6635384098864912]
iteration  3
iteration  3  icl  [0.7103547960412355, 0.7525849082209572, 0.7165157837641285, 0.7259724694991181]
iteration  3  idg  [0.6648241936340193, 0.6953292472004617, 0.6635384098864912, 0.6707388656167286]
iteration  4
iteration  4  icl  [0.7103547960412355, 0.7525849082209572, 0.7165157837641285, 0.7259724694991181, 0.739716226949934]
iteration  4  idg  [0.6648241936340193, 0.6953292472004617, 0.6635384098864912, 0.6707388656167286, 0.683009134309033]
iteration  5
iteration  5  icl  [0.7103547960412355, 0.7525849082209572, 0.7165157837641285, 0.7259724694991181, 0.739716226949934, 0.7502450773035783]
iteration  5  idg  [0.6648241936340193, 0.6953292472004617, 0.6635384098864912, 0.6707388656167286, 0.683009134309033, 0.6975279748382337]
iteration  6
iteration  6  icl  [0.7103547960412355, 0.7525849082209572, 0.7165157837641285, 0.7259724694991181, 0.739716226949934, 0.7502450773035783, 0.7319414492072787]
iteration  6  idg  [0.6648241936340193, 0.6953292472004617, 0.6635384098864912, 0.6707388656167286, 0.683009134309033, 0.6975279748382337, 0.6761110458972268]
iteration  7
iteration  7  icl  [0.7103547960412355, 0.7525849082209572, 0.7165157837641285, 0.7259724694991181, 0.739716226949934, 0.7502450773035783, 0.7319414492072787, 0.6996539942961777]
iteration  7  idg  [0.6648241936340193, 0.6953292472004617, 0.6635384098864912, 0.6707388656167286, 0.683009134309033, 0.6975279748382337, 0.6761110458972268, 0.6491484170735629]
iteration  8
iteration  8  icl  [0.7103547960412355, 0.7525849082209572, 0.7165157837641285, 0.7259724694991181, 0.739716226949934, 0.7502450773035783, 0.7319414492072787, 0.6996539942961777, 0.72955248674896]
iteration  8  idg  [0.6648241936340193, 0.6953292472004617, 0.6635384098864912, 0.6707388656167286, 0.683009134309033, 0.6975279748382337, 0.6761110458972268, 0.6491484170735629, 0.6796883102629407]
iteration  9
iteration  9  icl  [0.7103547960412355, 0.7525849082209572, 0.7165157837641285, 0.7259724694991181, 0.739716226949934, 0.7502450773035783, 0.7319414492072787, 0.6996539942961777, 0.72955248674896, 0.6732772146921335]
iteration  9  idg  [0.6648241936340193, 0.6953292472004617, 0.6635384098864912, 0.6707388656167286, 0.683009134309033, 0.6975279748382337, 0.6761110458972268, 0.6491484170735629, 0.6796883102629407, 0.6280709607003452]
iteration  0
iteration  0  icl  [0.3757405633680635]
iteration  0  idg  [0.3492295603632667]
iteration  1
iteration  1  icl  [0.3757405633680635, 0.3560068086063739]
iteration  1  idg  [0.3492295603632667, 0.33206780516834455]
iteration  2
iteration  2  icl  [0.3757405633680635, 0.3560068086063739, 0.3636528896122624]
iteration  2  idg  [0.3492295603632667, 0.33206780516834455, 0.34058955169113814]
iteration  3
iteration  3  icl  [0.3757405633680635, 0.3560068086063739, 0.3636528896122624, 0.34621496531707474]
iteration  3  idg  [0.3492295603632667, 0.33206780516834455, 0.34058955169113814, 0.32442695645175146]
iteration  4
iteration  4  icl  [0.3757405633680635, 0.3560068086063739, 0.3636528896122624, 0.34621496531707474, 0.3485101893724807]
iteration  4  idg  [0.3492295603632667, 0.33206780516834455, 0.34058955169113814, 0.32442695645175146, 0.32786653088636597]
iteration  5
iteration  5  icl  [0.3757405633680635, 0.3560068086063739, 0.3636528896122624, 0.34621496531707474, 0.3485101893724807, 0.355695136070582]
iteration  5  idg  [0.3492295603632667, 0.33206780516834455, 0.34058955169113814, 0.32442695645175146, 0.32786653088636597, 0.333409469275308]
iteration  6
iteration  6  icl  [0.3757405633680635, 0.3560068086063739, 0.3636528896122624, 0.34621496531707474, 0.3485101893724807, 0.355695136070582, 0.369989690651495]
iteration  6  idg  [0.3492295603632667, 0.33206780516834455, 0.34058955169113814, 0.32442695645175146, 0.32786653088636597, 0.333409469275308, 0.34519277795293224]
iteration  7
iteration  7  icl  [0.3757405633680635, 0.3560068086063739, 0.3636528896122624, 0.34621496531707474, 0.3485101893724807, 0.355695136070582, 0.369989690651495, 0.37393084680200817]
iteration  7  idg  [0.3492295603632667, 0.33206780516834455, 0.34058955169113814, 0.32442695645175146, 0.32786653088636597, 0.333409469275308, 0.34519277795293224, 0.34780043913344993]
iteration  8
iteration  8  icl  [0.3757405633680635, 0.3560068086063739, 0.3636528896122624, 0.34621496531707474, 0.3485101893724807, 0.355695136070582, 0.369989690651495, 0.37393084680200817, 0.3543642593422278]
iteration  8  idg  [0.3492295603632667, 0.33206780516834455, 0.34058955169113814, 0.32442695645175146, 0.32786653088636597, 0.333409469275308, 0.34519277795293224, 0.34780043913344993, 0.3319837453637251]
iteration  9
iteration  9  icl  [0.3757405633680635, 0.3560068086063739, 0.3636528896122624, 0.34621496531707474, 0.3485101893724807, 0.355695136070582, 0.369989690651495, 0.37393084680200817, 0.3543642593422278, 0.3582292573746262]
iteration  9  idg  [0.3492295603632667, 0.33206780516834455, 0.34058955169113814, 0.32442695645175146, 0.32786653088636597, 0.333409469275308, 0.34519277795293224, 0.34780043913344993, 0.3319837453637251, 0.3336105511753844]
iteration  0
iteration  0  icl  [0.21514695011507756]
iteration  0  idg  [0.20452534882944629]
iteration  1
iteration  1  icl  [0.21514695011507756, 0.22248758679449954]
iteration  1  idg  [0.20452534882944629, 0.2101539618657382]
iteration  2
iteration  2  icl  [0.21514695011507756, 0.22248758679449954, 0.22552855870875388]
iteration  2  idg  [0.20452534882944629, 0.2101539618657382, 0.21388466347818968]
iteration  3
iteration  3  icl  [0.21514695011507756, 0.22248758679449954, 0.22552855870875388, 0.21703422285983498]
iteration  3  idg  [0.20452534882944629, 0.2101539618657382, 0.21388466347818968, 0.20665947778782345]
iteration  4
iteration  4  icl  [0.21514695011507756, 0.22248758679449954, 0.22552855870875388, 0.21703422285983498, 0.21190994730532808]
iteration  4  idg  [0.20452534882944629, 0.2101539618657382, 0.21388466347818968, 0.20665947778782345, 0.20153754700197357]
iteration  5
iteration  5  icl  [0.21514695011507756, 0.22248758679449954, 0.22552855870875388, 0.21703422285983498, 0.21190994730532808, 0.21759678691087858]
iteration  5  idg  [0.20452534882944629, 0.2101539618657382, 0.21388466347818968, 0.20665947778782345, 0.20153754700197357, 0.20813216840368476]
iteration  6
iteration  6  icl  [0.21514695011507756, 0.22248758679449954, 0.22552855870875388, 0.21703422285983498, 0.21190994730532808, 0.21759678691087858, 0.2183527641789349]
iteration  6  idg  [0.20452534882944629, 0.2101539618657382, 0.21388466347818968, 0.20665947778782345, 0.20153754700197357, 0.20813216840368476, 0.20641095616780158]
iteration  7
iteration  7  icl  [0.21514695011507756, 0.22248758679449954, 0.22552855870875388, 0.21703422285983498, 0.21190994730532808, 0.21759678691087858, 0.2183527641789349, 0.2193712579317142]
iteration  7  idg  [0.20452534882944629, 0.2101539618657382, 0.21388466347818968, 0.20665947778782345, 0.20153754700197357, 0.20813216840368476, 0.20641095616780158, 0.20813147910484786]
iteration  8
iteration  8  icl  [0.21514695011507756, 0.22248758679449954, 0.22552855870875388, 0.21703422285983498, 0.21190994730532808, 0.21759678691087858, 0.2183527641789349, 0.2193712579317142, 0.2230418639308931]
iteration  8  idg  [0.20452534882944629, 0.2101539618657382, 0.21388466347818968, 0.20665947778782345, 0.20153754700197357, 0.20813216840368476, 0.20641095616780158, 0.20813147910484786, 0.21071746388820412]
iteration  9
iteration  9  icl  [0.21514695011507756, 0.22248758679449954, 0.22552855870875388, 0.21703422285983498, 0.21190994730532808, 0.21759678691087858, 0.2183527641789349, 0.2193712579317142, 0.2230418639308931, 0.21751189268891724]
iteration  9  idg  [0.20452534882944629, 0.2101539618657382, 0.21388466347818968, 0.20665947778782345, 0.20153754700197357, 0.20813216840368476, 0.20641095616780158, 0.20813147910484786, 0.21071746388820412, 0.20616171614623569]
iclmean [0.72298144 0.36023346 0.21879818]
iclstd [0.02290862 0.00972545 0.00380045]
idgmean [0.67079866 0.33661774 0.20763148]
idgstd [0.01988806 0.00812483 0.00326907]
